4096
0.015578270724943765
0.015556046730512639
0.014733079027863163
0.015383635901839566
0.015574164210578499
0.016246459814773871
0.015321300224311168
0.01562779860625825
0.015319274156424985
0.015001231554785929
0.015674704665102838
0.015955940290478289
0.015569755644652711
0.015950741152568362
0.015172507000492738
0.01621710344987632
0.015628865563920472
0.016213821799097285
0.014931557952241456
0.015401328515599314
0.015429786400409854
0.015783860343328272
0.016200682928193402
0.015896400248274708
0.016112275874473159
0.015850257444037171
0.015479039385790042
0.015416378035817203
0.015369492160447166
0.015847480015699321
0.015153455527154325
0.01476515897356565
0.015567223194713835
0.015528916517068515
0.015397578594777594
0.015252027607016005
0.015795190320609716
0.015425088856040733
0.015149834092872651
0.015349115007593611
0.015666799049660788
0.015911124233532102
0.015278715545917951
0.015592986575761733
0.015901284785000316
0.014920848975765559
0.015719393321536095
0.014550991500068961
0.016299185937127245
0.015723836033343139
0.015382746572756786
0.015248115517345701
0.015872902348436552
0.016079248697349457
0.015264561936719153
0.016699395400326479
0.015918576664969028
0.015233885440389852
0.014986243328855444
0.014991536512338387
0.015622949179895778
0.015945551653702081
0.016523157251377655
0.015963781178872299
0.015973101249040535
0.01581473672328703
0.014913066963954986
0.01570376443348764
0.015825969647234584
0.015420262285379353
0.014760051546790951
0.015378599875187682
0.01598677058151304
0.015938229086249766
0.0155251269470009
0.016232236597149594
0.015760879701232564
0.015828418521942347
0.016100796343489224
0.01530110104746671
0.015843352250850762
0.015864828692327741
0.016137422182519318
0.015841011686163035
0.01546081828435527
0.015490169881914527
0.015763984279279671
0.015170674956062708
0.016027954657080498
0.016250482284494619
0.015312033314348446
0.014853793197898113
0.016056073287675627
0.015377595213291019
0.015681006092103874
0.015939312096513978
0.015834355859647282
0.0156559730929203
0.015230608629958271
0.015558091398231383
0.015250267991252163
0.015298387273402388
0.015526292988775328
0.015734706366998381
0.015581414280052639
0.016241294542027856
0.015478948764930016
0.015384800184101649
0.015333479334642509
0.015539883472057606
0.015355344715372523
0.016177352518079873
0.015140092136640113
0.01587246785025145
0.015604983479375369
0.015558448308183096
0.016335165112603415
0.015883237133881373
0.015374674532762339
0.016102574688120951
0.015359837625183899
0.015593267803669512
0.015651999716721553
0.015936514642460903
0.01612441064606604
0.014897839939495247
0.016085654171990343
0.015368666027046578
0.014519254408232108
0.015506031744866301
0.015828898370247004
0.016007518560606237
0.015928226706255193
0.015628644673182528
0.015132822639871106
0.015361782387122453
0.015740279459827332
0.015896001115576097
0.014411975649463294
0.015059356589980593
0.015530052301950573
0.015584179888829238
0.015851427941036576
0.015835400229325183
0.015680910628228024
0.015574867614101696
0.015503427904930743
0.016179782893708784
0.016367742804007709
0.016227188772106223
0.015024696300914219
0.015094422138268363
0.015556061532541259
0.01564830987093915
0.015495097637534164
0.01559981360645267
0.015238125685903006
0.015349708947726245
0.015111673934761437
0.015576744223552035
0.015729561558995211
0.016105207268893362
0.015844673998658989
0.015991732348309581
0.016214614446200346
0.014705470173950515
0.015813016400888589
0.015317562411738102
0.015891236640894757
0.015886950451791847
0.015752611930822783
0.015919548190782243
0.015135590976877314
0.015486393098705167
0.015827869828713741
0.016248026298019139
0.014974360626632171
0.016182086663713829
0.014895814922905252
0.015877735327985851
0.015596381762909908
0.01568207456236791
0.015863084713929384
0.01522826672810962
0.015506762989868708
0.015603608440057303
0.015569415543695567
0.015433783044818119
0.015310166444880093
0.01543201490766825
0.016004459788311092
0.015933777591164273
0.016234496226906824
0.015715655412988978
0.015256770971765568
0.015989293397368168
0.015245514708057866
0.015587199864401737
0.015547513325708329
0.015762064411188138
0.015294732522577275
0.015179457601452921
0.016430807394025675
0.015062542142853299
0.015711902094324794
0.015231724961751408
0.015124727196224656
0.014785916246035563
0.015391996597357894
0.015296215044308661
0.015767680801176631
0.015503747075407442
0.016083347608169162
0.015892813939725487
0.015508665402889553
0.015251321886054584
0.01547824228515598
0.016484789750793431
0.015682051912769716
0.015530955324361682
0.015465452377191109
0.016575038027280192
0.014913101630725994
0.015875420007640351
0.01643826021228038
0.016135940200109517
0.016056496299713865
0.016256766305553418
0.015041674781378953
0.014967034506467638
0.015759918256374916
0.015345056940188817
0.016092384400039683
0.016156963254263697
0.015515557841096005
0.014972178324984844
0.016225252240979121
0.016194036213503352
0.016000180854551356
0.015816155612493169
0.016192153322929469
0.015853569630992156
0.014631710011326845
0.015447276033483184
0.015934544069423778
0.015346967978579587
0.015299905769298317
0.015633934930599756
0.015842933706300206
0.016140048516196367
0.015555922316856057
0.015519168880824021
0.015382938638507452
0.015633815897410096
0.015551488000027289
0.015462635297561601
0.015690934497972906
0.015618259080375878
0.016399503567147863
0.015912561315979023
0.015422533133072664
0.015823665012392369
0.015499989086491093
0.015398640033329429
0.014717930263265143
0.016062992805919149
0.015544669073119306
0.015779997118553369
0.01505530287040522
0.015132188197763274
0.01601615794208951
0.015355206151259395
0.015637019697919405
0.015111614609699382
0.015700494931628815
0.015686988285999407
0.01526448728445118
0.015437429243525371
0.015014065462043705
0.015220858960016915
0.015588829107973403
0.016220137088949479
0.015787003799574845
0.015650109564566275
0.014956585658707524
0.015314701377946599
0.015955011372031102
0.015650102925370661
0.015326650305470856
0.01567242316437132
0.015397656619456024
0.01560596250059409
0.0153036166447539
0.016060293063783881
0.015516061274828611
0.015875204672756615
0.015747649804328797
0.015337248951135809
0.015092811781897924
0.015476954431849899
0.015477577633402092
0.015257801007591814
0.015933646358974918
0.015366214824264708
0.014734659823302888
0.015736264894773675
0.015347390127140674
0.015645307586224379
0.015162225267936161
0.015870316510000187
0.015743963611856628
0.016058712378303527
0.015887561095448446
0.015416566937634506
0.015412363898755464
0.015418230442123329
0.015630695477253743
0.015504746721785687
0.015559358420686445
0.015721597624245111
0.015207783083487875
0.015389457399906482
0.015276196290292345
0.015126744246207574
0.015991545648601023
0.015867465592441145
0.016187034543099568
0.015799125573424735
0.01569876352607625
0.015540602934274731
0.015593230116590067
0.015732663892578064
0.0162091869068683
0.015890551981376056
0.015534470157357297
0.015234515392467713
0.015119850396380851
0.014869164761958993
0.015273008817718448
0.015660348927974441
0.015081338263825983
0.015654880776161159
0.015620693853132311
0.015781643851264252
0.015468161792427526
0.015954676821658593
0.015806531812990517
0.015273493490166089
0.014545449813803261
0.01498665229394908
0.015661419165189122
0.015447070695090543
0.016034583040826812
0.01612586662413773
0.015782499811030148
0.014619166817483134
0.015836362398943093
0.015801780155187371
0.015686549393140011
0.015811016925171152
0.015677532680404095
0.016041352708977975
0.015758279527281933
0.01563336442199709
0.015808154069392139
0.015646944613084964
0.016169438015172486
0.016079933765696001
0.015801067419515275
0.015380226503216609
0.015718281376392636
0.015700546097914762
0.015624123168458431
0.015563526688605918
0.014746040247196203
0.015183101595276246
0.015895258102025186
0.015370741535011206
0.015974494338376704
0.016048744047743712
0.015396220186268003
0.015758820607378463
0.015181330975941229
0.01520944988687193
0.015548623343438293
0.015536609240829002
0.016179798968312592
0.015965325096867395
0.015715427413560894
0.015596783961166745
0.015888177892222057
0.016038885087053419
0.015678198612944685
0.015868649978950225
0.015771025046167654
0.016559805647469606
0.015383593139982608
0.016017513041653143
0.015562375176490183
0.014697672027816751
0.015665369218636684
0.015345233545796637
0.016242916851304662
0.015640525570914429
0.015351842287009993
0.014921426306948963
0.01575320800112507
0.015245263792177452
0.015369863169055076
0.01553726104704223
0.01615592756475866
0.015344150066224487
0.015433276157306816
0.015704462307082799
0.01562417839614226
0.015559299980652938
0.016000410353058624
0.014667347391584354
0.015405525726341638
0.014921898709615489
0.014850929996055732
0.015387098973771591
0.01566240304460546
0.01582885443707973
0.015771439995661118
0.015749136996437308
0.01533946185513271
0.016128851640129352
0.015702604298665282
0.01590687809396359
0.015341638629731563
0.0157742767251558
0.015553235183694695
0.015517365254417997
0.01552927449179772
0.016084712640662902
0.015450705116800752
0.015638462503839951
0.015272432926123979
0.015551572647217737
0.016076751101508156
0.015527125750016522
0.015282119311937698
0.015793166722526893
0.015883438091660883
0.016125778782852096
0.015019510226158862
0.015835050295286091
0.015459744995567746
0.015643799897479042
0.015425171757264209
0.014707353273923333
0.016310913895407824
0.014823755716887786
0.015420451516432792
0.016243346824677905
0.016101630164738766
0.015824570752640332
0.015448512147053428
0.015469803856610304
0.015607051002096532
0.015239280766875671
0.016052978678364759
0.015661122906785473
0.016129476810012141
0.015287755565543704
0.014709226221125863
0.016191233577250538
0.015800733638165986
0.015469753650941326
0.01586274659187964
0.015569520596058017
0.016480883818056635
0.015318843173781746
0.015615792148440577
0.014886783859570764
0.015787907642867263
0.01523087290062208
0.015273965936043583
0.015500541915353579
0.015522015792768655
0.015595266628292845
0.015279194248365565
0.015597122847345862
0.015499601943052799
0.016029578077008069
0.016099589346447524
0.016125543895154557
0.016234600160226622
0.015876905467956906
0.015939538484936726
0.015429128439123993
0.015338629343859315
0.015639683879457432
0.016066895810189299
0.01516256473786322
0.015540851118140712
0.016079773814012925
0.015517824197109115
0.016087981361294346
0.015962571479933983
0.015854446795453895
0.015160241876041173
0.015875290633979109
0.016046674964180264
0.015485340325932658
0.01584752842214137
0.015069848784957091
0.016185416587589773
0.015415092965918172
0.015377575287947828
0.0151644291446158
0.015446635141508217
0.015836642094049815
0.016157645622342585
0.015945430161183504
0.016074284423565819
0.015955032001657522
0.01662467519217585
0.015180081567502366
0.015829842908166386
0.015498660476181508
0.015233825145072063
0.01574575562838804
0.0156489215555582
0.015691708253581734
0.01506070521024812
0.015389673327147153
0.015425804635565005
0.016006855309821818
0.015324819249937019
0.015697644456302857
0.01572740883854936
0.016169037366546676
0.015464758881111105
0.015499258361579298
0.01533779524599616
0.015771981431689841
0.015113143157283867
0.015511157878371127
0.015448912302278078
0.01571445571130646
0.015820738430981099
0.015981450230411309
0.016168629778837883
0.01520261571689705
0.015724182918083859
0.015613693950476673
0.014856188730185129
0.015258398499822612
0.016431207048105675
0.015920051545071888
0.015082294521288897
0.01508187014781073
0.015313016237690963
0.014995531972762037
0.015666284098991071
0.016047719749089636
0.015973990642599807
0.015266691754318622
0.015136606456550591
0.015626602376820196
0.015580321867726748
0.015932213846322388
0.015792688275518493
0.015533560642946804
0.015722830500322294
0.015820193097430338
0.016076193215810396
0.015446409759676252
0.015822372666305769
0.016057606478389354
0.01588127295515411
0.015501086049362579
0.015966185494154319
0.015380015526625422
0.015709416460875387
0.015760829562068257
0.015383111787461531
0.016081642739016144
0.015145604938241384
0.015432892052853246
0.015629848683253213
0.015262309728238006
0.015317809588079096
0.015492411586041362
0.014745693862939679
0.016229498168200459
0.016021118031919926
0.015084709144365242
0.015663424385261804
0.015602773814162097
0.016212865739369729
0.015785141630208836
0.015635892165686272
0.015191088270417553
0.015962169722296912
0.015759017009166772
0.015316390562014141
0.014806844681206115
0.015951622862440024
0.016130829228288922
0.016062327141715016
0.016356052626608528
0.015726281621194074
0.015998501317808632
0.015158867126291073
0.01521446712230156
0.015886943048932366
0.01635177892675356
0.015441545540191864
0.014758277535425092
0.014682268250265371
0.015625160706251279
0.016373206495603372
0.015515930587717887
0.015350054204742178
0.01545869262014261
0.015269072235724422
0.015294184193775335
0.01533648211179189
0.01614763910600801
0.015405500646351648
0.015928827255968888
0.015870691612306594
0.015958694739512346
0.015679593135453102
0.01540718257747232
0.015453016386583704
0.015690361110996462
0.015189721916817394
0.016263540445646624
0.015890198391427409
0.014992121938260272
0.016190679688677809
0.014824775917290162
0.015808657229036755
0.016399200785285877
0.015070404007739482
0.015179627544698775
0.015381290755151163
0.016316159901049732
0.015219122458478153
0.015509642811463885
0.015900408324335358
0.015785315625608975
0.015533679133062403
0.015241485883342336
0.015054508684956933
0.015714455989404196
0.015113738900544266
0.016067405394266019
0.01564317868328844
0.015287039153587577
0.016133801507743638
0.015368310501458766
0.016034839305190552
0.015125833173137818
0.01540721058519513
0.015295918347852412
0.015020995556784326
0.015251646395235552
0.015285868875206818
0.016062762525093956
0.015344279391150467
0.015640914352124457
0.015468114133483713
0.015808713089008802
0.015195651652764052
0.015385336484990341
0.015938600053669941
0.01544486031449355
0.015155389304291464
0.01592473253807165
0.015681970871126327
0.015704456141220464
0.015127350656856289
0.015441476692344133
0.015723540841884945
0.015851539761731377
0.01619883430775973
0.015343187320365376
0.015074924766995743
0.015951868459502909
0.015775436286998932
0.014819624052891811
0.015329696295123756
0.015858677142534292
0.015666699998621577
0.016009572724243755
0.015690031301675959
0.015438359642548836
0.016062116930811866
0.015861254626738614
0.015288449967496667
0.016141016414008308
0.016075870131092872
0.01505308809542869
0.016266935606713155
0.015304245129094606
0.015607108105160736
0.015628297652037024
0.01590337869356976
0.016097176997348788
0.01534991290064886
0.015632632128463761
0.016235100775356715
0.015801380732103694
0.015467614968374172
0.015550183461144545
0.0160060212655566
0.015987433109226776
0.015802752515506523
0.015543724545152897
0.016268756645546823
0.014798116794006151
0.016043378947261881
0.015630239011553398
0.015559629055380417
0.01565904060310758
0.015206984921455778
0.014763330176774036
0.015779229440458536
0.015597686218049989
0.015741353472081589
0.015761556412736435
0.015833605522092144
0.016757696055726839
0.016404495875008779
0.015580926384630281
0.015294348081914842
0.016136260242892528
0.015911437311202807
0.015699188644895466
0.015552792788218169
0.015698297223623953
0.016066905642589543
0.015719665114521671
0.015888893953336727
0.01533754175176805
0.016423050929555493
0.015502097283544465
0.016375998930175863
0.015876800111030254
0.015154548252189103
0.014950817295784234
0.016453022794578644
0.015734348869040862
0.015294031855523412
0.015602845250275379
0.015941170956255531
0.014781504640490713
0.015199926532462488
0.015434054015071887
0.015720129523116098
0.016086520015397791
0.015833323565238117
0.016200685974252952
0.015289354552200138
0.015283231843381324
0.016108638727055979
0.016416168936936783
0.01565689086972356
0.014790539541925397
0.015893196365058728
0.015517215597691331
0.015723997110448185
0.015484432002597812
0.015976370472694242
0.015338696322107799
0.01587583129210391
0.015939203199001748
0.01515820185498384
0.015621602214394795
0.015276922844213642
0.015153480614666115
0.015548215609898081
0.015587032084497699
0.015505795475564054
0.015591463141373288
0.01597715624972949
0.016095864499336143
0.015768022051551676
0.01575763889570618
0.015339411433184952
0.014973693784865984
0.016304631090026105
0.01486388064609538
0.015826931660439865
0.014728027098747107
0.015375847303717469
0.015684137129653913
0.015951634971551547
0.015378544743661718
0.014756900998367455
0.015748671642894709
0.015359489389435571
0.015546241788754533
0.015371790513657857
0.015816935209048592
0.016107761522179947
0.015197173832484302
0.015933109894236751
0.015826941348345461
0.015524828633246291
0.015664275204675625
0.015592472038128975
0.016016590164478074
0.016019438335733535
0.015426714369146865
0.016265477902281045
0.01604557594482171
0.01537872996244475
0.015706996201332726
0.015285585871321099
0.015843258894134623
0.015563430009826374
0.015897260245162574
0.016265115749619564
0.016596704239837976
0.01571220739927193
0.016010957429976026
0.015498252230529728
0.015814324162325949
0.015373312619260046
0.015708261161574966
0.015271457816386383
0.016351481340623149
0.01559961414787759
0.015917242306466416
0.015240692865767021
0.015386535867228631
0.015377230669952188
0.0156815962461982
0.014859491376567453
0.015278175966981682
0.014957229449127111
0.014913432800475091
0.015308769976855447
0.016037084817678023
0.014951286432789068
0.015504111226662173
0.015484423210879172
0.015923826479784298
0.015123407875887427
0.014657496805332054
0.015116516192287391
0.015490399338624528
0.01632103121000017
0.015263969473839749
0.015283568110553239
0.016062106454102307
0.016189765337009152
0.014828841743867154
0.016192552771981686
0.015525658192876324
0.016229540275900456
0.015289713070108072
0.016192146068327536
0.015917489345544811
0.01667953847932158
0.01576332397763492
0.015339225030258292
0.015782093939952297
0.016102305502886521
0.016335490944238931
0.016033965705721062
0.015798125818351244
0.016008550403948808
0.015425071893583716
0.015389153278723231
0.015885557561766947
0.015358189020877726
0.016100504214443985
0.016599750771723217
0.015765233344681495
0.015562667891608576
0.015513518943295716
0.015083041194670799
0.015769937206590368
0.015861206168145309
0.015678753929694412
0.015771666661083563
0.015317381114780468
0.015478967411365731
0.015337448448169887
0.015316002086697891
0.015244984456757529
0.015405988942536393
0.01510729553178152
0.016285903540000271
0.015986891345083399
0.016094245707439069
0.015652333942146723
0.01542739328161136
0.015131401223131707
0.015653412257508947
0.015245811430685227
0.015917306726785985
0.015494574508111795
0.01559305363354783
0.015752634839800304
0.015060714904939133
0.015981230000038971
0.015661513839646233
0.015842666836949841
0.015710575704166958
0.015736384058838395
0.015680658798671369
0.015400444081688447
0.015773334856265444
0.016012491715193904
0.015405137116223456
0.014903452290784649
0.015338551061503869
0.01562506775722599
0.016263361541852369
0.014745757336373797
0.015884601212550548
0.015759265594650362
0.01598944188051081
0.016179106508441392
0.014805478296865175
0.015277525730785734
0.015907031143246927
0.015471612461100829
0.015274544175606664
0.015440618832619192
0.016430752302229946
0.015549158616758469
0.015813463780282564
0.01544347102603595
0.015407830619607382
0.015425608934262987
0.015762404133433897
0.015583740074457616
0.015923572036696802
0.015764343342522889
0.015874018441768088
0.015377055122505021
0.015398016882628634
0.016344231126227699
0.016214886681738424
0.016103093607335941
0.015612399782512094
0.015292447410950188
0.015881102437017729
0.015645609476588555
0.015668229044989108
0.015073458820146542
0.015826781556104248
0.015004581833011255
0.014643963113412142
0.015682937971837882
0.015557460628504794
0.016156511296735988
0.015306070494025461
0.015459802557454978
0.015266633587654869
0.01604716578793906
0.015281709681531398
0.015482190456452459
0.015727690545403534
0.015195342510971698
0.015550674191594289
0.015621831937983593
0.015327391816978753
0.016167636399214428
0.015883044653725885
0.01627843214227952
0.015043569344553122
0.01591663902129236
0.014979919010026451
0.014614046649428563
0.015451171672235012
0.015525848061170598
0.015577613615679694
0.016548999666095819
0.015805486379054448
0.015941155467028227
0.016417679873646479
0.015843809462791129
0.015546716593062355
0.016147248382581015
0.015612647161336665
0.015393645146706067
0.01657320851955045
0.015950560718784708
0.015526995609005188
0.015430480426609904
0.015562758356239376
0.015185632359197372
0.015869537847405812
0.015274240585406076
0.015851534988089378
0.015346918790497616
0.015265189856573816
0.015737140360336212
0.016052373359428062
0.015956898836756467
0.014850696278127179
0.016215067207000167
0.015570620285607155
0.015588607665619642
0.015639075409688386
0.01580601584847266
0.015501342749162046
0.01632162507049802
0.016158145266724766
0.015357007790036884
0.015851269514178833
0.015922489022111668
0.016035789419083478
0.01562145350799027
0.015125002252061492
0.015389865517897656
0.0152292206296861
0.015725065100769167
0.01541136395855381
0.015697472301293897
0.015452426862775405
0.01531588754533628
0.015486503530054341
0.015924237125489731
0.015578270724943765
0.015556046730512639
0.014733079027863163
0.015383635901839566
0.015574164210578499
0.016246459814773871
0.015321300224311168
0.01562779860625825
0.015319274156424985
0.015001231554785929
0.015674704665102838
0.015955940290478289
0.015569755644652711
0.015950741152568362
0.015172507000492738
0.01621710344987632
0.015628865563920472
0.016213821799097285
0.014931557952241456
0.015401328515599314
0.015429786400409854
0.015783860343328272
0.016200682928193402
0.015896400248274708
0.016112275874473159
0.015850257444037171
0.015479039385790042
0.015416378035817203
0.015369492160447166
0.015847480015699321
0.015153455527154325
0.01476515897356565
0.015567223194713835
0.015528916517068515
0.015397578594777594
0.015252027607016005
0.015795190320609716
0.015425088856040733
0.015149834092872651
0.015349115007593611
0.015666799049660788
0.015911124233532102
0.015278715545917951
0.015592986575761733
0.015901284785000316
0.014920848975765559
0.015719393321536095
0.014550991500068961
0.016299185937127245
0.015723836033343139
0.015382746572756786
0.015248115517345701
0.015872902348436552
0.016079248697349457
0.015264561936719153
0.016699395400326479
0.015918576664969028
0.015233885440389852
0.014986243328855444
0.014991536512338387
0.015622949179895778
0.015945551653702081
0.016523157251377655
0.015963781178872299
0.015973101249040535
0.01581473672328703
0.014913066963954986
0.01570376443348764
0.015825969647234584
0.015420262285379353
0.014760051546790951
0.015378599875187682
0.01598677058151304
0.015938229086249766
0.0155251269470009
0.016232236597149594
0.015760879701232564
0.015828418521942347
0.016100796343489224
0.01530110104746671
0.015843352250850762
0.015864828692327741
0.016137422182519318
0.015841011686163035
0.01546081828435527
0.015490169881914527
0.015763984279279671
0.015170674956062708
0.016027954657080498
0.016250482284494619
0.015312033314348446
0.014853793197898113
0.016056073287675627
0.015377595213291019
0.015681006092103874
0.015939312096513978
0.015834355859647282
0.0156559730929203
0.015230608629958271
0.015558091398231383
0.015250267991252163
0.015298387273402388
0.015526292988775328
0.015734706366998381
0.015581414280052639
0.016241294542027856
0.015478948764930016
0.015384800184101649
0.015333479334642509
0.015539883472057606
0.015355344715372523
0.016177352518079873
0.015140092136640113
0.01587246785025145
0.015604983479375369
0.015558448308183096
0.016335165112603415
0.015883237133881373
0.015374674532762339
0.016102574688120951
0.015359837625183899
0.015593267803669512
0.015651999716721553
0.015936514642460903
0.01612441064606604
0.014897839939495247
0.016085654171990343
0.015368666027046578
0.014519254408232108
0.015506031744866301
0.015828898370247004
0.016007518560606237
0.015928226706255193
0.015628644673182528
0.015132822639871106
0.015361782387122453
0.015740279459827332
0.015896001115576097
0.014411975649463294
0.015059356589980593
0.015530052301950573
0.015584179888829238
0.015851427941036576
0.015835400229325183
0.015680910628228024
0.015574867614101696
0.015503427904930743
0.016179782893708784
0.016367742804007709
0.016227188772106223
0.015024696300914219
0.015094422138268363
0.015556061532541259
0.01564830987093915
0.015495097637534164
0.01559981360645267
0.015238125685903006
0.015349708947726245
0.015111673934761437
0.015576744223552035
0.015729561558995211
0.016105207268893362
0.015844673998658989
0.015991732348309581
0.016214614446200346
0.014705470173950515
0.015813016400888589
0.015317562411738102
0.015891236640894757
0.015886950451791847
0.015752611930822783
0.015919548190782243
0.015135590976877314
0.015486393098705167
0.015827869828713741
0.016248026298019139
0.014974360626632171
0.016182086663713829
0.014895814922905252
0.015877735327985851
0.015596381762909908
0.01568207456236791
0.015863084713929384
0.01522826672810962
0.015506762989868708
0.015603608440057303
0.015569415543695567
0.015433783044818119
0.015310166444880093
0.01543201490766825
0.016004459788311092
0.015933777591164273
0.016234496226906824
0.015715655412988978
0.015256770971765568
0.015989293397368168
0.015245514708057866
0.015587199864401737
0.015547513325708329
0.015762064411188138
0.015294732522577275
0.015179457601452921
0.016430807394025675
0.015062542142853299
0.015711902094324794
0.015231724961751408
0.015124727196224656
0.014785916246035563
0.015391996597357894
0.015296215044308661
0.015767680801176631
0.015503747075407442
0.016083347608169162
0.015892813939725487
0.015508665402889553
0.015251321886054584
0.01547824228515598
0.016484789750793431
0.015682051912769716
0.015530955324361682
0.015465452377191109
0.016575038027280192
0.014913101630725994
0.015875420007640351
0.01643826021228038
0.016135940200109517
0.016056496299713865
0.016256766305553418
0.015041674781378953
0.014967034506467638
0.015759918256374916
0.015345056940188817
0.016092384400039683
0.016156963254263697
0.015515557841096005
0.014972178324984844
0.016225252240979121
0.016194036213503352
0.016000180854551356
0.015816155612493169
0.016192153322929469
0.015853569630992156
0.014631710011326845
0.015447276033483184
0.015934544069423778
0.015346967978579587
0.015299905769298317
0.015633934930599756
0.015842933706300206
0.016140048516196367
0.015555922316856057
0.015519168880824021
0.015382938638507452
0.015633815897410096
0.015551488000027289
0.015462635297561601
0.015690934497972906
0.015618259080375878
0.016399503567147863
0.015912561315979023
0.015422533133072664
0.015823665012392369
0.015499989086491093
0.015398640033329429
0.014717930263265143
0.016062992805919149
0.015544669073119306
0.015779997118553369
0.01505530287040522
0.015132188197763274
0.01601615794208951
0.015355206151259395
0.015637019697919405
0.015111614609699382
0.015700494931628815
0.015686988285999407
0.01526448728445118
0.015437429243525371
0.015014065462043705
0.015220858960016915
0.015588829107973403
0.016220137088949479
0.015787003799574845
0.015650109564566275
0.014956585658707524
0.015314701377946599
0.015955011372031102
0.015650102925370661
0.015326650305470856
0.01567242316437132
0.015397656619456024
0.01560596250059409
0.0153036166447539
0.016060293063783881
0.015516061274828611
0.015875204672756615
0.015747649804328797
0.015337248951135809
0.015092811781897924
0.015476954431849899
0.015477577633402092
0.015257801007591814
0.015933646358974918
0.015366214824264708
0.014734659823302888
0.015736264894773675
0.015347390127140674
0.015645307586224379
0.015162225267936161
0.015870316510000187
0.015743963611856628
0.016058712378303527
0.015887561095448446
0.015416566937634506
0.015412363898755464
0.015418230442123329
0.015630695477253743
0.015504746721785687
0.015559358420686445
0.015721597624245111
0.015207783083487875
0.015389457399906482
0.015276196290292345
0.015126744246207574
0.015991545648601023
0.015867465592441145
0.016187034543099568
0.015799125573424735
0.01569876352607625
0.015540602934274731
0.015593230116590067
0.015732663892578064
0.0162091869068683
0.015890551981376056
0.015534470157357297
0.015234515392467713
0.015119850396380851
0.014869164761958993
0.015273008817718448
0.015660348927974441
0.015081338263825983
0.015654880776161159
0.015620693853132311
0.015781643851264252
0.015468161792427526
0.015954676821658593
0.015806531812990517
0.015273493490166089
0.014545449813803261
0.01498665229394908
0.015661419165189122
0.015447070695090543
0.016034583040826812
0.01612586662413773
0.015782499811030148
0.014619166817483134
0.015836362398943093
0.015801780155187371
0.015686549393140011
0.015811016925171152
0.015677532680404095
0.016041352708977975
0.015758279527281933
0.01563336442199709
0.015808154069392139
0.015646944613084964
0.016169438015172486
0.016079933765696001
0.015801067419515275
0.015380226503216609
0.015718281376392636
0.015700546097914762
0.015624123168458431
0.015563526688605918
0.014746040247196203
0.015183101595276246
0.015895258102025186
0.015370741535011206
0.015974494338376704
0.016048744047743712
0.015396220186268003
0.015758820607378463
0.015181330975941229
0.01520944988687193
0.015548623343438293
0.015536609240829002
0.016179798968312592
0.015965325096867395
0.015715427413560894
0.015596783961166745
0.015888177892222057
0.016038885087053419
0.015678198612944685
0.015868649978950225
0.015771025046167654
0.016559805647469606
0.015383593139982608
0.016017513041653143
0.015562375176490183
0.014697672027816751
0.015665369218636684
0.015345233545796637
0.016242916851304662
0.015640525570914429
0.015351842287009993
0.014921426306948963
0.01575320800112507
0.015245263792177452
0.015369863169055076
0.01553726104704223
0.01615592756475866
0.015344150066224487
0.015433276157306816
0.015704462307082799
0.01562417839614226
0.015559299980652938
0.016000410353058624
0.014667347391584354
0.015405525726341638
0.014921898709615489
0.014850929996055732
0.015387098973771591
0.01566240304460546
0.01582885443707973
0.015771439995661118
0.015749136996437308
0.01533946185513271
0.016128851640129352
0.015702604298665282
0.01590687809396359
0.015341638629731563
0.0157742767251558
0.015553235183694695
0.015517365254417997
0.01552927449179772
0.016084712640662902
0.015450705116800752
0.015638462503839951
0.015272432926123979
0.015551572647217737
0.016076751101508156
0.015527125750016522
0.015282119311937698
0.015793166722526893
0.015883438091660883
0.016125778782852096
0.015019510226158862
0.015835050295286091
0.015459744995567746
0.015643799897479042
0.015425171757264209
0.014707353273923333
0.016310913895407824
0.014823755716887786
0.015420451516432792
0.016243346824677905
0.016101630164738766
0.015824570752640332
0.015448512147053428
0.015469803856610304
0.015607051002096532
0.015239280766875671
0.016052978678364759
0.015661122906785473
0.016129476810012141
0.015287755565543704
0.014709226221125863
0.016191233577250538
0.015800733638165986
0.015469753650941326
0.01586274659187964
0.015569520596058017
0.016480883818056635
0.015318843173781746
0.015615792148440577
0.014886783859570764
0.015787907642867263
0.01523087290062208
0.015273965936043583
0.015500541915353579
0.015522015792768655
0.015595266628292845
0.015279194248365565
0.015597122847345862
0.015499601943052799
0.016029578077008069
0.016099589346447524
0.016125543895154557
0.016234600160226622
0.015876905467956906
0.015939538484936726
0.015429128439123993
0.015338629343859315
0.015639683879457432
0.016066895810189299
0.01516256473786322
0.015540851118140712
0.016079773814012925
0.015517824197109115
0.016087981361294346
0.015962571479933983
0.015854446795453895
0.015160241876041173
0.015875290633979109
0.016046674964180264
0.015485340325932658
0.01584752842214137
0.015069848784957091
0.016185416587589773
0.015415092965918172
0.015377575287947828
0.0151644291446158
0.015446635141508217
0.015836642094049815
0.016157645622342585
0.015945430161183504
0.016074284423565819
0.015955032001657522
0.01662467519217585
0.015180081567502366
0.015829842908166386
0.015498660476181508
0.015233825145072063
0.01574575562838804
0.0156489215555582
0.015691708253581734
0.01506070521024812
0.015389673327147153
0.015425804635565005
0.016006855309821818
0.015324819249937019
0.015697644456302857
0.01572740883854936
0.016169037366546676
0.015464758881111105
0.015499258361579298
0.01533779524599616
0.015771981431689841
0.015113143157283867
0.015511157878371127
0.015448912302278078
0.01571445571130646
0.015820738430981099
0.015981450230411309
0.016168629778837883
0.01520261571689705
0.015724182918083859
0.015613693950476673
0.014856188730185129
0.015258398499822612
0.016431207048105675
0.015920051545071888
0.015082294521288897
0.01508187014781073
0.015313016237690963
0.014995531972762037
0.015666284098991071
0.016047719749089636
0.015973990642599807
0.015266691754318622
0.015136606456550591
0.015626602376820196
0.015580321867726748
0.015932213846322388
0.015792688275518493
0.015533560642946804
0.015722830500322294
0.015820193097430338
0.016076193215810396
0.015446409759676252
0.015822372666305769
0.016057606478389354
0.01588127295515411
0.015501086049362579
0.015966185494154319
0.015380015526625422
0.015709416460875387
0.015760829562068257
0.015383111787461531
0.016081642739016144
0.015145604938241384
0.015432892052853246
0.015629848683253213
0.015262309728238006
0.015317809588079096
0.015492411586041362
0.014745693862939679
0.016229498168200459
0.016021118031919926
0.015084709144365242
0.015663424385261804
0.015602773814162097
0.016212865739369729
0.015785141630208836
0.015635892165686272
0.015191088270417553
0.015962169722296912
0.015759017009166772
0.015316390562014141
0.014806844681206115
0.015951622862440024
0.016130829228288922
0.016062327141715016
0.016356052626608528
0.015726281621194074
0.015998501317808632
0.015158867126291073
0.01521446712230156
0.015886943048932366
0.01635177892675356
0.015441545540191864
0.014758277535425092
0.014682268250265371
0.015625160706251279
0.016373206495603372
0.015515930587717887
0.015350054204742178
0.01545869262014261
0.015269072235724422
0.015294184193775335
0.01533648211179189
0.01614763910600801
0.015405500646351648
0.015928827255968888
0.015870691612306594
0.015958694739512346
0.015679593135453102
0.01540718257747232
0.015453016386583704
0.015690361110996462
0.015189721916817394
0.016263540445646624
0.015890198391427409
0.014992121938260272
0.016190679688677809
0.014824775917290162
0.015808657229036755
0.016399200785285877
0.015070404007739482
0.015179627544698775
0.015381290755151163
0.016316159901049732
0.015219122458478153
0.015509642811463885
0.015900408324335358
0.015785315625608975
0.015533679133062403
0.015241485883342336
0.015054508684956933
0.015714455989404196
0.015113738900544266
0.016067405394266019
0.01564317868328844
0.015287039153587577
0.016133801507743638
0.015368310501458766
0.016034839305190552
0.015125833173137818
0.01540721058519513
0.015295918347852412
0.015020995556784326
0.015251646395235552
0.015285868875206818
0.016062762525093956
0.015344279391150467
0.015640914352124457
0.015468114133483713
0.015808713089008802
0.015195651652764052
0.015385336484990341
0.015938600053669941
0.01544486031449355
0.015155389304291464
0.01592473253807165
0.015681970871126327
0.015704456141220464
0.015127350656856289
0.015441476692344133
0.015723540841884945
0.015851539761731377
0.01619883430775973
0.015343187320365376
0.015074924766995743
0.015951868459502909
0.015775436286998932
0.014819624052891811
0.015329696295123756
0.015858677142534292
0.015666699998621577
0.016009572724243755
0.015690031301675959
0.015438359642548836
0.016062116930811866
0.015861254626738614
0.015288449967496667
0.016141016414008308
0.016075870131092872
0.01505308809542869
0.016266935606713155
0.015304245129094606
0.015607108105160736
0.015628297652037024
0.01590337869356976
0.016097176997348788
0.01534991290064886
0.015632632128463761
0.016235100775356715
0.015801380732103694
0.015467614968374172
0.015550183461144545
0.0160060212655566
0.015987433109226776
0.015802752515506523
0.015543724545152897
0.016268756645546823
0.014798116794006151
0.016043378947261881
0.015630239011553398
0.015559629055380417
0.01565904060310758
0.015206984921455778
0.014763330176774036
0.015779229440458536
0.015597686218049989
0.015741353472081589
0.015761556412736435
0.015833605522092144
0.016757696055726839
0.016404495875008779
0.015580926384630281
0.015294348081914842
0.016136260242892528
0.015911437311202807
0.015699188644895466
0.015552792788218169
0.015698297223623953
0.016066905642589543
0.015719665114521671
0.015888893953336727
0.01533754175176805
0.016423050929555493
0.015502097283544465
0.016375998930175863
0.015876800111030254
0.015154548252189103
0.014950817295784234
0.016453022794578644
0.015734348869040862
0.015294031855523412
0.015602845250275379
0.015941170956255531
0.014781504640490713
0.015199926532462488
0.015434054015071887
0.015720129523116098
0.016086520015397791
0.015833323565238117
0.016200685974252952
0.015289354552200138
0.015283231843381324
0.016108638727055979
0.016416168936936783
0.01565689086972356
0.014790539541925397
0.015893196365058728
0.015517215597691331
0.015723997110448185
0.015484432002597812
0.015976370472694242
0.015338696322107799
0.01587583129210391
0.015939203199001748
0.01515820185498384
0.015621602214394795
0.015276922844213642
0.015153480614666115
0.015548215609898081
0.015587032084497699
0.015505795475564054
0.015591463141373288
0.01597715624972949
0.016095864499336143
0.015768022051551676
0.01575763889570618
0.015339411433184952
0.014973693784865984
0.016304631090026105
0.01486388064609538
0.015826931660439865
0.014728027098747107
0.015375847303717469
0.015684137129653913
0.015951634971551547
0.015378544743661718
0.014756900998367455
0.015748671642894709
0.015359489389435571
0.015546241788754533
0.015371790513657857
0.015816935209048592
0.016107761522179947
0.015197173832484302
0.015933109894236751
0.015826941348345461
0.015524828633246291
0.015664275204675625
0.015592472038128975
0.016016590164478074
0.016019438335733535
0.015426714369146865
0.016265477902281045
0.01604557594482171
0.01537872996244475
0.015706996201332726
0.015285585871321099
0.015843258894134623
0.015563430009826374
0.015897260245162574
0.016265115749619564
0.016596704239837976
0.01571220739927193
0.016010957429976026
0.015498252230529728
0.015814324162325949
0.015373312619260046
0.015708261161574966
0.015271457816386383
0.016351481340623149
0.01559961414787759
0.015917242306466416
0.015240692865767021
0.015386535867228631
0.015377230669952188
0.0156815962461982
0.014859491376567453
0.015278175966981682
0.014957229449127111
0.014913432800475091
0.015308769976855447
0.016037084817678023
0.014951286432789068
0.015504111226662173
0.015484423210879172
0.015923826479784298
0.015123407875887427
0.014657496805332054
0.015116516192287391
0.015490399338624528
0.01632103121000017
0.015263969473839749
0.015283568110553239
0.016062106454102307
0.016189765337009152
0.014828841743867154
0.016192552771981686
0.015525658192876324
0.016229540275900456
0.015289713070108072
0.016192146068327536
0.015917489345544811
0.01667953847932158
0.01576332397763492
0.015339225030258292
0.015782093939952297
0.016102305502886521
0.016335490944238931
0.016033965705721062
0.015798125818351244
0.016008550403948808
0.015425071893583716
0.015389153278723231
0.015885557561766947
0.015358189020877726
0.016100504214443985
0.016599750771723217
0.015765233344681495
0.015562667891608576
0.015513518943295716
0.015083041194670799
0.015769937206590368
0.015861206168145309
0.015678753929694412
0.015771666661083563
0.015317381114780468
0.015478967411365731
0.015337448448169887
0.015316002086697891
0.015244984456757529
0.015405988942536393
0.01510729553178152
0.016285903540000271
0.015986891345083399
0.016094245707439069
0.015652333942146723
0.01542739328161136
0.015131401223131707
0.015653412257508947
0.015245811430685227
0.015917306726785985
0.015494574508111795
0.01559305363354783
0.015752634839800304
0.015060714904939133
0.015981230000038971
0.015661513839646233
0.015842666836949841
0.015710575704166958
0.015736384058838395
0.015680658798671369
0.015400444081688447
0.015773334856265444
0.016012491715193904
0.015405137116223456
0.014903452290784649
0.015338551061503869
0.01562506775722599
0.016263361541852369
0.014745757336373797
0.015884601212550548
0.015759265594650362
0.01598944188051081
0.016179106508441392
0.014805478296865175
0.015277525730785734
0.015907031143246927
0.015471612461100829
0.015274544175606664
0.015440618832619192
0.016430752302229946
0.015549158616758469
0.015813463780282564
0.01544347102603595
0.015407830619607382
0.015425608934262987
0.015762404133433897
0.015583740074457616
0.015923572036696802
0.015764343342522889
0.015874018441768088
0.015377055122505021
0.015398016882628634
0.016344231126227699
0.016214886681738424
0.016103093607335941
0.015612399782512094
0.015292447410950188
0.015881102437017729
0.015645609476588555
0.015668229044989108
0.015073458820146542
0.015826781556104248
0.015004581833011255
0.014643963113412142
0.015682937971837882
0.015557460628504794
0.016156511296735988
0.015306070494025461
0.015459802557454978
0.015266633587654869
0.01604716578793906
0.015281709681531398
0.015482190456452459
0.015727690545403534
0.015195342510971698
0.015550674191594289
0.015621831937983593
0.015327391816978753
0.016167636399214428
0.015883044653725885
0.01627843214227952
0.015043569344553122
0.01591663902129236
0.014979919010026451
0.014614046649428563
0.015451171672235012
0.015525848061170598
0.015577613615679694
0.016548999666095819
0.015805486379054448
0.015941155467028227
0.016417679873646479
0.015843809462791129
0.015546716593062355
0.016147248382581015
0.015612647161336665
0.015393645146706067
0.01657320851955045
0.015950560718784708
0.015526995609005188
0.015430480426609904
0.015562758356239376
0.015185632359197372
0.015869537847405812
0.015274240585406076
0.015851534988089378
0.015346918790497616
0.015265189856573816
0.015737140360336212
0.016052373359428062
0.015956898836756467
0.014850696278127179
0.016215067207000167
0.015570620285607155
0.015588607665619642
0.015639075409688386
0.01580601584847266
0.015501342749162046
0.01632162507049802
0.016158145266724766
0.015357007790036884
0.015851269514178833
0.015922489022111668
0.016035789419083478
0.01562145350799027
0.015125002252061492
0.015389865517897656
0.0152292206296861
0.015725065100769167
0.01541136395855381
0.015697472301293897
0.015452426862775405
0.01531588754533628
0.015486503530054341
0.015924237125489731
0.015578270724943765
0.015556046730512639
0.014733079027863163
0.015383635901839566
0.015574164210578499
0.016246459814773871
0.015321300224311168
0.01562779860625825
0.015319274156424985
0.015001231554785929
0.015674704665102838
0.015955940290478289
0.015569755644652711
0.015950741152568362
0.015172507000492738
0.01621710344987632
0.015628865563920472
0.016213821799097285
0.014931557952241456
0.015401328515599314
0.015429786400409854
0.015783860343328272
0.016200682928193402
0.015896400248274708
0.016112275874473159
0.015850257444037171
0.015479039385790042
0.015416378035817203
0.015369492160447166
0.015847480015699321
0.015153455527154325
0.01476515897356565
0.015567223194713835
0.015528916517068515
0.015397578594777594
0.015252027607016005
0.015795190320609716
0.015425088856040733
0.015149834092872651
0.015349115007593611
0.015666799049660788
0.015911124233532102
0.015278715545917951
0.015592986575761733
0.015901284785000316
0.014920848975765559
0.015719393321536095
0.014550991500068961
0.016299185937127245
0.015723836033343139
0.015382746572756786
0.015248115517345701
0.015872902348436552
0.016079248697349457
0.015264561936719153
0.016699395400326479
0.015918576664969028
0.015233885440389852
0.014986243328855444
0.014991536512338387
0.015622949179895778
0.015945551653702081
0.016523157251377655
0.015963781178872299
0.015973101249040535
0.01581473672328703
0.014913066963954986
0.01570376443348764
0.015825969647234584
0.015420262285379353
0.014760051546790951
0.015378599875187682
0.01598677058151304
0.015938229086249766
0.0155251269470009
0.016232236597149594
0.015760879701232564
0.015828418521942347
0.016100796343489224
0.01530110104746671
0.015843352250850762
0.015864828692327741
0.016137422182519318
0.015841011686163035
0.01546081828435527
0.015490169881914527
0.015763984279279671
0.015170674956062708
0.016027954657080498
0.016250482284494619
0.015312033314348446
0.014853793197898113
0.016056073287675627
0.015377595213291019
0.015681006092103874
0.015939312096513978
0.015834355859647282
0.0156559730929203
0.015230608629958271
0.015558091398231383
0.015250267991252163
0.015298387273402388
0.015526292988775328
0.015734706366998381
0.015581414280052639
0.016241294542027856
0.015478948764930016
0.015384800184101649
0.015333479334642509
0.015539883472057606
0.015355344715372523
0.016177352518079873
0.015140092136640113
0.01587246785025145
0.015604983479375369
0.015558448308183096
0.016335165112603415
0.015883237133881373
0.015374674532762339
0.016102574688120951
0.015359837625183899
0.015593267803669512
0.015651999716721553
0.015936514642460903
0.01612441064606604
0.014897839939495247
0.016085654171990343
0.015368666027046578
0.014519254408232108
0.015506031744866301
0.015828898370247004
0.016007518560606237
0.015928226706255193
0.015628644673182528
0.015132822639871106
0.015361782387122453
0.015740279459827332
0.015896001115576097
0.014411975649463294
0.015059356589980593
0.015530052301950573
0.015584179888829238
0.015851427941036576
0.015835400229325183
0.015680910628228024
0.015574867614101696
0.015503427904930743
0.016179782893708784
0.016367742804007709
0.016227188772106223
0.015024696300914219
0.015094422138268363
0.015556061532541259
0.01564830987093915
0.015495097637534164
0.01559981360645267
0.015238125685903006
0.015349708947726245
0.015111673934761437
0.015576744223552035
0.015729561558995211
0.016105207268893362
0.015844673998658989
0.015991732348309581
0.016214614446200346
0.014705470173950515
0.015813016400888589
0.015317562411738102
0.015891236640894757
0.015886950451791847
0.015752611930822783
0.015919548190782243
0.015135590976877314
0.015486393098705167
0.015827869828713741
0.016248026298019139
0.014974360626632171
0.016182086663713829
0.014895814922905252
0.015877735327985851
0.015596381762909908
0.01568207456236791
0.015863084713929384
0.01522826672810962
0.015506762989868708
0.015603608440057303
0.015569415543695567
0.015433783044818119
0.015310166444880093
0.01543201490766825
0.016004459788311092
0.015933777591164273
0.016234496226906824
0.015715655412988978
0.015256770971765568
0.015989293397368168
0.015245514708057866
0.015587199864401737
0.015547513325708329
0.015762064411188138
0.015294732522577275
0.015179457601452921
0.016430807394025675
0.015062542142853299
0.015711902094324794
0.015231724961751408
0.015124727196224656
0.014785916246035563
0.015391996597357894
0.015296215044308661
0.015767680801176631
0.015503747075407442
0.016083347608169162
0.015892813939725487
0.015508665402889553
0.015251321886054584
0.01547824228515598
0.016484789750793431
0.015682051912769716
0.015530955324361682
0.015465452377191109
0.016575038027280192
0.014913101630725994
0.015875420007640351
0.01643826021228038
0.016135940200109517
0.016056496299713865
0.016256766305553418
0.015041674781378953
0.014967034506467638
0.015759918256374916
0.015345056940188817
0.016092384400039683
0.016156963254263697
0.015515557841096005
0.014972178324984844
0.016225252240979121
0.016194036213503352
0.016000180854551356
0.015816155612493169
0.016192153322929469
0.015853569630992156
0.014631710011326845
0.015447276033483184
0.015934544069423778
0.015346967978579587
0.015299905769298317
0.015633934930599756
0.015842933706300206
0.016140048516196367
0.015555922316856057
0.015519168880824021
0.015382938638507452
0.015633815897410096
0.015551488000027289
0.015462635297561601
0.015690934497972906
0.015618259080375878
0.016399503567147863
0.015912561315979023
0.015422533133072664
0.015823665012392369
0.015499989086491093
0.015398640033329429
0.014717930263265143
0.016062992805919149
0.015544669073119306
0.015779997118553369
0.01505530287040522
0.015132188197763274
0.01601615794208951
0.015355206151259395
0.015637019697919405
0.015111614609699382
0.015700494931628815
0.015686988285999407
0.01526448728445118
0.015437429243525371
0.015014065462043705
0.015220858960016915
0.015588829107973403
0.016220137088949479
0.015787003799574845
0.015650109564566275
0.014956585658707524
0.015314701377946599
0.015955011372031102
0.015650102925370661
0.015326650305470856
0.01567242316437132
0.015397656619456024
0.01560596250059409
0.0153036166447539
0.016060293063783881
0.015516061274828611
0.015875204672756615
0.015747649804328797
0.015337248951135809
0.015092811781897924
0.015476954431849899
0.015477577633402092
0.015257801007591814
0.015933646358974918
0.015366214824264708
0.014734659823302888
0.015736264894773675
0.015347390127140674
0.015645307586224379
0.015162225267936161
0.015870316510000187
0.015743963611856628
0.016058712378303527
0.015887561095448446
0.015416566937634506
0.015412363898755464
0.015418230442123329
0.015630695477253743
0.015504746721785687
0.015559358420686445
0.015721597624245111
0.015207783083487875
0.015389457399906482
0.015276196290292345
0.015126744246207574
0.015991545648601023
0.015867465592441145
0.016187034543099568
0.015799125573424735
0.01569876352607625
0.015540602934274731
0.015593230116590067
0.015732663892578064
0.0162091869068683
0.015890551981376056
0.015534470157357297
0.015234515392467713
0.015119850396380851
0.014869164761958993
0.015273008817718448
0.015660348927974441
0.015081338263825983
0.015654880776161159
0.015620693853132311
0.015781643851264252
0.015468161792427526
0.015954676821658593
0.015806531812990517
0.015273493490166089
0.014545449813803261
0.01498665229394908
0.015661419165189122
0.015447070695090543
0.016034583040826812
0.01612586662413773
0.015782499811030148
0.014619166817483134
0.015836362398943093
0.015801780155187371
0.015686549393140011
0.015811016925171152
0.015677532680404095
0.016041352708977975
0.015758279527281933
0.01563336442199709
0.015808154069392139
0.015646944613084964
0.016169438015172486
0.016079933765696001
0.015801067419515275
0.015380226503216609
0.015718281376392636
0.015700546097914762
0.015624123168458431
0.015563526688605918
0.014746040247196203
0.015183101595276246
0.015895258102025186
0.015370741535011206
0.015974494338376704
0.016048744047743712
0.015396220186268003
0.015758820607378463
0.015181330975941229
0.01520944988687193
0.015548623343438293
0.015536609240829002
0.016179798968312592
0.015965325096867395
0.015715427413560894
0.015596783961166745
0.015888177892222057
0.016038885087053419
0.015678198612944685
0.015868649978950225
0.015771025046167654
0.016559805647469606
0.015383593139982608
0.016017513041653143
0.015562375176490183
0.014697672027816751
0.015665369218636684
0.015345233545796637
0.016242916851304662
0.015640525570914429
0.015351842287009993
0.014921426306948963
0.01575320800112507
0.015245263792177452
0.015369863169055076
0.01553726104704223
0.01615592756475866
0.015344150066224487
0.015433276157306816
0.015704462307082799
0.01562417839614226
0.015559299980652938
0.016000410353058624
0.014667347391584354
0.015405525726341638
0.014921898709615489
0.014850929996055732
0.015387098973771591
0.01566240304460546
0.01582885443707973
0.015771439995661118
0.015749136996437308
0.01533946185513271
0.016128851640129352
0.015702604298665282
0.01590687809396359
0.015341638629731563
0.0157742767251558
0.015553235183694695
0.015517365254417997
0.01552927449179772
0.016084712640662902
0.015450705116800752
0.015638462503839951
0.015272432926123979
0.015551572647217737
0.016076751101508156
0.015527125750016522
0.015282119311937698
0.015793166722526893
0.015883438091660883
0.016125778782852096
0.015019510226158862
0.015835050295286091
0.015459744995567746
0.015643799897479042
0.015425171757264209
0.014707353273923333
0.016310913895407824
0.014823755716887786
0.015420451516432792
0.016243346824677905
0.016101630164738766
0.015824570752640332
0.015448512147053428
0.015469803856610304
0.015607051002096532
0.015239280766875671
0.016052978678364759
0.015661122906785473
0.016129476810012141
0.015287755565543704
0.014709226221125863
0.016191233577250538
0.015800733638165986
0.015469753650941326
0.01586274659187964
0.015569520596058017
0.016480883818056635
0.015318843173781746
0.015615792148440577
0.014886783859570764
0.015787907642867263
0.01523087290062208
0.015273965936043583
0.015500541915353579
0.015522015792768655
0.015595266628292845
0.015279194248365565
0.015597122847345862
0.015499601943052799
0.016029578077008069
0.016099589346447524
0.016125543895154557
0.016234600160226622
0.015876905467956906
0.015939538484936726
0.015429128439123993
0.015338629343859315
0.015639683879457432
0.016066895810189299
0.01516256473786322
0.015540851118140712
0.016079773814012925
0.015517824197109115
0.016087981361294346
0.015962571479933983
0.015854446795453895
0.015160241876041173
0.015875290633979109
0.016046674964180264
0.015485340325932658
0.01584752842214137
0.015069848784957091
0.016185416587589773
0.015415092965918172
0.015377575287947828
0.0151644291446158
0.015446635141508217
0.015836642094049815
0.016157645622342585
0.015945430161183504
0.016074284423565819
0.015955032001657522
0.01662467519217585
0.015180081567502366
0.015829842908166386
0.015498660476181508
0.015233825145072063
0.01574575562838804
0.0156489215555582
0.015691708253581734
0.01506070521024812
0.015389673327147153
0.015425804635565005
0.016006855309821818
0.015324819249937019
0.015697644456302857
0.01572740883854936
0.016169037366546676
0.015464758881111105
0.015499258361579298
0.01533779524599616
0.015771981431689841
0.015113143157283867
0.015511157878371127
0.015448912302278078
0.01571445571130646
0.015820738430981099
0.015981450230411309
0.016168629778837883
0.01520261571689705
0.015724182918083859
0.015613693950476673
0.014856188730185129
0.015258398499822612
0.016431207048105675
0.015920051545071888
0.015082294521288897
0.01508187014781073
0.015313016237690963
0.014995531972762037
0.015666284098991071
0.016047719749089636
0.015973990642599807
0.015266691754318622
0.015136606456550591
0.015626602376820196
0.015580321867726748
0.015932213846322388
0.015792688275518493
0.015533560642946804
0.015722830500322294
0.015820193097430338
0.016076193215810396
0.015446409759676252
0.015822372666305769
0.016057606478389354
0.01588127295515411
0.015501086049362579
0.015966185494154319
0.015380015526625422
0.015709416460875387
0.015760829562068257
0.015383111787461531
0.016081642739016144
0.015145604938241384
0.015432892052853246
0.015629848683253213
0.015262309728238006
0.015317809588079096
0.015492411586041362
0.014745693862939679
0.016229498168200459
0.016021118031919926
0.015084709144365242
0.015663424385261804
0.015602773814162097
0.016212865739369729
0.015785141630208836
0.015635892165686272
0.015191088270417553
0.015962169722296912
0.015759017009166772
0.015316390562014141
0.014806844681206115
0.015951622862440024
0.016130829228288922
0.016062327141715016
0.016356052626608528
0.015726281621194074
0.015998501317808632
0.015158867126291073
0.01521446712230156
0.015886943048932366
0.01635177892675356
0.015441545540191864
0.014758277535425092
0.014682268250265371
0.015625160706251279
0.016373206495603372
0.015515930587717887
0.015350054204742178
0.01545869262014261
0.015269072235724422
0.015294184193775335
0.01533648211179189
0.01614763910600801
0.015405500646351648
0.015928827255968888
0.015870691612306594
0.015958694739512346
0.015679593135453102
0.01540718257747232
0.015453016386583704
0.015690361110996462
0.015189721916817394
0.016263540445646624
0.015890198391427409
0.014992121938260272
0.016190679688677809
0.014824775917290162
0.015808657229036755
0.016399200785285877
0.015070404007739482
0.015179627544698775
0.015381290755151163
0.016316159901049732
0.015219122458478153
0.015509642811463885
0.015900408324335358
0.015785315625608975
0.015533679133062403
0.015241485883342336
0.015054508684956933
0.015714455989404196
0.015113738900544266
0.016067405394266019
0.01564317868328844
0.015287039153587577
0.016133801507743638
0.015368310501458766
0.016034839305190552
0.015125833173137818
0.01540721058519513
0.015295918347852412
0.015020995556784326
0.015251646395235552
0.015285868875206818
0.016062762525093956
0.015344279391150467
0.015640914352124457
0.015468114133483713
0.015808713089008802
0.015195651652764052
0.015385336484990341
0.015938600053669941
0.01544486031449355
0.015155389304291464
0.01592473253807165
0.015681970871126327
0.015704456141220464
0.015127350656856289
0.015441476692344133
0.015723540841884945
0.015851539761731377
0.01619883430775973
0.015343187320365376
0.015074924766995743
0.015951868459502909
0.015775436286998932
0.014819624052891811
0.015329696295123756
0.015858677142534292
0.015666699998621577
0.016009572724243755
0.015690031301675959
0.015438359642548836
0.016062116930811866
0.015861254626738614
0.015288449967496667
0.016141016414008308
0.016075870131092872
0.01505308809542869
0.016266935606713155
0.015304245129094606
0.015607108105160736
0.015628297652037024
0.01590337869356976
0.016097176997348788
0.01534991290064886
0.015632632128463761
0.016235100775356715
0.015801380732103694
0.015467614968374172
0.015550183461144545
0.0160060212655566
0.015987433109226776
0.015802752515506523
0.015543724545152897
0.016268756645546823
0.014798116794006151
0.016043378947261881
0.015630239011553398
0.015559629055380417
0.01565904060310758
0.015206984921455778
0.014763330176774036
0.015779229440458536
0.015597686218049989
0.015741353472081589
0.015761556412736435
0.015833605522092144
0.016757696055726839
0.016404495875008779
0.015580926384630281
0.015294348081914842
0.016136260242892528
0.015911437311202807
0.015699188644895466
0.015552792788218169
0.015698297223623953
0.016066905642589543
0.015719665114521671
0.015888893953336727
0.01533754175176805
0.016423050929555493
0.015502097283544465
0.016375998930175863
0.015876800111030254
0.015154548252189103
0.014950817295784234
0.016453022794578644
0.015734348869040862
0.015294031855523412
0.015602845250275379
0.015941170956255531
0.014781504640490713
0.015199926532462488
0.015434054015071887
0.015720129523116098
0.016086520015397791
0.015833323565238117
0.016200685974252952
0.015289354552200138
0.015283231843381324
0.016108638727055979
0.016416168936936783
0.01565689086972356
0.014790539541925397
0.015893196365058728
0.015517215597691331
0.015723997110448185
0.015484432002597812
0.015976370472694242
0.015338696322107799
0.01587583129210391
0.015939203199001748
0.01515820185498384
0.015621602214394795
0.015276922844213642
0.015153480614666115
0.015548215609898081
0.015587032084497699
0.015505795475564054
0.015591463141373288
0.01597715624972949
0.016095864499336143
0.015768022051551676
0.01575763889570618
0.015339411433184952
0.014973693784865984
0.016304631090026105
0.01486388064609538
0.015826931660439865
0.014728027098747107
0.015375847303717469
0.015684137129653913
0.015951634971551547
0.015378544743661718
0.014756900998367455
0.015748671642894709
0.015359489389435571
0.015546241788754533
0.015371790513657857
0.015816935209048592
0.016107761522179947
0.015197173832484302
0.015933109894236751
0.015826941348345461
0.015524828633246291
0.015664275204675625
0.015592472038128975
0.016016590164478074
0.016019438335733535
0.015426714369146865
0.016265477902281045
0.01604557594482171
0.01537872996244475
0.015706996201332726
0.015285585871321099
0.015843258894134623
0.015563430009826374
0.015897260245162574
0.016265115749619564
0.016596704239837976
0.01571220739927193
0.016010957429976026
0.015498252230529728
0.015814324162325949
0.015373312619260046
0.015708261161574966
0.015271457816386383
0.016351481340623149
0.01559961414787759
0.015917242306466416
0.015240692865767021
0.015386535867228631
0.015377230669952188
0.0156815962461982
0.014859491376567453
0.015278175966981682
0.014957229449127111
0.014913432800475091
0.015308769976855447
0.016037084817678023
0.014951286432789068
0.015504111226662173
0.015484423210879172
0.015923826479784298
0.015123407875887427
0.014657496805332054
0.015116516192287391
0.015490399338624528
0.01632103121000017
0.015263969473839749
0.015283568110553239
0.016062106454102307
0.016189765337009152
0.014828841743867154
0.016192552771981686
0.015525658192876324
0.016229540275900456
0.015289713070108072
0.016192146068327536
0.015917489345544811
0.01667953847932158
0.01576332397763492
0.015339225030258292
0.015782093939952297
0.016102305502886521
0.016335490944238931
0.016033965705721062
0.015798125818351244
0.016008550403948808
0.015425071893583716
0.015389153278723231
0.015885557561766947
0.015358189020877726
0.016100504214443985
0.016599750771723217
0.015765233344681495
0.015562667891608576
0.015513518943295716
0.015083041194670799
0.015769937206590368
0.015861206168145309
0.015678753929694412
0.015771666661083563
0.015317381114780468
0.015478967411365731
0.015337448448169887
0.015316002086697891
0.015244984456757529
0.015405988942536393
0.01510729553178152
0.016285903540000271
0.015986891345083399
0.016094245707439069
0.015652333942146723
0.01542739328161136
0.015131401223131707
0.015653412257508947
0.015245811430685227
0.015917306726785985
0.015494574508111795
0.01559305363354783
0.015752634839800304
0.015060714904939133
0.015981230000038971
0.015661513839646233
0.015842666836949841
0.015710575704166958
0.015736384058838395
0.015680658798671369
0.015400444081688447
0.015773334856265444
0.016012491715193904
0.015405137116223456
0.014903452290784649
0.015338551061503869
0.01562506775722599
0.016263361541852369
0.014745757336373797
0.015884601212550548
0.015759265594650362
0.01598944188051081
0.016179106508441392
0.014805478296865175
0.015277525730785734
0.015907031143246927
0.015471612461100829
0.015274544175606664
0.015440618832619192
0.016430752302229946
0.015549158616758469
0.015813463780282564
0.01544347102603595
0.015407830619607382
0.015425608934262987
0.015762404133433897
0.015583740074457616
0.015923572036696802
0.015764343342522889
0.015874018441768088
0.015377055122505021
0.015398016882628634
0.016344231126227699
0.016214886681738424
0.016103093607335941
0.015612399782512094
0.015292447410950188
0.015881102437017729
0.015645609476588555
0.015668229044989108
0.015073458820146542
0.015826781556104248
0.015004581833011255
0.014643963113412142
0.015682937971837882
0.015557460628504794
0.016156511296735988
0.015306070494025461
0.015459802557454978
0.015266633587654869
0.01604716578793906
0.015281709681531398
0.015482190456452459
0.015727690545403534
0.015195342510971698
0.015550674191594289
0.015621831937983593
0.015327391816978753
0.016167636399214428
0.015883044653725885
0.01627843214227952
0.015043569344553122
0.01591663902129236
0.014979919010026451
0.014614046649428563
0.015451171672235012
0.015525848061170598
0.015577613615679694
0.016548999666095819
0.015805486379054448
0.015941155467028227
0.016417679873646479
0.015843809462791129
0.015546716593062355
0.016147248382581015
0.015612647161336665
0.015393645146706067
0.01657320851955045
0.015950560718784708
0.015526995609005188
0.015430480426609904
0.015562758356239376
0.015185632359197372
0.015869537847405812
0.015274240585406076
0.015851534988089378
0.015346918790497616
0.015265189856573816
0.015737140360336212
0.016052373359428062
0.015956898836756467
0.014850696278127179
0.016215067207000167
0.015570620285607155
0.015588607665619642
0.015639075409688386
0.01580601584847266
0.015501342749162046
0.01632162507049802
0.016158145266724766
0.015357007790036884
0.015851269514178833
0.015922489022111668
0.016035789419083478
0.01562145350799027
0.015125002252061492
0.015389865517897656
0.0152292206296861
0.015725065100769167
0.01541136395855381
0.015697472301293897
0.015452426862775405
0.01531588754533628
0.015486503530054341
0.015924237125489731
0.015578270724943765
0.015556046730512639
0.014733079027863163
0.015383635901839566
0.015574164210578499
0.016246459814773871
0.015321300224311168
0.01562779860625825
0.015319274156424985
0.015001231554785929
0.015674704665102838
0.015955940290478289
0.015569755644652711
0.015950741152568362
0.015172507000492738
0.01621710344987632
0.015628865563920472
0.016213821799097285
0.014931557952241456
0.015401328515599314
0.015429786400409854
0.015783860343328272
0.016200682928193402
0.015896400248274708
0.016112275874473159
0.015850257444037171
0.015479039385790042
0.015416378035817203
0.015369492160447166
0.015847480015699321
0.015153455527154325
0.01476515897356565
0.015567223194713835
0.015528916517068515
0.015397578594777594
0.015252027607016005
0.015795190320609716
0.015425088856040733
0.015149834092872651
0.015349115007593611
0.015666799049660788
0.015911124233532102
0.015278715545917951
0.015592986575761733
0.015901284785000316
0.014920848975765559
0.015719393321536095
0.014550991500068961
0.016299185937127245
0.015723836033343139
0.015382746572756786
0.015248115517345701
0.015872902348436552
0.016079248697349457
0.015264561936719153
0.016699395400326479
0.015918576664969028
0.015233885440389852
0.014986243328855444
0.014991536512338387
0.015622949179895778
0.015945551653702081
0.016523157251377655
0.015963781178872299
0.015973101249040535
0.01581473672328703
0.014913066963954986
0.01570376443348764
0.015825969647234584
0.015420262285379353
0.014760051546790951
0.015378599875187682
0.01598677058151304
0.015938229086249766
0.0155251269470009
0.016232236597149594
0.015760879701232564
0.015828418521942347
0.016100796343489224
0.01530110104746671
0.015843352250850762
0.015864828692327741
0.016137422182519318
0.015841011686163035
0.01546081828435527
0.015490169881914527
0.015763984279279671
0.015170674956062708
0.016027954657080498
0.016250482284494619
0.015312033314348446
0.014853793197898113
0.016056073287675627
0.015377595213291019
0.015681006092103874
0.015939312096513978
0.015834355859647282
0.0156559730929203
0.015230608629958271
0.015558091398231383
0.015250267991252163
0.015298387273402388
0.015526292988775328
0.015734706366998381
0.015581414280052639
0.016241294542027856
0.015478948764930016
0.015384800184101649
0.015333479334642509
0.015539883472057606
0.015355344715372523
0.016177352518079873
0.015140092136640113
0.01587246785025145
0.015604983479375369
0.015558448308183096
0.016335165112603415
0.015883237133881373
0.015374674532762339
0.016102574688120951
0.015359837625183899
0.015593267803669512
0.015651999716721553
0.015936514642460903
0.01612441064606604
0.014897839939495247
0.016085654171990343
0.015368666027046578
0.014519254408232108
0.015506031744866301
0.015828898370247004
0.016007518560606237
0.015928226706255193
0.015628644673182528
0.015132822639871106
0.015361782387122453
0.015740279459827332
0.015896001115576097
0.014411975649463294
0.015059356589980593
0.015530052301950573
0.015584179888829238
0.015851427941036576
0.015835400229325183
0.015680910628228024
0.015574867614101696
0.015503427904930743
0.016179782893708784
0.016367742804007709
0.016227188772106223
0.015024696300914219
0.015094422138268363
0.015556061532541259
0.01564830987093915
0.015495097637534164
0.01559981360645267
0.015238125685903006
0.015349708947726245
0.015111673934761437
0.015576744223552035
0.015729561558995211
0.016105207268893362
0.015844673998658989
0.015991732348309581
0.016214614446200346
0.014705470173950515
0.015813016400888589
0.015317562411738102
0.015891236640894757
0.015886950451791847
0.015752611930822783
0.015919548190782243
0.015135590976877314
0.015486393098705167
0.015827869828713741
0.016248026298019139
0.014974360626632171
0.016182086663713829
0.014895814922905252
0.015877735327985851
0.015596381762909908
0.01568207456236791
0.015863084713929384
0.01522826672810962
0.015506762989868708
0.015603608440057303
0.015569415543695567
0.015433783044818119
0.015310166444880093
0.01543201490766825
0.016004459788311092
0.015933777591164273
0.016234496226906824
0.015715655412988978
0.015256770971765568
0.015989293397368168
0.015245514708057866
0.015587199864401737
0.015547513325708329
0.015762064411188138
0.015294732522577275
0.015179457601452921
0.016430807394025675
0.015062542142853299
0.015711902094324794
0.015231724961751408
0.015124727196224656
0.014785916246035563
0.015391996597357894
0.015296215044308661
0.015767680801176631
0.015503747075407442
0.016083347608169162
0.015892813939725487
0.015508665402889553
0.015251321886054584
0.01547824228515598
0.016484789750793431
0.015682051912769716
0.015530955324361682
0.015465452377191109
0.016575038027280192
0.014913101630725994
0.015875420007640351
0.01643826021228038
0.016135940200109517
0.016056496299713865
0.016256766305553418
0.015041674781378953
0.014967034506467638
0.015759918256374916
0.015345056940188817
0.016092384400039683
0.016156963254263697
0.015515557841096005
0.014972178324984844
0.016225252240979121
0.016194036213503352
0.016000180854551356
0.015816155612493169
0.016192153322929469
0.015853569630992156
0.014631710011326845
0.015447276033483184
0.015934544069423778
0.015346967978579587
0.015299905769298317
0.015633934930599756
0.015842933706300206
0.016140048516196367
0.015555922316856057
0.015519168880824021
0.015382938638507452
0.015633815897410096
0.015551488000027289
0.015462635297561601
0.015690934497972906
0.015618259080375878
0.016399503567147863
0.015912561315979023
0.015422533133072664
0.015823665012392369
0.015499989086491093
0.015398640033329429
0.014717930263265143
0.016062992805919149
0.015544669073119306
0.015779997118553369
0.01505530287040522
0.015132188197763274
0.01601615794208951
0.015355206151259395
0.015637019697919405
0.015111614609699382
0.015700494931628815
0.015686988285999407
0.01526448728445118
0.015437429243525371
0.015014065462043705
0.015220858960016915
0.015588829107973403
0.016220137088949479
0.015787003799574845
0.015650109564566275
0.014956585658707524
0.015314701377946599
0.015955011372031102
0.015650102925370661
0.015326650305470856
0.01567242316437132
0.015397656619456024
0.01560596250059409
0.0153036166447539
0.016060293063783881
0.015516061274828611
0.015875204672756615
0.015747649804328797
0.015337248951135809
0.015092811781897924
0.015476954431849899
0.015477577633402092
0.015257801007591814
0.015933646358974918
0.015366214824264708
0.014734659823302888
0.015736264894773675
0.015347390127140674
0.015645307586224379
0.015162225267936161
0.015870316510000187
0.015743963611856628
0.016058712378303527
0.015887561095448446
0.015416566937634506
0.015412363898755464
0.015418230442123329
0.015630695477253743
0.015504746721785687
0.015559358420686445
0.015721597624245111
0.015207783083487875
0.015389457399906482
0.015276196290292345
0.015126744246207574
0.015991545648601023
0.015867465592441145
0.016187034543099568
0.015799125573424735
0.01569876352607625
0.015540602934274731
0.015593230116590067
0.015732663892578064
0.0162091869068683
0.015890551981376056
0.015534470157357297
0.015234515392467713
0.015119850396380851
0.014869164761958993
0.015273008817718448
0.015660348927974441
0.015081338263825983
0.015654880776161159
0.015620693853132311
0.015781643851264252
0.015468161792427526
0.015954676821658593
0.015806531812990517
0.015273493490166089
0.014545449813803261
0.01498665229394908
0.015661419165189122
0.015447070695090543
0.016034583040826812
0.01612586662413773
0.015782499811030148
0.014619166817483134
0.015836362398943093
0.015801780155187371
0.015686549393140011
0.015811016925171152
0.015677532680404095
0.016041352708977975
0.015758279527281933
0.01563336442199709
0.015808154069392139
0.015646944613084964
0.016169438015172486
0.016079933765696001
0.015801067419515275
0.015380226503216609
0.015718281376392636
0.015700546097914762
0.015624123168458431
0.015563526688605918
0.014746040247196203
0.015183101595276246
0.015895258102025186
0.015370741535011206
0.015974494338376704
0.016048744047743712
0.015396220186268003
0.015758820607378463
0.015181330975941229
0.01520944988687193
0.015548623343438293
0.015536609240829002
0.016179798968312592
0.015965325096867395
0.015715427413560894
0.015596783961166745
0.015888177892222057
0.016038885087053419
0.015678198612944685
0.015868649978950225
0.015771025046167654
0.016559805647469606
0.015383593139982608
0.016017513041653143
0.015562375176490183
0.014697672027816751
0.015665369218636684
0.015345233545796637
0.016242916851304662
0.015640525570914429
0.015351842287009993
0.014921426306948963
0.01575320800112507
0.015245263792177452
0.015369863169055076
0.01553726104704223
0.01615592756475866
0.015344150066224487
0.015433276157306816
0.015704462307082799
0.01562417839614226
0.015559299980652938
0.016000410353058624
0.014667347391584354
0.015405525726341638
0.014921898709615489
0.014850929996055732
0.015387098973771591
0.01566240304460546
0.01582885443707973
0.015771439995661118
0.015749136996437308
0.01533946185513271
0.016128851640129352
0.015702604298665282
0.01590687809396359
0.015341638629731563
0.0157742767251558
0.015553235183694695
0.015517365254417997
0.01552927449179772
0.016084712640662902
0.015450705116800752
0.015638462503839951
0.015272432926123979
0.015551572647217737
0.016076751101508156
0.015527125750016522
0.015282119311937698
0.015793166722526893
0.015883438091660883
0.016125778782852096
0.015019510226158862
0.015835050295286091
0.015459744995567746
0.015643799897479042
0.015425171757264209
0.014707353273923333
0.016310913895407824
0.014823755716887786
0.015420451516432792
0.016243346824677905
0.016101630164738766
0.015824570752640332
0.015448512147053428
0.015469803856610304
0.015607051002096532
0.015239280766875671
0.016052978678364759
0.015661122906785473
0.016129476810012141
0.015287755565543704
0.014709226221125863
0.016191233577250538
0.015800733638165986
0.015469753650941326
0.01586274659187964
0.015569520596058017
0.016480883818056635
0.015318843173781746
0.015615792148440577
0.014886783859570764
0.015787907642867263
0.01523087290062208
0.015273965936043583
0.015500541915353579
0.015522015792768655
0.015595266628292845
0.015279194248365565
0.015597122847345862
0.015499601943052799
0.016029578077008069
0.016099589346447524
0.016125543895154557
0.016234600160226622
0.015876905467956906
0.015939538484936726
0.015429128439123993
0.015338629343859315
0.015639683879457432
0.016066895810189299
0.01516256473786322
0.015540851118140712
0.016079773814012925
0.015517824197109115
0.016087981361294346
0.015962571479933983
0.015854446795453895
0.015160241876041173
0.015875290633979109
0.016046674964180264
0.015485340325932658
0.01584752842214137
0.015069848784957091
0.016185416587589773
0.015415092965918172
0.015377575287947828
0.0151644291446158
0.015446635141508217
0.015836642094049815
0.016157645622342585
0.015945430161183504
0.016074284423565819
0.015955032001657522
0.01662467519217585
0.015180081567502366
0.015829842908166386
0.015498660476181508
0.015233825145072063
0.01574575562838804
0.0156489215555582
0.015691708253581734
0.01506070521024812
0.015389673327147153
0.015425804635565005
0.016006855309821818
0.015324819249937019
0.015697644456302857
0.01572740883854936
0.016169037366546676
0.015464758881111105
0.015499258361579298
0.01533779524599616
0.015771981431689841
0.015113143157283867
0.015511157878371127
0.015448912302278078
0.01571445571130646
0.015820738430981099
0.015981450230411309
0.016168629778837883
0.01520261571689705
0.015724182918083859
0.015613693950476673
0.014856188730185129
0.015258398499822612
0.016431207048105675
0.015920051545071888
0.015082294521288897
0.01508187014781073
0.015313016237690963
0.014995531972762037
0.015666284098991071
0.016047719749089636
0.015973990642599807
0.015266691754318622
0.015136606456550591
0.015626602376820196
0.015580321867726748
0.015932213846322388
0.015792688275518493
0.015533560642946804
0.015722830500322294
0.015820193097430338
0.016076193215810396
0.015446409759676252
0.015822372666305769
0.016057606478389354
0.01588127295515411
0.015501086049362579
0.015966185494154319
0.015380015526625422
0.015709416460875387
0.015760829562068257
0.015383111787461531
0.016081642739016144
0.015145604938241384
0.015432892052853246
0.015629848683253213
0.015262309728238006
0.015317809588079096
0.015492411586041362
0.014745693862939679
0.016229498168200459
0.016021118031919926
0.015084709144365242
0.015663424385261804
0.015602773814162097
0.016212865739369729
0.015785141630208836
0.015635892165686272
0.015191088270417553
0.015962169722296912
0.015759017009166772
0.015316390562014141
0.014806844681206115
0.015951622862440024
0.016130829228288922
0.016062327141715016
0.016356052626608528
0.015726281621194074
0.015998501317808632
0.015158867126291073
0.01521446712230156
0.015886943048932366
0.01635177892675356
0.015441545540191864
0.014758277535425092
0.014682268250265371
0.015625160706251279
0.016373206495603372
0.015515930587717887
0.015350054204742178
0.01545869262014261
0.015269072235724422
0.015294184193775335
0.01533648211179189
0.01614763910600801
0.015405500646351648
0.015928827255968888
0.015870691612306594
0.015958694739512346
0.015679593135453102
0.01540718257747232
0.015453016386583704
0.015690361110996462
0.015189721916817394
0.016263540445646624
0.015890198391427409
0.014992121938260272
0.016190679688677809
0.014824775917290162
0.015808657229036755
0.016399200785285877
0.015070404007739482
0.015179627544698775
0.015381290755151163
0.016316159901049732
0.015219122458478153
0.015509642811463885
0.015900408324335358
0.015785315625608975
0.015533679133062403
0.015241485883342336
0.015054508684956933
0.015714455989404196
0.015113738900544266
0.016067405394266019
0.01564317868328844
0.015287039153587577
0.016133801507743638
0.015368310501458766
0.016034839305190552
0.015125833173137818
0.01540721058519513
0.015295918347852412
0.015020995556784326
0.015251646395235552
0.015285868875206818
0.016062762525093956
0.015344279391150467
0.015640914352124457
0.015468114133483713
0.015808713089008802
0.015195651652764052
0.015385336484990341
0.015938600053669941
0.01544486031449355
0.015155389304291464
0.01592473253807165
0.015681970871126327
0.015704456141220464
0.015127350656856289
0.015441476692344133
0.015723540841884945
0.015851539761731377
0.01619883430775973
0.015343187320365376
0.015074924766995743
0.015951868459502909
0.015775436286998932
0.014819624052891811
0.015329696295123756
0.015858677142534292
0.015666699998621577
0.016009572724243755
0.015690031301675959
0.015438359642548836
0.016062116930811866
0.015861254626738614
0.015288449967496667
0.016141016414008308
0.016075870131092872
0.01505308809542869
0.016266935606713155
0.015304245129094606
0.015607108105160736
0.015628297652037024
0.01590337869356976
0.016097176997348788
0.01534991290064886
0.015632632128463761
0.016235100775356715
0.015801380732103694
0.015467614968374172
0.015550183461144545
0.0160060212655566
0.015987433109226776
0.015802752515506523
0.015543724545152897
0.016268756645546823
0.014798116794006151
0.016043378947261881
0.015630239011553398
0.015559629055380417
0.01565904060310758
0.015206984921455778
0.014763330176774036
0.015779229440458536
0.015597686218049989
0.015741353472081589
0.015761556412736435
0.015833605522092144
0.016757696055726839
0.016404495875008779
0.015580926384630281
0.015294348081914842
0.016136260242892528
0.015911437311202807
0.015699188644895466
0.015552792788218169
0.015698297223623953
0.016066905642589543
0.015719665114521671
0.015888893953336727
0.01533754175176805
0.016423050929555493
0.015502097283544465
0.016375998930175863
0.015876800111030254
0.015154548252189103
0.014950817295784234
0.016453022794578644
0.015734348869040862
0.015294031855523412
0.015602845250275379
0.015941170956255531
0.014781504640490713
0.015199926532462488
0.015434054015071887
0.015720129523116098
0.016086520015397791
0.015833323565238117
0.016200685974252952
0.015289354552200138
0.015283231843381324
0.016108638727055979
0.016416168936936783
0.01565689086972356
0.014790539541925397
0.015893196365058728
0.015517215597691331
0.015723997110448185
0.015484432002597812
0.015976370472694242
0.015338696322107799
0.01587583129210391
0.015939203199001748
0.01515820185498384
0.015621602214394795
0.015276922844213642
0.015153480614666115
0.015548215609898081
0.015587032084497699
0.015505795475564054
0.015591463141373288
0.01597715624972949
0.016095864499336143
0.015768022051551676
0.01575763889570618
0.015339411433184952
0.014973693784865984
0.016304631090026105
0.01486388064609538
0.015826931660439865
0.014728027098747107
0.015375847303717469
0.015684137129653913
0.015951634971551547
0.015378544743661718
0.014756900998367455
0.015748671642894709
0.015359489389435571
0.015546241788754533
0.015371790513657857
0.015816935209048592
0.016107761522179947
0.015197173832484302
0.015933109894236751
0.015826941348345461
0.015524828633246291
0.015664275204675625
0.015592472038128975
0.016016590164478074
0.016019438335733535
0.015426714369146865
0.016265477902281045
0.01604557594482171
0.01537872996244475
0.015706996201332726
0.015285585871321099
0.015843258894134623
0.015563430009826374
0.015897260245162574
0.016265115749619564
0.016596704239837976
0.01571220739927193
0.016010957429976026
0.015498252230529728
0.015814324162325949
0.015373312619260046
0.015708261161574966
0.015271457816386383
0.016351481340623149
0.01559961414787759
0.015917242306466416
0.015240692865767021
0.015386535867228631
0.015377230669952188
0.0156815962461982
0.014859491376567453
0.015278175966981682
0.014957229449127111
0.014913432800475091
0.015308769976855447
0.016037084817678023
0.014951286432789068
0.015504111226662173
0.015484423210879172
0.015923826479784298
0.015123407875887427
0.014657496805332054
0.015116516192287391
0.015490399338624528
0.01632103121000017
0.015263969473839749
0.015283568110553239
0.016062106454102307
0.016189765337009152
0.014828841743867154
0.016192552771981686
0.015525658192876324
0.016229540275900456
0.015289713070108072
0.016192146068327536
0.015917489345544811
0.01667953847932158
0.01576332397763492
0.015339225030258292
0.015782093939952297
0.016102305502886521
0.016335490944238931
0.016033965705721062
0.015798125818351244
0.016008550403948808
0.015425071893583716
0.015389153278723231
0.015885557561766947
0.015358189020877726
0.016100504214443985
0.016599750771723217
0.015765233344681495
0.015562667891608576
0.015513518943295716
0.015083041194670799
0.015769937206590368
0.015861206168145309
0.015678753929694412
0.015771666661083563
0.015317381114780468
0.015478967411365731
0.015337448448169887
0.015316002086697891
0.015244984456757529
0.015405988942536393
0.01510729553178152
0.016285903540000271
0.015986891345083399
0.016094245707439069
0.015652333942146723
0.01542739328161136
0.015131401223131707
0.015653412257508947
0.015245811430685227
0.015917306726785985
0.015494574508111795
0.01559305363354783
0.015752634839800304
0.015060714904939133
0.015981230000038971
0.015661513839646233
0.015842666836949841
0.015710575704166958
0.015736384058838395
0.015680658798671369
0.015400444081688447
0.015773334856265444
0.016012491715193904
0.015405137116223456
0.014903452290784649
0.015338551061503869
0.01562506775722599
0.016263361541852369
0.014745757336373797
0.015884601212550548
0.015759265594650362
0.01598944188051081
0.016179106508441392
0.014805478296865175
0.015277525730785734
0.015907031143246927
0.015471612461100829
0.015274544175606664
0.015440618832619192
0.016430752302229946
0.015549158616758469
0.015813463780282564
0.01544347102603595
0.015407830619607382
0.015425608934262987
0.015762404133433897
0.015583740074457616
0.015923572036696802
0.015764343342522889
0.015874018441768088
0.015377055122505021
0.015398016882628634
0.016344231126227699
0.016214886681738424
0.016103093607335941
0.015612399782512094
0.015292447410950188
0.015881102437017729
0.015645609476588555
0.015668229044989108
0.015073458820146542
0.015826781556104248
0.015004581833011255
0.014643963113412142
0.015682937971837882
0.015557460628504794
0.016156511296735988
0.015306070494025461
0.015459802557454978
0.015266633587654869
0.01604716578793906
0.015281709681531398
0.015482190456452459
0.015727690545403534
0.015195342510971698
0.015550674191594289
0.015621831937983593
0.015327391816978753
0.016167636399214428
0.015883044653725885
0.01627843214227952
0.015043569344553122
0.01591663902129236
0.014979919010026451
0.014614046649428563
0.015451171672235012
0.015525848061170598
0.015577613615679694
0.016548999666095819
0.015805486379054448
0.015941155467028227
0.016417679873646479
0.015843809462791129
0.015546716593062355
0.016147248382581015
0.015612647161336665
0.015393645146706067
0.01657320851955045
0.015950560718784708
0.015526995609005188
0.015430480426609904
0.015562758356239376
0.015185632359197372
0.015869537847405812
0.015274240585406076
0.015851534988089378
0.015346918790497616
0.015265189856573816
0.015737140360336212
0.016052373359428062
0.015956898836756467
0.014850696278127179
0.016215067207000167
0.015570620285607155
0.015588607665619642
0.015639075409688386
0.01580601584847266
0.015501342749162046
0.01632162507049802
0.016158145266724766
0.015357007790036884
0.015851269514178833
0.015922489022111668
0.016035789419083478
0.01562145350799027
0.015125002252061492
0.015389865517897656
0.0152292206296861
0.015725065100769167
0.01541136395855381
0.015697472301293897
0.015452426862775405
0.01531588754533628
0.015486503530054341
0.015924237125489731
