4096
0.00046200770706131955
2.2223577749704084e-06
-0.0017149093059846106
0.00036154197050236971
0.00021774823825305002
0.00047300124259585212
-2.7822014016313659e-05
0.00012032822555012345
0.00033560219226667426
0.00016212100858794772
0.00038068311687142556
0.00032713421697634176
0.00055918381643703364
3.1726845715360821e-05
-0.00082846729313404942
0.00043171568282979926
0.00018517444016216182
0.00028613763071680225
0.00024740248061420276
0.00046014676410584775
2.491430121951906e-05
-0.0010141589515639149
0.0002996548813096836
0.00015175253796998004
0.00016932807119239072
0.00026738162291120452
0.00039098424878363956
4.4786494032318399e-05
-0.0015466091786977875
0.00022125790945110087
0.00010595530442785228
0.00026155697465374565
0.00039048942080220422
0.00024207211120337962
-5.4359017915120998e-05
-0.0015520520559913033
0.00030444460523339678
0.00011316675587917325
0.00028137732942254005
0.0004818914220827356
0.00025531469170499041
0.00015702592994329363
-0.0017116707936535244
0.00034406999675993502
0.00022290850931100988
0.00035442909037699968
0.00012055830743054149
0.00041222381684490842
0.00022242121585536363
-0.0016895375443899653
0.00036453413287998443
0.00036341791076653353
0.00055312654002369669
6.9960199835481023e-05
0.00049486314251773395
0.00040777117890442721
0.00030011893267301948
0.00046155176809206693
0.00025225676679420421
0.00059364526161037839
6.9767178349797155e-05
0.00021950214041636265
0.00046177642174595023
0.00030539499012667619
0.00036792572832562871
0.00022125873586596921
0.0004068786157649656
6.4115977801024721e-06
-0.0011498906284645102
0.00056440266560676608
0.00024000360173216458
0.00019524517233967165
0.00022097372236964691
0.00046296632679151891
1.7262136246513287e-05
-0.0010975910258399996
0.00044410158230548131
0.00025812399455062721
0.00018807957164174841
0.00024525732682839809
0.00036036010044942514
9.9011529999632809e-05
-0.0015842289218184319
0.00032055018759056153
0.00014379982684459611
0.00028297764007871866
0.00029596142845550395
0.00031318546259348858
0.00018527078196689038
-0.0015717872233563272
0.00022797797299346092
0.00019265683065756279
0.0001813297932677844
0.00041747006625816061
0.00034179526033863698
0.00011164854184805592
-0.0017280896776876744
0.00039722297757690514
0.0001703925160456251
0.0002592443308655214
4.5829327810487608e-05
0.00066395088549919595
0.00028556359207037625
-0.0017355371388543882
0.00044595659958054478
0.00024489620764130485
0.00048439317436071641
-0.00010767063947701971
7.0564518229847479e-06
0.00049551844130777789
0.00025927081336468249
0.00033130566893476126
0.00023710923789365169
0.00043843639874368103
-7.8540363061359734e-05
-0.0014652974522339516
6.2786469701254878e-05
-8.6980294245478796e-05
-0.00014363664958696285
-0.00016538651793275382
0.00021354229350457863
-0.00032520095595641384
-0.0016889885557914532
-9.5506646421972811e-05
-0.00020112768938108808
-9.9289149061222883e-05
-0.00013675736681529268
9.9756486405495429e-05
-0.00023404271742007431
-0.0020792233164871345
-8.6378081027195579e-05
-0.00028509411586489565
-0.00017367199160530405
-8.1280440137276812e-05
-0.00010124676455031012
-0.00050489738655029863
-0.002079060758600483
-3.0652590488569747e-05
-0.00025658541441603955
-0.00019534518698175398
-0.00010293962898495076
-9.6850575006505934e-05
-0.00046987544245339464
-0.0022243958324449152
-5.9541483551288391e-05
-0.00030162701417945444
-0.00014679074804511936
-0.00037762425176325512
4.9467626881755828e-05
-0.00046319786428660869
-0.0022948922661375293
-0.00012335616929779773
-0.00031729720286733125
-5.2191186054746515e-05
-0.00054826623954887211
0.00013190474073023056
-0.00035179892033131464
-0.00023874221829735332
-0.00011948876778253296
-0.00032468047717802787
-8.1203181593615675e-05
-0.00059329513522475281
-0.00075108077084945415
-0.00034973771334289168
-0.00031299847680269459
-0.00027714914012943342
-0.00041590087745828715
-0.00021561801006345847
-0.00065585996532531996
-0.0022214023372135526
-0.00036738357986846861
-0.00048664915825585462
-0.00059799518732469659
-0.00042723242527614209
-0.00024183203996047751
-0.00059184314889539882
-0.0021797361666942129
-0.00060005107248030875
-0.00052785026530832355
-0.00062536129231476913
-0.00041693497247121146
-0.00040563514611806985
-0.00081685520420739395
-0.0024635770910510684
-0.00047413601717902828
-0.00061354733898106087
-0.00047841526520613791
-0.00047258699910487624
-0.00046275829965724478
-0.00088936165025115118
-0.002472861439337387
-0.00057877035476725945
-0.00067894771587509049
-0.00071746209681946736
-0.00038138856338497547
-0.00043469423314515694
-0.0010706478594519442
-0.0027611043534895813
-0.00043849575607030495
-0.00075334756772454047
-0.00068744589742808027
-0.00088204769056284167
-9.5233021338484908e-05
-0.00094236750091824888
-0.0027541663322229576
-0.00058780250021166713
-0.00068700656422075767
-0.00059102126402237195
-0.0011287807124490132
-0.0014429454363591831
-0.00071535378372132618
-0.00075113778859332533
-0.00067572323723087138
-0.00081319824156165772
-0.00068190153761795574
-0.0011147009507283035
-0.0026815460103718569
-0.00086201060027263983
-0.00081669451432047713
-0.0011384897719750051
-0.00089862294648950165
-0.00068526959597954432
-0.0011574049789321644
-0.0028884636046542502
-0.0011813169711522343
-0.0011635765567677302
-0.0012174467701148986
-0.0010505496371959321
-0.00091421021356312242
-0.0020898083807937349
-0.004134306269479247
-0.0020694988864259876
-0.0021578944800421116
-0.002229239126981144
-0.0018560113665630322
-0.0020393014919229289
-0.0027508942439191811
-0.0042846859933637583
-0.0020980277574147899
-0.0022566683653656252
-0.0025453498850925012
-0.0021671737628023743
-0.0020911218038615529
-0.0027294397153001487
-0.0044967669092119038
-0.0022065289729270351
-0.0024259556702117351
-0.002537910651494309
-0.0027468396103822266
-0.0019868241868087845
-0.0026587802100741225
-0.0045041727898979759
-0.0025303316580709044
-0.0023917551552176991
-0.0026531358179795344
-0.0029135087669317247
-0.0020991101122291066
-0.0024498450168975654
-0.0024628697814445843
-0.0025064179460213207
-0.0026491471481396465
-0.0027280571032144143
-0.0030480610341675684
-0.0035984110817028842
-0.0027670156567404834
-0.0023766251585363202
-0.0027009178628563642
-0.0027073943858884168
-0.0027781624289313291
-0.0030274504144077305
-0.0052251268842687694
-0.0027770032839615393
-0.0028428491385390315
-0.003217069004708206
-0.0026888152009365137
-0.0027660911935120484
-0.0029972284830347726
-0.0050941037773092447
-0.0031576925061446983
-0.0028759139119453629
-0.0031795713748541911
-0.002629531809661381
-0.0028475575593220268
-0.0034818594600651508
-0.005188381853803368
-0.0029561558300859338
-0.0029077608545705269
-0.0030618238368624834
-0.0029434952981708964
-0.0028825743550897108
-0.0034940776911670129
-0.0051897854908182547
-0.0030736354160720374
-0.0033122669676882328
-0.0034877956265584498
-0.0029598598471552262
-0.0028258906214648667
-0.003691862631830062
-0.0054277078331438919
-0.0030390468002265995
-0.0032603768703844834
-0.0034758705316609434
-0.00368940425065794
-0.0026403298136811397
-0.0034978427327154622
-0.0051761367580619106
-0.0033873592214270077
-0.0031929014345540721
-0.0035601563799780907
-0.0039349313208724172
-0.0035625852365575726
-0.0032287846352673333
-0.0029965617810019814
-0.0034936008940737737
-0.0034656219538613323
-0.0036101714439244746
-0.0037795607391024428
-0.0059599591228850016
-0.0035438082015781212
-0.0031419214032945447
-0.0040855937462496075
-0.0034517833277976865
-0.0035216534614427174
-0.0036792706842283143
-0.0061471317591641995
-0.0041466597230435335
-0.0035823837153887888
-0.0039873945986731024
-0.0033572284703939064
-0.0035605714660739709
-0.0039343168141964995
-0.0060447401930037205
-0.0038975916607931803
-0.0037445719278854151
-0.0039387627740356691
-0.0033454005156116173
-0.0036626800161096169
-0.004617860717176011
-0.0060143763726868216
-0.0038321905464639744
-0.0037045310928778526
-0.004442960402622341
-0.0036398143834325235
-0.0036308779178504461
-0.0043978589544202114
-0.0061640511221009034
-0.0037963933589743757
-0.0040508144464873998
-0.00423486649530603
-0.0044272746914234351
-0.003385844849570279
-0.0042944896222397253
-0.0061049308375615667
-0.0042773400880649782
-0.0039383260250624658
-0.0044890412194045146
-0.0046019190646062408
-0.00385482429213534
-0.0040603272125833319
-0.0039722503098268561
-0.0042122485419014456
-0.0043634604984066731
-0.0044981505532694747
-0.0046756576244574933
-0.0057191387681397102
-0.0045051326649031623
-0.0038234422505830493
-0.0043450229794592494
-0.0042671473050981141
-0.0045249407048720894
-0.0045677640323683062
-0.0073032120745801536
-0.0044809368684470023
-0.0044770758198534825
-0.0049167209232948809
-0.0041882208723090187
-0.0044236471734131894
-0.0045099899607524852
-0.0070334523250214966
-0.0049667395130758895
-0.0045026547696941626
-0.0049362408955768303
-0.0041091688622564623
-0.0044483440847593488
-0.0053713700568650286
-0.0068532472272385516
-0.0047122541818381972
-0.0044682992157248054
-0.0048255440047443926
-0.0046034633686479927
-0.0044783618357650233
-0.005308322399549893
-0.0068254116396779547
-0.0048579353649476275
-0.0050429409362749734
-0.005364741524738619
-0.004627519258679145
-0.004428042740361484
-0.005473730365261764
-0.0070170846584358716
-0.0047911996561626402
-0.0049941412162257514
-0.00548625199659493
-0.0056136745360146258
-0.0047173220381215124
-0.0054039745234774113
-0.006758297114064375
-0.0054403895716509075
-0.004874482028727806
-0.0057433694519374865
-0.0058368058556286543
-0.006003356008232737
-0.0050823171178287713
-0.0046453499627430875
-0.0054870198762454591
-0.0052735496060741602
-0.00574186300913479
-0.0056195159873424286
-0.0081213725951555498
-0.0056156658391701766
-0.0047894505544638245
-0.00631875524837054
-0.0052353068295766039
-0.0056630659258096842
-0.0054593924172240283
-0.0083158902449130719
-0.0063897318368544434
-0.0054841867419853961
-0.0062085241649128594
-0.0051510945619061971
-0.0057108441719821417
-0.0058060864000863098
-0.0078323119765213844
-0.0060529853137716357
-0.0055496375761926574
-0.0061557138294319937
-0.0051045510144564704
-0.0057859959857292391
-0.0066555666704073571
-0.0077227257587498994
-0.0059008488951144029
-0.0054606385949634425
-0.0068513526879328754
-0.0056586686358682074
-0.0057701133814772425
-0.0064878483315560388
-0.0078795483611491246
-0.0058876835217614807
-0.0059866162612614857
-0.0066200755858126228
-0.006663089794482894
-0.0056444414372796847
-0.0064129924472987173
-0.0078653322386230476
-0.0066750486905849003
-0.0058750186591301334
-0.0071043790493683315
-0.0074609384570468139
-0.007345089381134688
-0.0067182456391339258
-0.0062127915658556146
-0.0072900096919683039
-0.0070242652074019264
-0.0077479392842795458
-0.0074360810936099512
-0.0094842420556538014
-0.0074648412240422724
-0.0060812387765294997
-0.0073987506039110192
-0.0068284526879327035
-0.0076776005149496816
-0.007152110374052569
-0.010432420500030329
-0.0074018105972713279
-0.0069683275527027818
-0.008057536776683312
-0.0066617332516676177
-0.0075194462776705003
-0.0071128019691582235
-0.0098213236284619386
-0.008031418812446782
-0.0069462851075776828
-0.0080301364509728149
-0.0066147833413671558
-0.0075185882633809938
-0.008349613073574319
-0.0094748716277044155
-0.0076774084171420823
-0.0069644981872007388
-0.0079217624587528193
-0.0074402136157923912
-0.0075642110191151864
-0.0082240724230244061
-0.0094172957367058257
-0.007754088777747338
-0.0076873457015267238
-0.0085318985201786827
-0.0074634314345451138
-0.0075412313140377643
-0.0081565594784201445
-0.0094344411281901894
-0.0076139450955180401
-0.0074324309359676431
-0.008296650136285149
-0.0084577027530544566
-0.0079174873945122293
-0.0078197892008103377
-0.0087621706589595116
-0.0082676201275960291
-0.0072169514536981954
-0.0086374483458059523
-0.0083602847783436438
-0.0092266293239096145
-0.0074018218005977212
-0.0068973571313550464
-0.0081077668750317126
-0.0077480233516295438
-0.0084330106182964448
-0.0080281643870429905
-0.010329392326724869
-0.0081823357991555878
-0.0068238442553257943
-0.0091478446155201336
-0.0075510750017728362
-0.008328512149445147
-0.0078172499420451607
-0.011231728775680119
-0.0090727237770680084
-0.0076947931882274164
-0.0088271515096484624
-0.0073556237061438235
-0.0081902319936549769
-0.0083488062014215082
-0.010165921975742681
-0.0085319239014826406
-0.0075386628254983275
-0.0086591817858358722
-0.0072345130046130171
-0.008194299685445449
-0.00910772376566534
-0.010006816733579876
-0.0083120621204135058
-0.0074108637521782521
-0.0093535758773097225
-0.0079196568832778647
-0.0081361291003272211
-0.0087302161977679399
-0.010021570230889974
-0.0082777658836413782
-0.0081312155188172936
-0.0089912658167165729
-0.0089354984093865039
-0.0083078820903206806
-0.0085317031148245352
-0.0097057191791048731
-0.009058617785484965
-0.0078406309272278235
-0.0095040687408457902
-0.0090026075963321843
-0.0092025733548601225
-0.0080943885365485132
-0.0076130836183468603
-0.0087881288186027681
-0.0083884449179215843
-0.0092748642128552411
-0.0087662094099141535
-0.01115190225229469
-0.008765632341119118
-0.0071384894169993097
-0.0087821176372881622
-0.0080603140250078004
-0.0089946103436466928
-0.0083414539113720234
-0.011944935785731869
-0.0086319623680487425
-0.0080242087128759732
-0.0093963145747332812
-0.007796880848019363
-0.0087128661339752073
-0.0081824696418200428
-0.011280334747022657
-0.009316883064895861
-0.0079798079500752479
-0.0091923591017592961
-0.0077278151357772452
-0.0086418841330134499
-0.0096911314954858767
-0.010519174874717962
-0.0088688150532546476
-0.0078854545009723245
-0.0090587769249512347
-0.0084791476727898059
-0.008637035511860517
-0.0093967074082467669
-0.010444867154080472
-0.0088123055481287467
-0.0087047215142242607
-0.0096583029427307985
-0.0084253204121772819
-0.0085108215299471643
-0.0092001938282660432
-0.010396002516593094
-0.0086554708851942688
-0.0083727745670250445
-0.0094020598745432112
-0.0095028357100655162
-0.0092661376664163412
-0.0088042880487440162
-0.0097213911725349614
-0.0093794881550937868
-0.0080928846229973792
-0.0097398425452618585
-0.0093983826273761218
-0.010713464459908154
-0.0083353580971691574
-0.0077132155316092217
-0.0091890335273188874
-0.0086986616487643911
-0.0094715709788425161
-0.0089866905131790759
-0.011802468614462994
-0.0091711808780247147
-0.0075711282189697372
-0.010159004111316403
-0.00841765548913548
-0.0092750053423986765
-0.0086935252544932222
-0.012442722644968308
-0.010059641053156845
-0.0085016467222277566
-0.0097385720183870914
-0.0081685596378919863
-0.0090573412963778285
-0.0092758868194995642
-0.011020995385767474
-0.0094127384682477569
-0.0083422520928374683
-0.0095074090218909765
-0.0080376495722284634
-0.0089981225441978195
-0.010010703131889445
-0.010750562680505138
-0.0091460943205597476
-0.008113266932102613
-0.010270920090627324
-0.0087191483219439692
-0.0089431406049489889
-0.0094624335277155441
-0.010744710696660583
-0.0090520569183748702
-0.0089088580366048151
-0.0097742767707826479
-0.0097876455769651833
-0.0092404020473108844
-0.0092661711744967141
-0.010346570628129279
-0.0098485204438442959
-0.0083565440008926493
-0.010239986455632148
-0.0096087118711701384
-0.010386080987803425
-0.0086083538159132528
-0.0079680412349272135
-0.0094012818256918249
-0.0088552588897786826
-0.0099182149647241407
-0.0092466734445855285
-0.011994165677259815
-0.0093046607114511525
-0.0074228975677593755
-0.0093685983661849909
-0.0084756385766717388
-0.0095800309640875769
-0.0087953370995574702
-0.012559080073841914
-0.0091290991034130072
-0.0083393752137719251
-0.010005627509056765
-0.0082114732072420381
-0.0092747589808288029
-0.0086347720846994599
-0.012063981594561424
-0.0098760109688241799
-0.0083126668312129628
-0.0097817022897065294
-0.0081253325657553721
-0.009178547003814725
-0.010121514151627842
-0.01072342484673729
-0.0093429151660058777
-0.0080988042256778976
-0.0095676231408730276
-0.0088501195819224877
-0.009181914425532749
-0.0098132205349911669
-0.010616126635271362
-0.0092883346971316377
-0.0089499901644718594
-0.010202288188236926
-0.0087681712342897074
-0.009189845602631962
-0.0095979580824888076
-0.010580480007572911
-0.0091057949853126478
-0.0086132068924311619
-0.0099189375736536932
-0.0098894974913469949
-0.010256773894497067
-0.0092154428216237889
-0.0098826066389848637
-0.0099126352423801363
-0.0082756177039439507
-0.010273661252604933
-0.009807416851161186
-0.011866587259624247
-0.0087054160841977604
-0.0079147654422278176
-0.0096798648699694661
-0.0089817852992599544
-0.0099467738026525893
-0.009294646453793895
-0.012522152182239761
-0.0095511071454087836
-0.0076605633017847669
-0.010649256611979427
-0.0086488133636277876
-0.0097457340178021146
-0.008945524095568971
-0.01291013789932475
-0.010449226772014656
-0.0086606692755399999
-0.010219999910475343
-0.0084220171103719689
-0.0095273545979135989
-0.0095756220199124803
-0.011158136846176848
-0.0098035656945282251
-0.0085329948639836246
-0.010031030815659203
-0.008335045795013268
-0.0095295519336631943
-0.010426888960540809
-0.011041833113309162
-0.0096170753688937603
-0.0083800085756713938
-0.010896016522903647
-0.0092375847538721141
-0.0097262270038283808
-0.009927162117830372
-0.011062957476417277
-0.0095782867673776719
-0.0092299552600733289
-0.010352801428132998
-0.010315293002780956
-0.010389348641593415
-0.0097152543481391854
-0.010676295233256323
-0.010423597962591269
-0.0088250914849874029
-0.010878256594146891
-0.010253463670404797
-0.011640115306855374
-0.0091525809865538581
-0.008474025089526797
-0.010064720424510903
-0.0093819357951004188
-0.010575900156421491
-0.0098307856861027387
-0.013007813307222511
-0.0098671679984051932
-0.0079757479653073306
-0.0099961556286056793
-0.0090262113829896132
-0.010190380872765855
-0.009399126896502458
-0.013290471475748435
-0.0096811840168516041
-0.0088413964067894403
-0.010647044277442097
-0.0087146095811702455
-0.0098750001518987923
-0.0091133697413114112
-0.012832991246294051
-0.010401562019528113
-0.0087583560633401458
-0.010258127866528459
-0.008456786798764002
-0.0096655205049180175
-0.010466591297710093
-0.010839826666957852
-0.00975657960131689
-0.0082776030903865677
-0.010026304192772268
-0.0092238558216014965
-0.0096823649422730987
-0.010142262339278944
-0.010693246926228764
-0.0097331335731307301
-0.0091645161731445674
-0.010673166228695111
-0.0091778392627161129
-0.0099851189519756436
-0.0099952119207235551
-0.01065573529069574
-0.0097121427792760257
-0.0088865113559680343
-0.010646811890023155
-0.010380575465797877
-0.011608362981054538
-0.009767561354869933
-0.010022923502759995
-0.010605581797204305
-0.0085282046403734602
-0.011018920939069293
-0.01023490950528382
-0.012740943587747236
-0.0091045836329792865
-0.0079379237484337468
-0.010333505224898657
-0.0091442623527398289
-0.010644106090243457
-0.0096208230692948309
-0.013175135288498431
-0.0099732784250901596
-0.0076422598447033196
-0.011242908187995934
-0.0088455767543429188
-0.010452900732999822
-0.0092291965385532092
-0.013444629674823447
-0.010905923361613839
-0.0086445517932197957
-0.010777851046301218
-0.0085964430984674118
-0.01020469707412526
-0.009798081214846141
-0.01107953660769004
-0.010162130359602414
-0.0085036851994164542
-0.010476438216090711
-0.0085500333565348471
-0.0101531668212751
-0.010542823106484132
-0.010731129530729694
-0.0099331565061111342
-0.0081816539417033981
-0.01133529771185051
-0.0092928879020237627
-0.010462535042163901
-0.009728272100798652
-0.010657156033646283
-0.0096344650055478036
-0.0089774343557348871
-0.010494182349382155
-0.010285756933765976
-0.011073425295437931
-0.0094983622548942166
-0.01019780120080172
-0.010442766630380325
-0.0085739730288446111
-0.011025818593624294
-0.010192769447165484
-0.012340516551961736
-0.0089010204933192248
-0.0079747346906421171
-0.010067560131692063
-0.009130991048982167
-0.010667577768124187
-0.0097008014873005716
-0.013156313857951954
-0.0096920888086325773
-0.0074230426808477292
-0.01005436552900869
-0.008804837406728069
-0.010290230869566193
-0.0092785225578775974
-0.013275002476777455
-0.0094250761663832831
-0.0082681060092192581
-0.010497124439346247
-0.0084420156108215606
-0.0097437376619990499
-0.0088846981757966879
-0.01257490127486135
-0.010061749674619716
-0.0080304149747944392
-0.0099203418035988932
-0.0081747322384606805
-0.0095008435179445051
-0.009885898605981179
-0.010195558516864343
-0.0094364644896311606
-0.0076889718228108309
-0.0095966107931559196
-0.0088733437297411726
-0.0094661193307870508
-0.0095336327467547624
-0.0098926680356276088
-0.0092578100432692823
-0.0084504459088733438
-0.0099688618702213801
-0.0084703133418263885
-0.0097236309003710959
-0.0090502266229157951
-0.009836227097657229
-0.0089014393736607453
-0.0079867680050094234
-0.0095855300078970997
-0.0092972193169264181
-0.011003749678293968
-0.0086165764655913336
-0.0089972612654781407
-0.0092349351137095276
-0.0055592885928090136
-0.007737090105905545
-0.0069758187672128097
-0.0098528617277334526
-0.0056426633573102691
-0.0043027750372803333
-0.0069960638277655248
-0.0056603262453430126
-0.0070400525783832274
-0.005937330118264094
-0.0098881622009515859
-0.0061872491602740515
-0.0038452296768703991
-0.0074378236679633961
-0.0053177158852544563
-0.0067431609806353791
-0.0054389087596738621
-0.0096075733205836806
-0.0067802277347350434
-0.0044215852454151635
-0.0067661749239583298
-0.0049637059719375327
-0.0064888059535859284
-0.0061346440190414723
-0.0088826368338705639
-0.0062516571803033294
-0.0042792096722649667
-0.0064706276695020975
-0.0047809881141068532
-0.0064905199632833621
-0.0063839113315313388
-0.0067038099433381305
-0.0057358830206767466
-0.0039789975043590317
-0.006624875679095402
-0.0050495485666292392
-0.0068048183557751487
-0.0057519523909468177
-0.006677708120745419
-0.0057319665820297541
-0.0045546781348271888
-0.0061168161230119476
-0.0057164743064924192
-0.0074174087400968314
-0.0054517206939830075
-0.0062300632832696257
-0.0062055173718009362
-0.0042984477922121131
-0.0062469603318499791
-0.0057628098313126375
-0.0084552971008312154
-0.004946189651068301
-0.003532221218074786
-0.0059197586077258607
-0.004594978968698607
-0.0060805974363803581
-0.0054116737654892038
-0.0093390332185574014
-0.0052865845375276253
-0.0031985820397818672
-0.0058912977080221281
-0.0045488668623067949
-0.0058634638730836932
-0.0047587306006363602
-0.0089563888293386594
-0.0050439616349205931
-0.003599887080521778
-0.0059943912327277988
-0.0041192938552934467
-0.005562930754384591
-0.0045091852818576585
-0.0084814034051598815
-0.0054372949441489297
-0.0036038375417794173
-0.0055559813632958836
-0.0040936563317182633
-0.0055087391137024141
-0.0052872884551572264
-0.0060083737473914023
-0.0050114927956900505
-0.0034357819337532294
-0.0054597390645782281
-0.0044199582202681465
-0.0055691327473184789
-0.005074220629288197
-0.0060345239215604902
-0.0049478990154359793
-0.0040322967893782749
-0.0056304830373518477
-0.0045778556275632935
-0.0061691998908112132
-0.0049873090526638634
-0.0059001378337566425
-0.0050033824573796799
-0.0038258092370387639
-0.0054138887025181786
-0.0052607190916098738
-0.0077755135873129174
-0.0046058618863826029
-0.0053296417544328213
-0.0052442604297966615
-0.0035943902657799387
-0.0052804019691907343
-0.0051667193036977407
-0.0082868287667235679
-0.0039696750865264533
-0.0027444981555888874
-0.0051664133744547917
-0.0039345073013195443
-0.0052294011171805394
-0.0044847659737163826
-0.0084063221854446032
-0.0044453411310552303
-0.0028419781606937242
-0.0055034012436705939
-0.0038940499606190371
-0.0049504597268646509
-0.0042255085409535981
-0.0080264017359848814
-0.004978087414416266
-0.0032201640008891843
-0.0052076408976186239
-0.0036388741242679261
-0.0049314978812852739
-0.0045021547555826619
-0.0075493939197437731
-0.0045590518709494503
-0.0030894549149525778
-0.0048208849843664661
-0.0034152408416371033
-0.0049449337467026349
-0.0044991068745051186
-0.0049704787172196469
-0.004171527413543743
-0.0026445537070774149
-0.0049903787881219281
-0.0037523007427616795
-0.0056659142242357968
-0.0041041581641622351
-0.0050871146180437345
-0.0042154961137409403
-0.0030891818178098288
-0.0045615366714450789
-0.0042699475981386285
-0.0064381004343569371
-0.0038875849898839516
-0.0047605572480788495
-0.0045195110899484952
-0.0028176963133868713
-0.0045995822099460376
-0.0043205902533998896
-0.0070814883197883368
-0.0034671378547426052
-0.0022154442484184642
-0.004345377320646133
-0.0030441233229697925
-0.0044477181270143173
-0.0039786801502236652
-0.0075757933736192518
-0.0035690451240394071
-0.0017847091940493105
-0.0043423458845611353
-0.0029783069600728515
-0.0042509547097472917
-0.0033325642012438086
-0.0070254352274437678
-0.0035401431493796622
-0.0019833451256066571
-0.0045405162708593771
-0.002748088451730339
-0.0042197944941213374
-0.0031148071048566839
-0.006683967101967849
-0.0039267722364887655
-0.0020425849783330618
-0.0041523544113074512
-0.0027230713828917848
-0.004249232614429257
-0.0036139731809877781
-0.0042133045433592562
-0.0035250334028244738
-0.0019258188891418959
-0.0040600541141202883
-0.0029384723480928572
-0.0043460200529587389
-0.0035738750942044361
-0.0042119959749129503
-0.0035582748898103722
-0.0023570100674594179
-0.0041978598399685374
-0.0030681490867922787
-0.0051114191926603034
-0.0034616997537396683
-0.00436721500381338
-0.0035882384003181884
-0.0022152274146899987
-0.0039736765517918689
-0.003623740864154206
-0.00641637223912682
-0.0031231884966619237
-0.0037753545878717681
-0.0037885365937229127
-0.0020577739965125879
-0.0038016650299237021
-0.0035780150957321478
-0.0066966496377995274
-0.0025355181023427576
-0.0012663124355279389
-0.0037960633051924964
-0.0023561589828937006
-0.003805016889262216
-0.0029877333600444459
-0.0067978566326495054
-0.002912723049027391
-0.001102408624792509
-0.0040187927474468633
-0.0023325429920088301
-0.003635769503328147
-0.0027557332962980605
-0.0063411366652896869
-0.0033475696353482925
-0.0014277449601941563
-0.0037978962896722257
-0.0021613938123952814
-0.0036991505264516358
-0.0029936106711961679
-0.0059400451572628596
-0.0030734556572416171
-0.0013864988943874442
-0.0035051592190424577
-0.002108928397130751
-0.0038393577912674351
-0.0029961384591666172
-0.0034592763032990858
-0.0028681921679116549
-0.0012148846511128917
-0.003571240378390397
-0.0024187364564687945
-0.004707053668550302
-0.0027291032165164151
-0.003608757705224491
-0.0029981190188259729
-0.0015750086547196031
-0.0032433087500712823
-0.0028010082745298357
-0.0055116635257697316
-0.0025349320392812832
-0.0034120311333973212
-0.0031955589186212466
-0.0014655714619116881
-0.0031805221900596333
-0.0029503314823533066
-0.0059559076541391021
-0.0021776089039268263
-0.00078234077346159498
-0.0030610696020172447
-0.0014253547846163478
-0.003031045564341256
-0.0024292956625157599
-0.0059577073688544925
-0.0020138040238914271
-0.00012208930683486503
-0.0029843123203340486
-0.0014138053033953264
-0.0028526984262302671
-0.0018325300401182676
-0.0051625925275523028
-0.0020304507886694202
-0.00016705354934574596
-0.0030621098390104695
-0.0012412170527455841
-0.0028834991733208016
-0.0016332865496545826
-0.0048449846780848384
-0.0023157263490492909
-0.00019360207699161639
-0.0027137894072092055
-0.0012172578160521655
-0.0030305944865659908
-0.0018614849906111678
-0.0025035168197436093
-0.0020389294830837203
-0.00013436480327938411
-0.0026527876885022602
-0.001313008591033964
-0.0031825919017038707
-0.0018506512376417733
-0.0022892367752575483
-0.0021056300030605959
-0.00047901643737963205
-0.0026524027654005618
-0.0013971260482143922
-0.0040668203890198299
-0.0018323431377524233
-0.0025310180573755686
-0.0021689529104637561
-0.00042780009635722379
-0.0025257716858450184
-0.0018123439568326562
-0.0049801667536539373
-0.0015561430214862978
-0.0020247416823864664
-0.0022784092914475171
-0.00035254168629644106
-0.0022491191677534187
-0.0018629791992626752
-0.0050608106976491327
-0.0010478437532175809
0.00058707471183565903
-0.0024000706419803315
-0.00057131822319762956
-0.0023432831092967967
-0.0013473790090959201
-0.0051097883457755493
-0.0013106259445683486
0.00066599153360798072
-0.0024730800348584828
-0.00070071390460172106
-0.0022142794552862171
-0.0011565616226008131
-0.0044299954571220329
-0.0016821730169525365
0.00049495539395906648
-0.0023104968034235876
-0.00058638437858492937
-0.0024942954635679367
-0.0012989623444504767
-0.0041120331783441018
-0.0014940651341146525
0.00043373005092649312
-0.0020741472589694224
-0.00055655026552808807
-0.0026898932227077989
-0.0012166651901862921
-0.0015356014722228133
-0.0013611443553843972
0.00051982661514375042
-0.0020426580707405971
-0.00074334322065661824
-0.0036722585644255097
-0.00105723218703417
-0.0018662714098194736
-0.0015458628541484298
0.000179952775097667
-0.0018307103925878255
-0.0011421858354656923
-0.0043447659370303149
-0.00098472885755330466
-0.0017415049617965604
-0.001687876416615158
0.000172564736766616
-0.0016581664653673139
-0.0013876417214949905
-0.004743807767100647
-0.00069882969693294678
0.00089043811360756326
-0.0016764747552811903
3.1862670858594453e-05
-0.0016546867228174585
-0.0010981937284410825
-0.0046749798617558421
-0.00064963865227213064
0.0012181210128463607
-0.0017304478032006626
-0.00010258436052198776
-0.0015875824967248571
-0.00061994977109858555
-0.0036438572796490924
-0.00071004141109114085
0.0011387678443492259
-0.0017105421791429407
-8.055749272822997e-05
-0.0016689702564563649
-0.00048400526649878081
-0.0034421525212112634
-0.00098556109192648035
0.0010698138111362133
-0.001465447224747896
-9.2364960733018245e-05
-0.002144244917333441
-0.00038800250396377607
-0.0011686467761047234
-0.00075314707236614781
0.0010832322836202537
-0.0013823140048673864
-5.3916766396622221e-05
-0.0022684146560696975
-0.00035844074432085741
-0.00078647142788813601
-0.00085294483811224476
0.00091403873303488306
-0.0012996958550629462
-0.0001421493138661883
-0.0032308389457642397
-0.00040321672079815724
-0.0010777213559235374
-0.00090236739335030486
0.00095282098810159398
-0.0011751025690662112
-0.00038376499091864622
-0.0039572662210779841
-5.0744981213265289e-05
-0.00042216363554816231
-0.00079456201935238597
0.0012276060784152975
-0.00071472865077500819
-0.00030146290127214471
-0.0037906568292974964
0.00042836382586530422
0.0022402090970862613
-0.00096121847056014381
0.0011222496572722786
-0.00081219470515461105
0.00023651341989089678
-0.0035808232780881067
0.00036530845286817211
0.0024146569261986389
-0.00082151440216981283
0.00094617152936885105
-0.00065081352934499425
0.00044206110967305134
-0.0023084795264864846
5.6973529617804275e-05
0.0024312704424740332
-0.00075480419948651453
0.00093975032104659593
-0.0013399033226410418
0.00041519106033946403
-0.0022156462216961466
0.00012702067500963975
0.0022664545226100024
-0.00053073402197046824
0.00097093024455400796
-0.0015991031515780309
0.00067578812921022344
0.00049024849832179874
0.00024508709692440579
0.0023206659834692969
-0.00035395236172023904
0.00095688447865428555
-0.0026420237920347527
0.00068882956376405016
0.0001981338207923846
9.8542727394116039e-06
0.0021655944149551088
-0.00022901745615075658
0.00081888875723004672
-0.0031824616970923267
0.00076008210696733064
3.1328775908164639e-05
4.5249768622596458e-05
0.0021343006467402317
0.00016090769819868131
0.00052203453483357695
-0.003366574440108969
0.0010308371305995309
0.0029047338230865564
-2.6481699531627966e-05
0.0020482416431162683
9.6064380869197448e-05
0.00080823646870740551
-0.002900711421501482
0.0011891228352683731
0.0032071115251068776
-9.2247735805835532e-05
0.0018135410232998556
0.00012449257149784639
0.0012365317136189041
-0.0013645064402039487
0.0011104258490187116
0.003319723861955799
-9.2336139734544615e-07
0.0017191464953391737
-0.00010296436232474623
0.0013382142909031439
-0.0013320809869586093
0.00091896457686160317
0.0031923185270666034
0.00018815098457937335
0.0016720361146203172
-0.00081323616491266496
0.0016803075700201255
0.00099405281973127964
0.0010679690668864239
0.0031586296331430107
0.00025545769493547511
0.001757243790974701
-0.0010088661723736301
0.0015980783792589066
0.0012712231043125813
0.00080660029891876863
0.0029905501453222324
0.00044270457017895227
0.0016256021293496587
-0.0020358685942376479
0.0013951837106702242
0.00090029751109408761
0.00066656302002454887
0.002892748643669132
0.00047762944068873141
0.001529289785024761
-0.0026373846214438959
0.0015773753565405386
0.0011951396507160843
0.00078022518946077037
0.0028365065112921696
0.00095734886324606513
0.0013431529686450711
-0.0022499947326004694
0.0019469056174388844
0.0038769684956495337
0.00053581255245774599
0.0029590268571355722
0.00081459787739808476
0.0020007373142005686
-0.0016563320589420853
0.0021773511664860169
0.0042932353127514665
0.00092941748972929085
0.0027156739118421734
0.00096786894889783063
0.0021984931986043857
-0.00016787194345103728
0.0019571084382291786
0.0044665759961569802
0.00095397785617233654
0.0026257194125448857
3.7394350054008786e-06
0.0022959764688772603
-4.6253134036086686e-05
0.0019548953224535889
0.0043601336414643274
0.0011734604060000429
0.0027031450548030424
-0.00031965268931620933
0.0027092634105906339
0.0025195710263755896
0.0019975367084626534
0.0043369926462400767
0.0015072440382383353
0.0028538617975803131
-0.0010421154967459297
0.0026529899820337765
0.0024298660682392482
0.0017237909335185363
0.0043034212818656749
0.0015723697114763528
0.0029567836784402004
-0.0015441654269067507
0.0026558956430084903
0.0021897917178055394
0.0018817555487804091
0.0041790680707141283
0.00205775622875369
0.0025730865415871753
-0.0015459714845640511
0.0028210212334884798
0.0050406506961030544
0.0017110957297979488
0.0041233981631964784
0.0019210781897722449
0.0027646103811304469
-0.00064634651902794509
0.0030566335621708108
0.005299049663499979
0.0015349783451531877
0.0037679135341364715
0.0018229699088098462
0.0030275660423738689
0.00086027861699269155
0.0028802020018343821
0.0054050348391872782
0.0017019981957760025
0.0034749862640943391
0.0014790535134230139
0.0030929158746325846
0.00082745782610540801
0.002716312149016241
0.005270692829747247
0.0018691132651312422
0.003384318593849139
0.00036114349652496103
0.0036830098051629009
0.0031239335353200146
0.0027828362342016792
0.0050796582104230383
0.0018487873892461832
0.0035965737091209074
0.00010645203969423532
0.0035345558556787332
0.0033844798506012671
0.0024946828359508275
0.0050233356373729733
0.0021633916443584539
0.0035040904864883093
-0.00055863797300415702
0.0032846716222491535
0.0029436174410430935
0.0023263509605704505
0.0048548668500913586
0.0021169623269181878
0.0034386563112992962
-0.0010264904910663307
0.0033694008523710711
0.0031298559469724006
0.0025336080578420958
0.0046647752357869424
0.0027126046694939958
0.0031562481919013689
-0.00044426105690780935
0.0036435516015116448
0.0057817998886130172
0.0021602075423377155
0.0046266795991244201
0.0024418287740943898
0.0035704186838116125
0.00015114137251555536
0.0038043608908679902
0.0058827725817943103
0.0026275521182647856
0.0041979548626772355
0.0024921447575812767
0.00365013616826227
0.0018073101275458397
0.0036701280817228775
0.0059090723374441746
0.0026007773959143602
0.0039434102423301304
0.0012053859388792578
0.003780165757209868
0.0018378195455560043
0.0035097696944929209
0.0057488659035157203
0.0026976362129064865
0.0039843365493384148
0.00081026776289550614
0.0043962668901277929
0.0042017320118707376
0.0035266171447670002
0.0056620853176458444
0.0031985863411088185
0.0042959257215730287
0.00037657757867840105
0.00432049289222502
0.0042758533573085443
0.0032002610682224952
0.0058465271855927458
0.0032160483980020545
0.0045923227423171923
-0.00013834540357776751
0.0042847224818311535
0.0039826702125905153
0.0035310885592319493
0.0056899199560284767
0.0038372829967146019
0.0042654404456678877
8.6528671834097464e-05
0.0044941664952975278
0.0067881317066169613
0.0034823512782034584
0.0059850078131317647
0.0037746837444616022
0.0046406608139348167
0.0017910303081592244
0.0049482096476901024
0.0070823124621404651
0.0033186044042538463
0.005614574035212299
0.0036762801319940122
0.0048865100408598235
0.0035129000378454718
0.0048089179413837672
0.0074821255429868535
0.0036398831491357723
0.0053287288243262319
0.0032841446032789551
0.0049834602389518595
0.0034668877489358245
0.0047508866056759132
0.0074148099525126014
0.0037751972064181383
0.0051710435600876145
0.0019325426594177535
0.0059399486839603523
0.0056583958332844077
0.00471504296970053
0.0071150195436547187
0.0037222453422603857
0.0055687812835028151
0.0016250769458217174
0.0057200391443656571
0.0058761549351260094
0.0043943242057953823
0.0072147016256678565
0.0041999104695518048
0.0055365541480292589
0.0011338194804533163
0.0052904496885906411
0.0053917124729225092
0.0041610663402532029
0.0069949444964134549
0.0040440636791821616
0.0057168949592564531
0.00083705204192475709
0.0053333403404332664
0.0051153724348585337
0.0045410677415938126
0.0067311512677139893
0.0047783552613211927
0.0053626140854101823
0.0017390465483827038
0.0055587735336375269
0.0078964666248660751
0.0040892075421531246
0.0068156019756458689
0.0044576094901750737
0.0057331985613335761
0.0028613313719293215
0.005891181982418686
0.0080248509085645049
0.0047644683569466884
0.00630711127206384
0.0044599871033163064
0.0057572351618251629
0.0045315617239977497
0.0059896358732678973
0.0084201685207903193
0.0046686414655969909
0.0060559678990536143
0.0029362474367294203
0.0060319156505185293
0.0043946537702657905
0.0056859872079303517
0.0081930065832653866
0.0046782022345997869
0.0060497110303303772
0.0024576166956195478
0.0067932482719581808
0.0067479958089922236
0.0056291830102229131
0.0080081993202131899
0.0053721412081563866
0.0064569860653974596
0.0020583431403236427
0.0065566740760422074
0.006704915356632553
0.0051663593629949246
0.0082605035792424654
0.0052553170037428244
0.0069507720647082431
0.0015456662266977084
0.0063981646232086735
0.0063092861631945845
0.0056073976120627244
0.0079487577871204477
0.0060069100183630783
0.0065139560796174624
0.0019293090050106279
0.0064102704479133974
0.008840980283537957
0.0053821734696642151
0.0080581625325769207
0.0057871443140265176
0.00663945864610287
0.0040858798198381884
0.0069187018436420809
0.009022673219430722
0.0051301342630641761
0.0076245313855735205
0.0055752635957858499
0.0068384580549830359
0.0059435722400305356
0.0068001911442660086
0.0096750548538279725
0.0056402835292451688
0.0072602022194561333
0.0051190342564123538
0.0069232399832211185
0.005871239628191245
0.0068773462621285327
0.0096327834772084904
0.0057828899190996638
0.007088241670786386
0.0036848223885890246
0.0083178578000566231
0.0082623124841757663
0.006851554233211681
0.0095054379547140806
0.0057620219703992913
0.0078578350367661913
0.0033885472111505389
0.0081665792943314049
0.0084577447999725098
0.0064597340317290065
0.0097843597831455097
0.006425322538360095
0.0078277197818997918
0.0029430897595335761
0.0076457568242902698
0.0080427841784762779
0.0061998517907039148
0.0094957262609890875
0.0062082260065700117
0.0082934803412170067
0.0028798031002223398
0.0076335696558033394
0.0076852509016680677
0.0067833176463624025
0.0091293839992373539
0.0070665955220774257
0.0078863469737326455
0.0044532219127929778
0.0077191974897003668
0.010450295899693172
0.0061928540487992834
0.0093351988329947611
0.0066709269432924431
0.0081333239981927988
0.0057606939445663105
0.0082256420038730842
0.010550496240387747
0.0071140789077634757
0.0086866173291751548
0.0066017110461908685
0.0080403661814487729
0.0073415447330493593
0.0084500591570525023
0.011063687892976454
0.0068994198286382782
0.0083040940606830659
0.0049108015702097954
0.008400738589192042
0.0071040020157839452
0.0079198538452060294
0.010768863797781606
0.0068679688472816991
0.0082589010821553111
0.0043706078669252446
0.0093784491095127726
0.0094822140620534658
0.0078727012239781825
0.010459399566810966
0.0077731105055714299
0.0089155538377338889
0.0040280530584729185
0.0090571545042314773
0.0094132839874038355
0.0074171671383587955
0.01092005637832813
0.0076897850454440341
0.0097171436619164584
0.0037277718030941614
0.0090910228753460238
0.0091168739317952375
0.0082542369552233603
0.010562678537331614
0.008665383301431533
0.0091686549122711875
0.0043264829444833322
0.0090139346794660576
0.011647685571425689
0.0079283244612833176
0.010749669108070273
0.0084046371339183135
0.0092212439243977203
0.0071414132245974059
0.0096621880302227812
0.011734205753406477
0.0076090498528121036
0.010126398175594286
0.0080791832203357238
0.0092049562668488731
0.0089439679849790035
0.0093826675578058162
0.012406977357447667
0.0083211117359593169
0.0095869521771577062
0.0075101464153864419
0.0091643245539700952
0.0088433680380411422
0.0096108593008669418
0.012199829763069731
0.0085663885820237307
0.0094005079237719728
0.0061342035692775829
0.011245849157152422
0.011028194429234962
0.0094292506136693672
0.011801887501841116
0.0084302806716114939
0.010227371566292697
0.0059155808374363288
0.010916166556188239
0.01111055267839413
0.0089697540709315036
0.012267854517740859
0.0093060887563727029
0.010354564949497673
0.0055913372368533313
0.010566502902765203
0.010867505474822011
0.0088653866922070463
0.011998296290031404
0.0092003447825838996
0.011189660899762173
0.0058225060671934096
0.010653133178727806
0.010474952258075657
0.0098515290568574505
0.011802997182130393
0.010440943712716625
0.01114434333063442
0.0080234278887312098
0.012475836668217463
0.015263992173342487
0.011443602276587481
0.014641252220575381
0.012396571547789016
0.013511091651479942
0.011627060006973724
0.013767346596872851
0.015722198392060089
0.013009624006392677
0.014200808546767529
0.012636555651784875
0.013393848503749582
0.013419045522924217
0.01446825231006465
0.016810596498233542
0.01288952195355512
0.013795750842243307
0.01118413738041402
0.013943008014097933
0.013254930592564055
0.013811389985862847
0.016651401168529409
0.012837509737383221
0.013602629417575013
0.010653808744180187
0.015451093846906287
0.015467077901315246
0.013560487006514285
0.01598314622217975
0.014157231981595558
0.014563519441930734
0.010226217473903496
0.014875783094383229
0.015414220409703505
0.013129501668019974
0.016822980309835183
0.013651041442129851
0.015922268298842416
0.0098115938826221979
0.014546062627394092
0.01480610364193884
0.014216793386632828
0.016220626081706935
0.01496974291429037
0.015410711305873221
0.010537994708136015
0.014239040797998136
0.015452396541234856
0.013604461446205644
0.016842499158925783
0.014628193334302927
0.015207452172993251
0.013440945015411465
0.015432029820206644
0.01724656244501644
0.013270098999855994
0.016043745641979277
0.014265295110118592
0.01502124230631665
0.015246189406637396
0.014937412696345227
0.018307013897429763
0.014323794192954336
0.015449703088623638
0.013781936096757231
0.014868646568948686
0.014981373438421632
0.015918489607563271
0.018010268564562341
0.014485955141841513
0.015089006905682338
0.012220548942657318
0.017358440250329798
0.01692516941896716
0.015356813120545919
0.017457708256762822
0.013983859593971268
0.016090084788212729
0.011807664026966435
0.016747838232234358
0.016718042931154503
0.01482684061744606
0.018247884134381262
0.015187693688746652
0.015698580223694521
0.011228437506764817
0.01617254606430224
0.016254307547493109
0.014208699152873113
0.017548626539913372
0.014760027415856062
0.016800373066592541
0.01137211511650023
0.015705512267093234
0.015449956439352763
0.015132693343698097
0.016649112359197991
0.015836953205994177
0.016176615706067286
0.013292497176495837
0.015299934405690838
0.017946746185891177
0.014377337255376255
0.017429337887272568
0.015340419685965062
0.016005476319381196
0.01458357679591565
0.016426956011509737
0.017925505122845783
0.015839541026617322
0.016810567253831003
0.015133880005403189
0.015746724798491596
0.016377039038322203
0.017604771975399145
0.019375421178588741
0.015479792106557304
0.016233684425851966
0.013824250492306662
0.016704249899251223
0.016004717594018072
0.016483718683393402
0.019070089068111955
0.015252365210193308
0.015908905239962801
0.013084083738362303
0.018342387350933523
0.018325600150285226
0.016155463309614416
0.018464528130163766
0.016821762210329275
0.017157460986973985
0.012647128351622851
0.017566948688220368
0.01809998682731034
0.015476633721086278
0.019524182989731777
0.015989451170059506
0.018536221192983909
0.012243757638064123
0.017107395516783318
0.0175503747018847
0.016751054783594271
0.018710255821005148
0.017458455638178997
0.017928033589059811
0.013512310044803119
0.016617523278488457
0.018285074488808506
0.015889410780877435
0.019407724689058291
0.016858567418870648
0.017578870699544308
0.016468405815375779
0.017771175901212924
0.019581311260216987
0.015347467728662056
0.018280232416234037
0.01626868028243663
0.016970820609999819
0.018182012420866051
0.016933247777162094
0.020702520712115785
0.016290507866263303
0.017478501509459735
0.015408344876152063
0.016698663819884711
0.017497854767168683
0.01779173697402835
0.020132038520689368
0.016132099822118447
0.016935449244867902
0.014036081031433206
0.019264149066645243
0.019339331865647878
0.016856988369127447
0.019428479440712403
0.015497989928900432
0.018057137730711451
0.013452612170214847
0.018578585517722557
0.019019730580509864
0.016311627634012366
0.020248389924566082
0.016731472526884488
0.01756876917394622
0.012819542223656001
0.017780976453659957
0.01844696311106404
0.015553788398176985
0.019391627509630357
0.015989566637974285
0.018826811842937847
0.013556079978762023
0.017340468161053189
0.017613088078300018
0.016654156287498952
0.018447483038884292
0.017160502777413503
0.017922916863343116
0.015605543374493332
0.016683287077837783
0.019792635338266709
0.015647230369906881
0.019156201489747234
0.016470740309248031
0.017489043685161673
0.016759551217103444
0.017708104892654931
0.019512262129357309
0.017066421124208288
0.018052126785585574
0.016076378715481426
0.016795849812582107
0.018267989128857371
0.018570922992735748
0.020506691738055999
0.016317350780120535
0.017106986187661082
0.014494872151380884
0.017586117076428404
0.017441352888318128
0.016743566795758575
0.018503500133232233
0.01543341801941586
0.015686690159418676
0.013313054271349
0.018395248140827422
0.019191497251960947
0.016143538750479854
0.017843480470963329
0.016761093134242993
0.016815742071853216
0.012767076429377307
0.017504602877973858
0.018668015386941003
0.01542890548205997
0.01898657449931844
0.01593692252876969
0.018219318872984919
0.012569180292424128
0.016971015447696462
0.018296693679917878
0.016625340604786213
0.018219971279847019
0.017333976023279137
0.017611905405769124
0.014093905751399745
0.016460086403160941
0.018914315711535554
0.015825180716839794
0.018811051965533312
0.016712726213216508
0.017311684142541587
0.017369283765660389
0.017504519387938428
0.018898912931360232
0.015349425438237472
0.018019877933386635
0.016197708307511664
0.016936928678972625
0.019514687434609941
0.017021021094927206
0.020199256895894871
0.016545087920981031
0.017117722864904615
0.015379847351318121
0.016664433536508972
0.018959859181229319
0.017847657444091791
0.019914283735043992
0.016165696074358533
0.016710124832249845
0.014142539691564111
0.019724008962549548
0.020635456603039018
0.017031813080876021
0.019322853519354161
0.015712497498189655
0.017854356305646947
0.013578637756761592
0.018941296396843391
0.020322480632596309
0.016354551053689728
0.020173363102369588
0.016897730853215272
0.01757024612105218
0.012917596910318416
0.017957833338674092
0.019556661949258852
0.015839306691257663
0.01942981293979305
0.016369594961253685
0.019089496344683984
0.014654831035206638
0.017447568046140026
0.018824137733705688
0.01691805438169635
0.018565629159699233
0.017424264808809528
0.018344892733506236
0.016841944718382441
0.016801412484210233
0.019488637143565253
0.015913118220756771
0.019266440777544365
0.016837158745587874
0.017924312412876453
0.01833959987136206
0.018029774444115427
0.019506473398152764
0.017615139135319258
0.018239392578512547
0.016430397950004848
0.017403568642193855
0.019950784167166138
0.019098884862128115
0.02080742473793732
0.016974750725996836
0.017433928298475784
0.015058825088902605
0.018407942582934725
0.019370200405503725
0.017900146086407633
0.020286170369936685
0.016556681597879527
0.017134187794720458
0.014245507128616899
0.020036480364390586
0.021071124242176123
0.017381205764541999
0.019581546953807302
0.018108466305379933
0.018386684443237305
0.013930101454294633
0.018900653005197922
0.020498064000397512
0.016633881068744069
0.02073312271821498
0.017237036961020923
0.019974172349973
0.014233411154765573
0.018339565454972062
0.019992346746770886
0.017949687842363168
0.019780375296850811
0.018691045225019045
0.019243419359211592
0.015799753887956968
0.017641514323214941
0.020531856387927365
0.016928234760836987
0.020334172302167542
0.01788884945096934
0.018837930319721929
0.019092615304516173
0.018711137286483846
0.020172214324841217
0.016442589549806461
0.019217503114279097
0.017281080464954367
0.018126974476767616
0.021038647970439483
0.018071334699108599
0.021475388667916817
0.017649290819733234
0.01826062180917358
0.016236060347820422
0.017826036049406302
0.020409658911558531
0.01907260923503545
0.021196867559197804
0.017303231871422964
0.017828139094454472
0.015114465809178228
0.021002829382788048
0.022048181940805139
0.018131825565229822
0.020593731745106071
0.016770345464835912
0.019071666998057724
0.014493952465152789
0.020220158115695608
0.021637806333292039
0.017428724666366302
0.021539279805047711
0.018113020302569335
0.018823086255847107
0.0140612978414999
0.019252377590921649
0.020922657872314714
0.016869617914063311
0.020794451426346002
0.01742936816279363
0.020462704270253727
0.015938902791308177
0.018731277962843327
0.020168212507061814
0.018076692190607827
0.019804989304550016
0.018567573262087664
0.019682723042011779
0.018352987012485944
0.017970486136463182
0.020936699059049563
0.017043312320823883
0.020608339338393709
0.017895440550675205
0.019237008978546268
0.019955439509511341
0.019238682630018669
0.020808234492899008
0.018810783400145956
0.01943681703400045
0.017420581215946588
0.018539231632010322
0.021573922828128967
0.020330368876149085
0.022195678633479401
0.018081154853497528
0.018587721170225096
0.01608012544799187
0.019625538856648271
0.020784396005423662
0.019046144125467127
0.021571880835974829
0.017592204926724142
0.018184674135462202
0.015170528915756772
0.021242069499209808
0.022370213123966132
0.018347276385771327
0.02079638334436763
0.01921488602778066
0.019562103928646338
0.014954138847496754
0.020102796606876194
0.021780334479176433
0.017610085065078298
0.021984834202218265
0.018285755512964158
0.021261516672015753
0.015387226254901021
0.019475108830689647
0.021259890000391201
0.018979205363191191
0.020954962814449349
0.019648446378467205
0.020533803625818331
0.017061539012884396
0.018779999146770896
0.021836893827357769
0.017995492584333035
0.021543735384616996
0.01873665180653148
0.020008362460499543
0.020539057078133329
0.019801945292403502
0.021401931573809905
0.017418727656776122
0.020342376366617447
0.018006019247389333
0.019186012602114839
0.022451552582871823
0.019101058246426827
0.022669779102592845
0.018644359601011407
0.019215922714622549
0.016885458099783424
0.018750265986861879
0.021681958770643679
0.020078750844861409
0.022279313764540544
0.018205143154199369
0.018692368776730053
0.015733878419731791
0.02201906412958406
0.023002798858767139
0.01899532189027418
0.021321352012121784
0.017605534790982164
0.019808951234348761
0.015062769186541421
0.021094828042249835
0.022420029766067009
0.018195661126737362
0.022251456475468712
0.018932394885421134
0.019540151201407042
0.014776452151698189
0.020082361450762372
0.021574504040286668
0.017585048553942582
0.021400090634341687
0.017960284419263606
0.021210156148808713
0.0167654298306044
0.01954535519993799
0.020899784641385422
0.018841339082950874
0.020421692285925705
0.019141362364773814
0.020459314478975796
0.019331214701211026
0.01876330913205633
0.02170485805351012
0.017832281733705189
0.021279393247968046
0.018469176692644435
0.020010414097904414
0.021043161431253978
0.020111958565414732
0.021677410827561413
0.01979556756009402
0.020371558889211636
0.018038286006468743
0.019478479726389174
0.02298226599410726
0.021386408697324975
0.023223436664872612
0.019146833900943579
0.019518095099036615
0.016871107934252474
0.020638463221361713
0.02221086159535739
0.020058122397448839
0.022731490112998447
0.018565766489323197
0.019166303864149956
0.015900660200898826
0.022454401823114107
0.023772513566307964
0.019395731632561621
0.021961052391130106
0.020351379645473858
0.020615320782533295
0.016246645880869642
0.021271597199518853
0.023092681486935131
0.018567821506202405
0.023110208293353696
0.019326000925511951
0.022460769096821064
0.016584682961627673
0.020605008297364544
0.022495810611561865
0.020054327739914089
0.022040445531327012
0.020525179956368045
0.021778708825553036
0.018489733162644923
0.019793195713225787
0.023231085418833387
0.019027938656601157
0.022793543175426242
0.019627635036157345
0.021310770063098797
0.022137455198039863
0.020856579706865528
0.02240220520305548
0.01844182170763425
0.021552944280115848
0.01889613959306757
0.020387763572929228
0.024189447843227161
0.020167970662186948
0.023983123454529253
0.019743683151065665
0.020435699961578038
0.017729925903661018
0.019972108169276203
0.023345986439656935
0.021274166822972545
0.02361665157415398
0.019341307489302434
0.019856858151889516
0.01670907428902384
0.023388092973314359
0.024767466162777686
0.020166936202184259
0.022863715910598954
0.018695371943690784
0.021204572838570229
0.015954028775791277
0.022528244620325596
0.024012287541185579
0.019398051916663203
0.023760513715300715
0.020156311125567164
0.020923083347803371
0.016201993631608954
0.021375966721080251
0.023132642229966138
0.018698594210922112
0.022861902500477174
0.018917818861890551
0.0226851750376456
0.018308452662427276
0.020784802012222013
0.022298395849143986
0.020024646378908204
0.021717102509754428
0.020124139185483999
0.02178464293835879
0.020846619136204909
0.019768532140099729
0.023045701124113055
0.018820201393940379
0.022527724426449715
0.019290645204458154
0.021194422699470552
0.022458310399999008
0.021015637737525936
0.022634432432436267
0.020736452063304139
0.021269530300208041
0.018729887021817198
0.020347084695504662
0.024160791850793676
0.022311138259897875
0.024153108020838029
0.020015978508792935
0.020386202297615185
0.01758949816332751
0.02155297826446095
0.023284084914875255
0.020959901664464518
0.023680763909380589
0.01940215829454444
0.019990456627907098
0.016558935237128591
0.023394475904126303
0.024721479098246232
0.020201059473173792
0.022874478757924269
0.021227618667767494
0.021492422758448228
0.017068549512577511
0.022186144559775571
0.024027188382772371
0.019352240800342809
0.0240720933921711
0.02019340918853214
0.023422104517945033
0.017482955903526668
0.021473406284201361
0.023406151477568481
0.020838285392898188
0.022940466999240017
0.021184308024245944
0.022720908571966958
0.019473381105313853
0.020619950837363368
0.024223801269011795
0.019824928950269129
0.023710091218691269
0.02024699316669774
0.022212651441909592
0.023285654109165017
0.021624871899316368
0.023387338134876333
0.019173102580438226
0.022410371705982812
0.019384729473224133
0.021196121171164616
0.025351417105842503
0.020866910220396256
0.024864034242604284
0.020437257499541766
0.021139528648421089
0.018134632044055205
0.020601477716945871
0.024403274540289888
0.021938943316737475
0.024459652564335438
0.019928132192085533
0.020490252710254089
0.01714547499643931
0.02400441683662426
0.025462850790396691
0.020708216140490857
0.023571320996104563
0.019218056027677392
0.021762353826890849
0.016259638244207113
0.023091463434168125
0.024612371153254025
0.019838324534376211
0.024449779079897926
0.020712345027107022
0.021532369732886237
0.016583199455351482
0.021949018576852081
0.023738593445576363
0.01911481937514576
0.023413352806647816
0.019113913233645523
0.023328942493269809
0.018857752503132926
0.021275234621950335
0.022884808739750104
0.02044545902383469
0.022222670100449066
0.020261045298738855
0.022414645264518956
0.021515273392578933
0.020275933462825791
0.023655202479912589
0.019275626729938308
0.023048490806290966
0.019405436948708311
0.021691233284740524
0.023209819411121536
0.021432217122102006
0.023195064025162197
0.021089394693490429
0.021723684209281505
0.018753030503799558
0.020761504783233495
0.02483683604920392
0.022762595373430766
0.02464491248090625
0.020363623224157482
0.020687249338213049
0.017761759855310356
0.02186611808867089
0.023793254928118301
0.021235614818937994
0.024026055060360495
0.019606165156024657
0.02017422800697527
0.01656405567274527
0.023598406666415092
0.024596114577592358
0.020315952311159426
0.022693431487044037
0.021393807513315644
0.021377992519563436
0.017042733363531206
0.022197881526264771
0.023888867249183186
0.01936447706666302
0.02385566364676887
0.020219102654978269
0.023298244951020688
0.017439625054896348
0.0214812311484564
0.023107573138556776
0.020823632337624274
0.022625220874914555
0.020929211765709083
0.022589193720411883
0.019578322628562576
0.02061130254337503
0.024046966046602902
0.019808354448282047
0.023480086122211804
0.020002787540345703
0.022109727168083661
0.023533840289903876
0.021579690491582374
0.023214008852769186
0.019207431773752743
0.022167563292297472
0.01914948743339457
0.021027002742271372
0.0255812842943847
0.020807709587423541
0.024660109240649455
0.020510967212184095
0.021051591166509651
0.01795690014434578
0.020543783602985664
0.024642017720381187
0.022007793635538415
0.024345810603074617
0.020065982943858123
0.02042317309076153
0.017204083020296357
0.024102732007580643
0.025624853841317467
0.02078245860611555
0.023606644639542738
0.019355891176121725
0.021800467014425187
0.016401554741382145
0.023319421405603738
0.024797407059972385
0.019975288142443513
0.024485904282674269
0.020902575858390234
0.021578792164171131
0.016746077593260883
0.022169612615957148
0.023965614773051244
0.01922136710380614
0.023437293349287062
0.019116670392450887
0.023479811027714733
0.019150150229261372
0.021477984028325729
0.023059764321017109
0.020641775396070015
0.022285719543697218
0.020368809553770441
0.022600321881119347
0.022054186669181956
0.020404630983568425
0.023927289685558194
0.019473524495845908
0.023231763748991521
0.019496295329742442
0.021943954216963876
0.023868668005807007
0.021604731112590914
0.023272368281852064
0.021423001450235086
0.021939591287111274
0.018922270464657834
0.02100897933304029
0.025596419510632847
0.023020378592202399
0.024894357692868834
0.020695807934706153
0.020956202931687984
0.018136889496088632
0.022216871536270461
0.024414523447679061
0.02157139047468299
0.024333293970378995
0.020001489288848571
0.02047514664361209
0.016988984272504538
0.024096138833322418
0.025451498944685201
0.020749216604357988
0.023441189993208301
0.021861501903457321
0.022020853145682168
0.01755864663235918
0.022862190868029052
0.024713325088465736
0.019875337987876628
0.024575205429321113
0.020761404854247462
0.024021166650815207
0.018150967449390557
0.022090761100331726
0.023971491615795947
0.021386724319715441
0.0233582271576614
0.021428949328421085
0.023371085805536332
0.02037413745501274
0.021184219750277674
0.024859915759639844
0.020360464900673187
0.024206090754480911
0.020490907295049356
0.02278839475640761
0.024435223429744978
0.022034145418609263
0.02392443429047646
0.019662819730254008
0.022822874683957932
0.019552706342160376
0.021652575040475863
0.0263919328388128
0.021277188522707241
0.025247624476055004
0.021024945620985325
0.021568657543827436
0.018347832165901863
0.021044808548190408
0.025404735850065543
0.022500680950204299
0.024914533821123942
0.020551469825632711
0.020957134985562249
0.017733383071036536
0.024714616926041672
0.026265298161748673
0.021303395219058635
0.024212429639952036
0.019871909987252388
0.022369355278278935
0.016938413336097677
0.02391143225763951
0.025446917855238827
0.02048394526402831
0.025160585503762725
0.021442423312424744
0.022175158951438716
0.017340874692354884
0.022783569074444173
0.02461988622429211
0.019747082292253547
0.024104454477786787
0.019650414492175368
0.024191869336217139
0.019870145490059058
0.022077572269865606
0.023737085629685396
0.021200878297322513
0.022970559229525889
0.020934063758860619
0.023341795563901212
0.022857145038975096
0.020989121517123888
0.02468560892943264
0.020062946889488599
0.023962362721773676
0.020070417479185903
0.022669696160395349
0.024830008227764332
0.022192610338400968
0.024045525411530256
0.022034043355745506
0.022649080856796181
0.01942901067485556
0.021682764843596828
0.026576704517928342
0.023668039250600865
0.025621404591010248
0.021277936972901031
0.021559795642416942
0.018819320321994466
0.022808478546083553
0.025303032125531685
0.022122050040162676
0.025056068008991052
0.02050860242299949
0.021054035082433115
0.017584873034037208
0.024675214734952475
0.026084140375772058
0.021272189116157626
0.024097955808316633
0.022433160467529412
0.022584227187660861
0.018208148413322699
0.023397213889716072
0.025349052253629035
0.0203340118847475
0.025274761110547106
0.021291183573529823
0.024700123328972329
0.018799438822405149
0.022662494675256911
0.024608010729660321
0.021904897465104992
0.023958727768347052
0.021953049469478302
0.024079247546792953
0.021097821459894913
0.021675942999150488
0.025530091214624996
0.020832071860875618
0.024878954512626807
0.020935857484883198
0.023516633720736747
0.025292212928080586
0.022649940140955508
0.024620119979150111
0.02020120795527065
0.023450619210998596
0.019980688271253169
0.022247809899103403
0.027286216070200622
0.02181600614675179
0.025965859783433531
0.021480139382298123
0.022164004811583506
0.018693152939940508
0.021586495798807462
0.026198340359574995
0.023103420858759358
0.025536606593899846
0.021020185864017851
0.02142996798548822
0.018284429946386769
0.025189620624624251
0.026832161435034446
0.021739193177624946
0.024706952407181446
0.02022136364418502
0.022761302192509453
0.017358325387459378
0.024284837654082052
0.025490127156415177
0.020834766798265434
0.025291840301224937
0.021816595961058342
0.022341295814920486
0.017813427175179166
0.023045285339317777
0.024665668839131429
0.019984873817647603
0.024176096193962115
0.019830703870589172
0.024389140539304997
0.020325242520474695
0.02233810688078328
0.023669145363838306
0.021459294304074263
0.022975956265679574
0.021142040819880973
0.023538189307316895
0.023460916812799187
0.021232267682017872
0.024781596300167102
0.020338441670958815
0.024085000229817619
0.020273458127609476
0.022895920888513367
0.025352905281997108
0.02249751281896735
0.02414838784600214
0.022425364086614333
0.02280835901639796
0.019672063460476438
0.021861518191333286
0.027133004167684625
0.024080468792127774
0.0259886167775733
0.021742736628908365
0.02207616931397265
0.019668537922961502
0.023254859542262564
0.025947146808962117
0.022633004137243458
0.025482045006227961
0.021020033440171705
0.021542989555178173
0.018500860849106088
0.025208927252252666
0.026652970324521363
0.021761075156909452
0.024632702966103176
0.022959717603878861
0.023176314842501693
0.019209327722386385
0.024013311425553657
0.025954113467977456
0.020862273895886144
0.025794490401743253
0.021831096168323447
0.025280241068407511
0.019833763275158147
0.02324518849971809
0.025223313995362647
0.022415811667091182
0.024431651174641616
0.022386860841000483
0.024706801061417684
0.022136091997374648
0.022215701585994077
0.02613487562497039
0.021372377440902292
0.025469710065780908
0.021419081240369411
0.024146312734027498
0.026333239049138132
0.023119694213347006
0.025252223788295759
0.020721344109233156
0.02408233511269291
0.020398099940026192
0.02287384317790148
0.028249397046233152
0.022323518629324232
0.026433073430980555
0.022133439728228763
0.022886195805062844
0.019210539260990266
0.022179514745573205
0.027256911063390801
0.023743596668117463
0.026207532062348115
0.021624704714175561
0.022207833544041027
0.019375766168562816
0.025943647345790122
0.027542728227056411
0.022399810693418835
0.025389705322238599
0.02087599608095593
0.023570598648982154
0.018498756941428086
0.025106583949242429
0.026667871177845321
0.021588647562796961
0.026312277999153189
0.022503690292592957
0.023313656186970441
0.018967726286837863
0.023967117843660672
0.025785817632424761
0.020758412566462343
0.025099057246874806
0.020539471791244851
0.025392413803486186
0.021643095973704382
0.023140635196991464
0.024763042729435709
0.022243720770155774
0.023932893567946287
0.021880844316264893
0.024483933437645853
0.024643279621718327
0.021935590058211281
0.025754892026434828
0.021046888097760934
0.024978720740330675
0.020940547458783803
0.023633960229596927
0.026437045849866204
0.022963631869836555
0.024870151860486536
0.022965465775666539
0.023528570431219975
0.020211892494613245
0.022487474976277174
0.027982693465418852
0.024573899276844575
0.026390758858109289
0.022214433879304097
0.022539480811924265
0.020461227646904053
0.023695767428648838
0.026594259224670447
0.02302078739926847
0.025835319144350305
0.021417883825114364
0.022102170100099995
0.01937332050544445
0.02578352235184973
0.027208638139814858
0.022269381261920608
0.025140512796133725
0.023429688281422483
0.023728311846843333
0.020186413854836705
0.024544953119641874
0.026537986792093512
0.021340647159606336
0.026399166941001799
0.022204470073400793
0.02588363011078124
0.020796405179184563
0.023767692591326987
0.025766980719893435
0.022988558590267032
0.025042189755399763
0.023279386764879659
0.025318052866987899
0.023207535904756976
0.022619799611498331
0.02665295321642052
0.021837123024310769
0.026185095150396277
0.022247560881693797
0.02475560513559329
0.027220634406579756
0.02359030409415179
0.025839516447621617
0.021202427893883272
0.024715373255414556
0.021267214020487486
0.023414118478636892
0.029231891629918766
0.02267323509342126
0.027039293902240236
0.022480661241492689
0.023483155277913993
0.019902103541080639
0.022654650935237896
0.028137773443134236
0.024088372388883061
0.026581808676984883
0.021870763713147577
0.022565186140832902
0.020175584504139487
0.026024649544353899
0.028045485278175745
0.022522924701461944
0.025754868647248068
0.020949154446607977
0.023897332233135674
0.019124975046732967
0.025172439728180684
0.026941782969559302
0.02171874262474242
0.026695100305870498
0.022588511897831898
0.023532741137504587
0.019580006854739183
0.023968555828644052
0.026057774075187265
0.020805652521701322
0.025497176117895357
0.020991555817662017
0.02572927591470087
0.022313332649727964
0.023151563730156473
0.024981588743069785
0.02228000114707749
0.024191187087999166
0.022299221650087433
0.024775603062461196
0.025201803678100369
0.021763642555111221
0.025890161373597849
0.020944598224443733
0.025185592105499852
0.021095832916831158
0.023886287250542336
0.026990526033677412
0.022981567548423999
0.025002153026640793
0.022757444904950425
0.023715480961172219
0.020386081642664297
0.022562563865169298
0.028535114555430389
0.024498051432579725
0.026473915510763817
0.02183400511847498
0.022619041366931714
0.020546430785913752
0.023659190246375007
0.026917739240372406
0.022838340777649947
0.025677694777920479
0.020980853017105679
0.021788680436975828
0.01920079200453035
0.025123347024369434
0.026895031304981682
0.021697230961959902
0.024602533968224042
0.022611574267129349
0.023030252167671534
0.019601398984814548
0.023602910555200269
0.024467713541820934
0.020302771914245305
0.024398978824313456
0.021065152897700317
0.024030734263412852
0.020020159511984704
0.022174730803378239
0.023729612476843995
0.021626942594448178
0.023134175108152164
0.021882484385193163
0.023617961369729584
0.022343344834672565
0.02115818098395433
0.024338525945194686
0.02054509194755514
0.024095811997239248
0.020954488156773879
0.023032761286799579
0.02648185245478718
0.022011598980305871
0.023763565955171682
0.019876598878239119
0.022794869708362107
0.019877443355883061
0.021683918710818408
0.028165094064793148
0.021222914533022986
0.024885903242689675
0.021153682937210462
0.021515438038228037
0.018649822962468563
0.020766026075434575
0.027238439977908847
0.022441261987040016
0.024428347205355597
0.020417250120481754
0.020910203192678743
0.018973405983492984
0.024376466928456905
0.025850098739959089
0.021193983867052416
0.023700800857035981
0.019742261925083701
0.022095404611438794
0.018078498890286846
0.023596804639078792
0.025058271026594768
0.020351738281024705
0.024802511542948189
0.02118476301253774
0.021915299565954963
0.018590650943223347
0.022655486932526017
0.024208758828653601
0.019640718766353711
0.023583917750685326
0.01990792876709296
0.024001452844627336
0.021597444984853147
0.021793442840354917
0.023322870195117522
0.020936032109826981
0.022429517205767406
0.020944104024492489
0.023265288555763767
0.024419646753833887
0.020444379008431938
0.024091759252925067
0.019858657615790327
0.023464363817683458
0.020046650625457886
0.022351807119047926
0.026522926417261755
0.021638054680047789
0.02348217650830059
0.02173330854307625
0.022260815090554349
0.019344909982447575
0.021255360177246618
0.02788150679884726
0.02320224107939203
0.024824336781610352
0.020964672207807906
0.021284168642616366
0.019802672649074218
0.022361406360170116
0.026582394341306298
0.02169357688385826
0.024211566914241232
0.02011844942487355
0.020632104424634125
0.018504562101169929
0.024117647789362987
0.025408428381084827
0.020806234880772018
0.023311109891951794
0.02188727638523974
0.022097851832725213
0.019234977499614819
0.022911689404872683
0.02465805773821423
0.019969875131214655
0.024440547703955807
0.020645281809699583
0.024162030786116277
0.020103840904552965
0.022171228802017731
0.023992057611170216
0.021514291420946418
0.023194790044862294
0.021865548252052235
0.023763610867405697
0.022624062242772382
0.021099978600724593
0.024671428232503824
0.020449567076056548
0.024301470216459089
0.020961093747941542
0.023257019942460405
0.026743954411377967
0.021984967294798406
0.024008005866356673
0.019861072287686413
0.022901083446978492
0.019930837981256076
0.021711283008008418
0.028345074677493903
0.020998808440166536
0.025007173767256061
0.021016513510464463
0.021626347146894709
0.018635353152471612
0.020893739359817139
0.027267433884476496
0.022384310879363351
0.024418267350996451
0.020404927783696736
0.020951050565658234
0.019144684267054731
0.024345358326192824
0.02591252350474928
0.021082831322927931
0.023718276820213418
0.01966644523313622
0.022190857587205938
0.018197302748608035
0.023614422292244929
0.025104682293534734
0.020352389758852275
0.024847500576041008
0.0211983205153322
0.021984558259432074
0.018817665636708881
0.022634348870618364
0.024318181364239154
0.019602624782884423
0.02370393587551824
0.019953280884304571
0.024120824453956979
0.021714572767454473
0.021812405917107393
0.023377649204438071
0.020971952909153217
0.022544963675788465
0.021173051668744607
0.023393823659890501
0.024665589227220466
0.020442730768620476
0.024256380818923975
0.019913427383056195
0.023675893139015917
0.020266300786754874
0.022543048172544818
0.026728190128591185
0.021727116136270673
0.023648658257323187
0.021835195877993391
0.02244575401128315
0.019600841030578488
0.02142297581359447
0.028135596402969192
0.02327018736847019
0.02503082581414803
0.021036763617737382
0.021502021626212415
0.02011024544401523
0.02252872795397598
0.026827926323506203
0.021771389144680488
0.024315644795479676
0.020176867835063214
0.02071643540442707
0.018790972147338283
0.024106601558798985
0.02559915108234144
0.020814275417841196
0.023443053477399479
0.021892091280913632
0.022219436242784378
0.019537616815641166
0.022917164863802866
0.024739174960372673
0.020011140631124812
0.024574285500672328
0.020681963501745605
0.024232586556618082
0.020461852178742204
0.02213805840123546
0.024081708830713398
0.021488602615106153
0.023344365835260426
0.022025383426431566
0.023903323973062732
0.022831706937374064
0.021118828909465974
0.024747306152424396
0.020456115863954433
0.024404593678997801
0.021124045633494772
0.023376017096712425
0.026924689170807745
0.021928227527812989
0.024092238706365506
0.019808251089072602
0.023011922434974252
0.020025242743319977
0.021869715623697085
0.028415667838113765
0.02108330015772495
0.02511336196816269
0.021012443865390171
0.021771360934401466
0.018759605447235372
0.021005753064153615
0.027492314255866027
0.022447329431892673
0.024555977237674786
0.020346010130496719
0.021089826560898854
0.019288578343978395
0.024382474980334742
0.026032271489253345
0.021130305925222609
0.023758401477004219
0.01960648557647263
0.022159889379566242
0.018305581973041059
0.023503052342429165
0.025111383842775992
0.020285994680289129
0.024799182598886773
0.021032132476303506
0.021866583468225669
0.018855338280441659
0.02242558539347329
0.023761297650821973
0.019435406915418802
0.023237653374320065
0.019861633451478379
0.023683056021821351
0.021676371882436818
0.021451532648615407
0.022818168305051616
0.020687659276824828
0.022060148249462286
0.020918951689694168
0.022967936906540923
0.024504831882829422
0.020118792639371774
0.023586356672412434
0.019627792199484892
0.023103776422144489
0.020026223579293654
0.022065006862711151
0.026311994996621884
0.021358368234458015
0.023046848006309708
0.02146753608628053
0.021966734214843471
0.019352361287568814
0.020979661124072766
0.027407810349324095
0.022904444514198759
0.024390935343752619
0.02074468571785355
0.021049454977542927
0.019977578375972464
0.02202328690911785
0.026248100673898329
0.021395210052368437
0.023769397937240859
0.019866967147608862
0.020431313515276311
0.018720569221860439
0.023757042193594077
0.025053647529014993
0.020568964181805378
0.02294344920142705
0.021615981385816954
0.021884045754489628
0.019637736245678342
0.022591147559119489
0.02433853430506739
0.019751976224291874
0.024179485142764235
0.020392131688113969
0.023868850340627908
0.020461264867364218
0.021901676306111451
0.02372568202407338
0.021266682731402173
0.022960673806427429
0.021886894723097485
0.023506153150145561
0.022902283630330471
0.020851149332357922
0.024403826220809138
0.020184057860629313
0.024011836101390956
0.020914748715017688
0.02300441178543108
0.026703309319046551
0.021647304899901628
0.023683918556861909
0.019566810018241693
0.022657595697020489
0.019904915176425897
0.021518553820575367
0.027948000773768775
0.020747319003244193
0.024745174933120593
0.020779492346745931
0.021552525297809096
0.018635794282756409
0.020730126108947103
0.027061167095605614
0.022148737135804612
0.024105663506276263
0.020152596132897948
0.020892680625862099
0.019364027219999476
0.024058485877593072
0.025799781132955876
0.020878527482426568
0.023433827412647195
0.019367290724486612
0.02203353510090315
0.0183684612212506
0.023320232099078138
0.024777926839842201
0.020137831734957461
0.024477229028473248
0.020863613370918559
0.02171753585363136
0.019105209020588938
0.022296040324713527
0.024015885048424862
0.019365273739399252
0.023348956770113904
0.019883835418496601
0.023777028597465402
0.021939912414283117
0.021473204839701755
0.023035995622394018
0.02070290691848127
0.022145617653309236
0.021016909297133315
0.023024140537603519
0.024748944148143982
0.020083621161276273
0.023805204254400157
0.019594451432515356
0.023245945248748606
0.02008613203290182
0.022134464865783465
0.026443644581521809
0.021295113932878394
0.023127961520738295
0.021368900084143126
0.022001158272654767
0.019392746417926741
0.020903101318256255
0.027354824601109082
0.022623567404527256
0.024224943239870764
0.020472700739958452
0.020973626040151624
0.019994189500703169
0.021865468344505652
0.025966274961045678
0.021134490852759494
0.023448298014530598
0.019583350942871582
0.020224739417020902
0.018711552787897618
0.023446388160612536
0.024751545713839113
0.020273363479703547
0.022600868898137276
0.021263542253178627
0.02165376099884082
0.019675975793148812
0.022218981940566783
0.02401259430568586
0.019508566547127945
0.023869333223270419
0.020079069383711845
0.023580564039179987
0.020543396971528467
0.021504902174547896
0.023406488714962145
0.020958765935326477
0.022714396609781893
0.021671538596686676
0.023223344288795324
0.022873140660277957
0.020477167925541589
0.024027144521957387
0.019892114955366167
0.023730990514039461
0.02077803739063187
0.022702953939081203
0.02648987134135412
0.021290629578408004
0.023368132554695192
0.019248923132466671
0.022408676007485476
0.019761263439264171
0.021257577176906985
0.027533445098738691
0.020398439734265465
0.024386636816280768
0.020408942736213628
0.021313791420929453
0.018481628662897841
0.02042356857581179
0.026753906206428344
0.021721124832223233
0.023754655872166092
0.019739429023258787
0.020616442928865164
0.019213113009491165
0.02360638650233262
0.025442880984073189
0.020437449503726494
0.022958887140131466
0.018888576161053494
0.021522060738812725
0.018125969319384046
0.022548053571893073
0.024289462674878193
0.019542034893436373
0.023988952918898993
0.020232910820017731
0.021203986946346478
0.018882541412817012
0.021474895703355312
0.023411247624385775
0.018767203176433111
0.022854499285755236
0.019444538410572785
0.023157480771832294
0.021705234303942212
0.020632757391800448
0.022418869372202863
0.019962319464262506
0.021594344894959198
0.020473624187879624
0.022485307165566095
0.024249256795519085
0.019322019830929137
0.02314129993287822
0.018892025083746416
0.022589161317982758
0.019528958013357339
0.021556857107072114
0.025940440925342808
0.020410431720332984
0.022408611546728747
0.020305059713645178
0.021328954675434785
0.018661105203030787
0.02032347468504014
0.026460466456349412
0.021862120677606511
0.023462557796232644
0.019560354913420765
0.020396792225658544
0.019347110247257493
0.021185815409459331
0.025292096766911243
0.020340201849335781
0.022732905656700022
0.018602100395283348
0.019587632000721718
0.017972481333383122
0.02245871365736599
0.023935409241617519
0.019394820762600802
0.021730875266081456
0.020199056559663517
0.020636226703764648
0.018910166427476404
0.021007952734650989
0.023067556852429394
0.018434335037663282
0.022756810469103574
0.018775384183791852
0.022311350456201869
0.019522777505433329
0.020056103793476564
0.020853133892489436
0.019333643814312445
0.020326548335185591
0.019974125744697115
0.020946750220397548
0.021643541841925032
0.018524106443867538
0.021410248082965915
0.018152292091779439
0.021214664522194948
0.01893685747868935
0.020397942447245531
0.024826772462678288
0.019301269326727512
0.020649029427448146
0.017431248877636613
0.019927402146326999
0.017955373999665833
0.018958784324193199
0.024251402374455458
0.018387027013422347
0.021603020870993701
0.018429692739570281
0.01902458287798723
0.016764216515942582
0.018160415126766048
0.023584716609110271
0.019629811835048253
0.021081240968961364
0.017929327788645387
0.018376192575261123
0.017642809763409824
0.021083913869121
0.022553884583482439
0.018412052099221119
0.020318308977073811
0.017111103252654122
0.019423242062768735
0.016713725364871493
0.020478521178726783
0.021646281072774436
0.01779860555676635
0.021403988083599886
0.018399429566413508
0.019075638796889206
0.017553552567693732
0.019548335702890992
0.021049434807045249
0.017089981137916044
0.020566790025147753
0.01789192831871321
0.020828288471639748
0.020451191497052674
0.018909438735375244
0.020151492223603747
0.018290833586028243
0.019355643908026028
0.018812817876703303
0.020252986472797531
0.022982986825508131
0.01763234114090164
0.020907639006281929
0.017258127954272427
0.020320176729156595
0.017842214853181985
0.019425396557819399
0.024405074612064093
0.018575491689319081
0.020156829488990863
0.018711662132619107
0.019279804341185345
0.017199168017691165
0.01825799371550681
0.023747815479760456
0.019893896511643701
0.021223514876666568
0.018042867765331892
0.018594090002438127
0.018036410785755182
0.019179012694880076
0.02278218134556307
0.01857935926907343
0.02056923177512639
0.017109582511023902
0.017898015809884069
0.016919669044129101
0.020599153113554609
0.021831649675531608
0.017831393038345994
0.019720877212857719
0.018627504597239303
0.019054819655278998
0.017911021011242527
0.019531586791430265
0.021059326039183063
0.017129396281521922
0.020835421799806748
0.01752564857598549
0.020735876069587635
0.018833156866023121
0.018877282026665051
0.02049138551060025
0.018456503065965992
0.019787208795718839
0.019216504266791664
0.020373379580436168
0.021129911155320324
0.017946626684415486
0.021063929190766995
0.017540440664207516
0.020713367018265434
0.018427620331743527
0.019859409575374718
0.024336281268981033
0.01871904160275057
0.020380909878316082
0.016864442008253731
0.019571328703153243
0.017528648530817603
0.018543560827794462
0.023760660197737114
0.017798716919493179
0.021194056726177531
0.017843033980694509
0.0186272340227529
0.016372057627830085
0.01766195861104141
0.023048430936356952
0.018806252458923124
0.020481377020901581
0.017208023689177513
0.017892155883065974
0.017258924347727991
0.02042874347839943
0.021841051572879893
0.017726770104975684
0.019634454550820499
0.016382849861808945
0.018803984475985514
0.016343406124552994
0.019694459168116182
0.020977914489534032
0.01712077583265683
0.020687033013606592
0.01759990957982159
0.01848108843603552
0.017211279024698364
0.018743474089518198
0.020358243222788234
0.016486081672135239
0.019917290487799954
0.017376298367752813
0.02017323716767136
0.019968045105812123
0.018115379215941571
0.019494114122981285
0.017603039835173428
0.018799881731346391
0.018260574606724922
0.019645928313759522
0.022214532860807944
0.01694025672836404
0.020213549527762907
0.016661409843910496
0.019739735442361551
0.017478549851512756
0.018892113971970766
0.023649772201736315
0.017947721851660162
0.019596614532066039
0.018068975336061489
0.018786459661094431
0.016860534560682094
0.017803658252678618
0.023038393642779889
0.019261426043217282
0.020614645399970533
0.017466914064133372
0.018165071507574636
0.017790920267112233
0.018666462725042014
0.022224531800921432
0.017958473996958293
0.019993725834183854
0.016529041673980085
0.017438960906204486
0.016663728157959103
0.019895777891422429
0.021275967052975128
0.017235709330033412
0.019083085166069672
0.017945684237011122
0.01838410880079697
0.017657850422694684
0.018592558315059127
0.020405280602418131
0.016401719295968398
0.020189957153962303
0.016770599482087367
0.020019311689457062
0.018530222379258898
0.017923334950285554
0.019741054233011673
0.017637703210243331
0.019123264543973909
0.018650730792352323
0.019626970201499193
0.020622132811606048
0.016999017129134607
0.020269909395468213
0.016680221897967903
0.019995289988704354
0.017813968584586184
0.019197004221038119
0.023300160835064049
0.017826416630770801
0.019619981105507302
0.016067163861170207
0.018836301569833135
0.016969668109881087
0.01791842504762229
0.022884447179656844
0.016873637465770988
0.020336590999207829
0.016764813468846024
0.017975886412415765
0.015714900630268286
0.017084919429102445
0.022094096222174061
0.018079736314669012
0.019720252843735367
0.016330155382187121
0.01732817057601873
0.016779796281526579
0.019536288886049673
0.021145285544381193
0.016956325990054644
0.018967767129387476
0.015451206544555439
0.018093624843546961
0.015763667527347071
0.018788163649226548
0.020222118193925803
0.016330492219175648
0.019833439700687305
0.016634984189139168
0.017549431185434221
0.016666070751008687
0.017638311101434295
0.019541691306302358
0.015505406690293403
0.018912810572745853
0.016359332450655323
0.01903984210005628
0.019106325310697336
0.016806459015554515
0.017210009104323236
0.016160960792290079
0.016662859050005932
0.01687237528194226
0.017504372842177839
0.021044523072887136
0.015195749768241904
0.017865693457528507
0.01499790276881394
0.017493828684164634
0.015895351784809612
0.016749049072835528
0.020599476663346373
0.016130059487103002
0.017098989930737839
0.016239051994267086
0.016579083024747879
0.015390014388713682
0.015764958107947077
0.019992210902040817
0.017223370678407197
0.018112364278443149
0.015691272504482288
0.016163086868369821
0.016430670986454069
0.016623609932702992
0.019325711321632622
0.016092054148148956
0.017522131271508826
0.014946436645678879
0.015510803916712116
0.01551723434213774
0.01762956985329912
0.018699267062170021
0.015514253640213251
0.01685419506521885
0.016156690067427874
0.016714231208387127
0.016914421344286761
0.016864934876078465
0.018258439203303771
0.014986284698973746
0.018045524744204285
0.015113701449652414
0.017969979386090799
0.017844571012483729
0.016290159850982592
0.017818007878969453
0.016088145517481563
0.017297710054427061
0.017462036742826884
0.017617150608728045
0.019916718827079839
0.01554648586515291
0.018297856558885731
0.015169571397865615
0.018013040701340976
0.016692586564759245
0.017138512753111738
0.020782032223509692
0.016190548058905418
0.017686797210543271
0.014537533716359989
0.01695689355137826
0.015800979946424341
0.016051701958230392
0.020258229251143789
0.015164719395146879
0.018183788993685192
0.015302565403658899
0.016302995385053601
0.014747534281764098
0.015342599063256211
0.019672141561439264
0.016240982888522916
0.017618308345580154
0.014785281111480645
0.015804887761774994
0.015974505770824619
0.017553248678109257
0.018879531857047844
0.015348193601627241
0.016880877410050066
0.013993304351363627
0.01654387810901611
0.015150195541496455
0.017003035380161857
0.018259354358111896
0.014877862161681226
0.017909752397795999
0.015043101439385474
0.016025085806279808
0.016146478539592179
0.016183922595349964
0.017657159060697706
0.014244010119320692
0.017118224636561246
0.015563050190143101
0.017419636172753779
0.018698744507436558
0.015522625486377834
0.016794783388583593
0.01522107573858234
0.016081893372427773
0.016282905248777204
0.01684559920743289
0.020320229116257291
0.01444827235380974
0.017368513515949403
0.014265861664296694
0.016856956087475169
0.015430506599312662
0.016015710071386784
0.019965799607898745
0.015268987701431451
0.016575219355747212
0.015205941533112175
0.016010580868827711
0.014888566960878801
0.015052516277002066
0.01918280447937331
0.016204074795221325
0.017202488995595136
0.014472725551643703
0.015348285859634271
0.015866675464104297
0.015506099427328491
0.018285568262728119
0.01437833640052572
0.01577483277436021
0.013175501148713156
0.013991868119975766
0.014609625037367686
0.015629457421638487
0.016768344626931782
0.013827956488603858
0.014909792352684914
0.014268716510552467
0.014848652690487201
0.015782781481304207
0.014687817366699054
0.016183294960186098
0.013269096453231505
0.015992544892175165
0.013131732843618214
0.015996598723381304
0.016655425532335826
0.014167928837256101
0.015632963525662576
0.014231012584709468
0.015363402740538129
0.015660053361998091
0.01550561866286781
0.018560460415892818
0.013481347181098821
0.016074036605633984
0.013232363418197415
0.016022973644472274
0.014819286703712815
0.015043931275545319
0.017907027369615795
0.014040327128848302
0.015413631245185001
0.012683054533434249
0.014922120588801477
0.014158014487797708
0.014010369799849114
0.017822469082277553
0.01316477806070933
0.015981177839505676
0.013195360320152148
0.014358886139268223
0.013086427127830933
0.013266592374076378
0.017284226023953454
0.014085879624549012
0.015323212377048459
0.012693339805146567
0.013847331694586226
0.01443990400540812
0.014974147465337928
0.016708993129159515
0.013109242030454859
0.014705697503262984
0.011820257162829509
0.01426531815946949
0.013468429477381097
0.014253175586322987
0.015905891607983225
0.01252379303959192
0.015326612585009938
0.012437778705051493
0.013306048879124042
0.013916762676276657
0.012214213932910327
0.014802233186327236
0.01105624696914217
0.014442573465342291
0.012581042276384954
0.014477856509074977
0.016301724524893368
0.011761628524967193
0.013954857797171221
0.011729096564186596
0.013445280849303626
0.013119559068899229
0.013911827168179821
0.016671047268118033
0.010742571583622434
0.014299497673582113
0.010796236997975077
0.013970464615014628
0.012153110277358952
0.013259792251833232
0.016455724603176961
0.011477755818140138
0.013599102299657646
0.011422527184893977
0.013175613181035923
0.011662220765220348
0.012258080951885037
0.015891043602901781
0.011983025455840028
0.013696104014323992
0.0094219108778289609
0.012155197442472846
0.011656142538412463
0.0123990138792894
0.014533971896868392
0.010840561972541365
0.012664319691360273
0.0088755296548515238
0.01143756254313277
0.010898511751669289
0.011730173403208215
0.013856721949700217
0.010125776710527173
0.011887565089134083
0.009452528053345571
0.011558769689176017
0.011387628632510669
0.010282639611030295
0.012813001605933197
0.0090465138222075078
0.012246189365324622
0.0078883843123372724
0.011478270388374262
0.012187537603120852
0.0088650883353360403
0.012091204919554665
0.0087355112258461071
0.01081866710312728
0.0086765816716350072
0.0099024862050217169
0.012388905520711832
0.006980477377970481
