4096
0.00046200770706132817
2.2223577749695631e-06
-0.0017149093059846102
0.00036154197050237128
0.00021774823825304986
0.00047300124259585125
-2.782201401631356e-05
0.00012032822555012092
0.00033560219226667611
0.00016212100858794935
0.00038068311687142837
0.00032713421697634415
0.00055918381643703721
3.172684571536059e-05
-0.00082846729313404497
0.0004317156828298004
0.00018517444016216301
0.00028613763071680165
0.00024740248061420395
0.00046014676410585019
2.4914301219518684e-05
-0.0010141589515639132
0.00029965488130967726
0.00015175253796998142
0.00016932807119239671
0.00026738162291120468
0.00039098424878364406
4.4786494032317416e-05
-0.0015466091786977842
0.00022125790945111049
0.00010595530442785379
0.00026155697465375324
0.00039048942080220536
0.00024207211120338314
-5.4359017915116445e-05
-0.0015520520559913016
0.00030444460523339705
0.00011316675587917312
0.00028137732942253864
0.00048189142208273695
0.00025531469170498829
0.00015702592994328956
-0.0017116707936535246
0.00034406999675993416
0.00022290850931100942
0.00035442909037700012
0.00012055830743054198
0.00041222381684490869
0.00022242121585535718
-0.0016895375443899629
0.00036453413287998275
0.00036341791076653136
0.0005531265400236904
6.9960199835479898e-05
0.00049486314251773092
0.00040777117890443084
0.00030011893267301845
0.00046155176809206059
0.00025225676679420535
0.00059364526161037579
6.9767178349798591e-05
0.00021950214041635362
0.0004617764217459524
0.00030539499012667527
0.00036792572832562996
0.00022125873586596807
0.00040687861576496962
6.41159778010193e-06
-0.0011498906284645087
0.00056440266560676391
0.00024000360173216355
0.00019524517233967479
0.00022097372236964369
0.00046296632679152617
1.7262136246511111e-05
-0.0010975910258400009
0.00044410158230547426
0.0002581239945506259
0.000188079571641747
0.00024525732682839754
0.00036036010044943571
9.9011529999630871e-05
-0.0015842289218184257
0.00032055018759055763
0.00014379982684459576
0.00028297764007871601
0.00029596142845550352
0.00031318546259349113
0.00018527078196688796
-0.0015717872233563255
0.00022797797299345794
0.00019265683065756363
0.00018132979326778247
0.00041747006625816001
0.00034179526033863318
0.00011164854184805784
-0.0017280896776876761
0.00039722297757690183
0.0001703925160456244
0.00025924433086552378
4.5829327810485799e-05
0.00066395088549919508
0.00028556359207037733
-0.0017355371388543823
0.00044595659958054679
0.00024489620764130192
0.00048439317436071977
-0.00010767063947702139
7.0564518229860506e-06
0.00049551844130777561
0.00025927081336468314
0.00033130566893475806
0.00023710923789364963
0.00043843639874368114
-7.8540363061362743e-05
-0.0014652974522339445
6.2786469701256572e-05
-8.6980294245479162e-05
-0.00014363664958696193
-0.0001653865179327542
0.00021354229350457996
-0.00032520095595641477
-0.0016889885557914506
-9.5506646421971334e-05
-0.00020112768938108566
-9.928914906122871e-05
-0.00013675736681529208
9.9756486405493152e-05
-0.00023404271742007176
-0.002079223316487141
-8.6378081027191174e-05
-0.00028509411586489434
-0.00017367199160530546
-8.1280440137278492e-05
-0.0001012467645503015
-0.00050489738655029863
-0.0020790607586004847
-3.0652590488568134e-05
-0.00025658541441603874
-0.00019534518698175143
-0.00010293962898494793
-9.6850575006506286e-05
-0.0004698754424533935
-0.0022243958324449122
-5.9541483551280686e-05
-0.000301627014179454
-0.00014679074804511307
-0.00037762425176325116
4.9467626881761323e-05
-0.00046319786428660652
-0.0022948922661375319
-0.00012335616929779454
-0.00031729720286732778
-5.2191186054744191e-05
-0.00054826623954886951
0.00013190474073022492
-0.00035179892033131529
-0.00023874221829735322
-0.00011948876778252891
-0.00032468047717802722
-8.1203181593615716e-05
-0.00059329513522475054
-0.00075108077084945642
-0.00034973771334288403
-0.00031299847680269107
-0.00027714914012943347
-0.00041590087745828786
-0.00021561801006345625
-0.00065585996532531747
-0.0022214023372135439
-0.00036738357986846308
-0.00048664915825585099
-0.00059799518732469063
-0.00042723242527614247
-0.0002418320399604742
-0.00059184314889539741
-0.0021797361666942147
-0.00060005107248031157
-0.00052785026530832095
-0.0006253612923147623
-0.00041693497247120842
-0.00040563514611806491
-0.00081685520420739395
-0.0024635770910510614
-0.00047413601717902719
-0.00061354733898105935
-0.00047841526520613032
-0.00047258699910487505
-0.00046275829965723687
-0.00088936165025115096
-0.0024728614393373744
-0.00057877035476725902
-0.00067894771587509234
-0.00071746209681946942
-0.00038138856338497352
-0.00043469423314515586
-0.0010706478594519424
-0.002761104353489586
-0.00043849575607030278
-0.00075334756772453906
-0.00068744589742808081
-0.0008820476905628395
-9.5233021338481669e-05
-0.00094236750091825159
-0.0027541663322229542
-0.00058780250021166463
-0.00068700656422075615
-0.00059102126402238203
-0.0011287807124490223
-0.001442945436359187
-0.00071535378372132683
-0.00075113778859332554
-0.00067572323723087691
-0.00081319824156165827
-0.00068190153761795683
-0.0011147009507282981
-0.0026815460103718704
-0.00086201060027263539
-0.00081669451432047713
-0.0011384897719750051
-0.00089862294648950045
-0.00068526959597954714
-0.0011574049789321657
-0.0028884636046542468
-0.0011813169711522293
-0.0011635765567677278
-0.0012174467701149018
-0.0010505496371959406
-0.00091421021356311971
-0.0020898083807937345
-0.0041343062694792487
-0.0020694988864259933
-0.0021578944800421055
-0.0022292391269811431
-0.0018560113665630307
-0.0020393014919229285
-0.0027508942439191677
-0.0042846859933637557
-0.0020980277574147847
-0.0022566683653656196
-0.0025453498850924873
-0.0021671737628023735
-0.0020911218038615555
-0.00272943971530015
-0.0044967669092118865
-0.0022065289729270372
-0.0024259556702117303
-0.0025379106514943012
-0.0027468396103822288
-0.001986824186808781
-0.0026587802100741043
-0.0045041727898979672
-0.0025303316580709105
-0.0023917551552176978
-0.0026531358179795453
-0.0029135087669317282
-0.0020991101122290953
-0.0024498450168975649
-0.002462869781444583
-0.0025064179460213159
-0.0026491471481396443
-0.0027280571032144139
-0.0030480610341675719
-0.0035984110817028877
-0.0027670156567404878
-0.0023766251585363232
-0.0027009178628563629
-0.0027073943858884134
-0.0027781624289313356
-0.0030274504144077279
-0.0052251268842687833
-0.0027770032839615419
-0.002842849138539019
-0.0032170690047081986
-0.0026888152009365142
-0.0027660911935120346
-0.0029972284830347795
-0.0050941037773092309
-0.0031576925061446914
-0.0028759139119453616
-0.0031795713748541932
-0.0026295318096613849
-0.0028475575593220285
-0.0034818594600651417
-0.0051883818538033862
-0.002956155830085923
-0.0029077608545705243
-0.0030618238368624873
-0.0029434952981708886
-0.0028825743550896939
-0.003494077691167009
-0.0051897854908182356
-0.0030736354160720266
-0.0033122669676882307
-0.0034877956265584459
-0.0029598598471552236
-0.0028258906214648841
-0.0036918626318300529
-0.0054277078331438772
-0.0030390468002265952
-0.0032603768703844791
-0.0034758705316609339
-0.0036894042506579487
-0.002640329813681144
-0.0034978427327154553
-0.0051761367580618967
-0.0033873592214270099
-0.0031929014345540726
-0.0035601563799780899
-0.0039349313208724189
-0.0035625852365575713
-0.0032287846352673272
-0.002996561781001994
-0.0034936008940737789
-0.0034656219538613279
-0.003610171443924465
-0.0037795607391024441
-0.0059599591228850189
-0.0035438082015781234
-0.003141921403294546
-0.004085593746249591
-0.0034517833277976878
-0.0035216534614426974
-0.003679270684228313
-0.0061471317591641917
-0.0041466597230435404
-0.0035823837153887796
-0.0039873945986730946
-0.003357228470393906
-0.0035605714660739726
-0.0039343168141965099
-0.006044740193003717
-0.0038975916607931695
-0.0037445719278854242
-0.0039387627740356673
-0.0033454005156116147
-0.0036626800161096286
-0.0046178607171760136
-0.0060143763726868303
-0.0038321905464639809
-0.0037045310928778513
-0.004442960402622328
-0.0036398143834325248
-0.0036308779178504352
-0.0043978589544201802
-0.0061640511221009156
-0.0037963933589743861
-0.0040508144464874102
-0.0042348664953060196
-0.0044272746914234429
-0.0033858448495702751
-0.0042944896222397314
-0.0061049308375615537
-0.0042773400880649799
-0.0039383260250624719
-0.0044890412194045085
-0.0046019190646062113
-0.0038548242921353361
-0.0040603272125833336
-0.0039722503098268613
-0.0042122485419014474
-0.004363460498406661
-0.0044981505532694678
-0.0046756576244574907
-0.0057191387681396998
-0.0045051326649031675
-0.0038234422505830411
-0.0043450229794592668
-0.0042671473050981167
-0.0045249407048720807
-0.0045677640323683426
-0.0073032120745801466
-0.0044809368684470005
-0.0044770758198534938
-0.004916720923294887
-0.0041882208723090179
-0.0044236471734131772
-0.0045099899607524887
-0.0070334523250215062
-0.0049667395130759025
-0.0045026547696941713
-0.0049362408955768286
-0.0041091688622564553
-0.0044483440847593436
-0.0053713700568650165
-0.0068532472272385715
-0.0047122541818382085
-0.0044682992157248028
-0.0048255440047444004
-0.0046034633686479823
-0.004478361835765019
-0.0053083223995498965
-0.0068254116396779573
-0.0048579353649476371
-0.0050429409362749726
-0.0053647415247386164
-0.0046275192586791363
-0.0044280427403615014
-0.0054737303652617596
-0.0070170846584358734
-0.0047911996561626523
-0.0049941412162257445
-0.0054862519965949283
-0.0056136745360146414
-0.0047173220381215098
-0.0054039745234774226
-0.0067582971140643594
-0.0054403895716509075
-0.0048744820287278294
-0.0057433694519374934
-0.0058368058556286847
-0.0060033560082327405
-0.0050823171178287947
-0.0046453499627430589
-0.0054870198762454435
-0.005273549606074162
-0.0057418630091347735
-0.0056195159873424216
-0.0081213725951555845
-0.005615665839170168
-0.0047894505544638219
-0.0063187552483705339
-0.0052353068295765892
-0.0056630659258096764
-0.0054593924172240231
-0.0083158902449130719
-0.006389731836854427
-0.0054841867419853597
-0.0062085241649128759
-0.005151094561906191
-0.0057108441719821261
-0.0058060864000862951
-0.0078323119765213705
-0.0060529853137716539
-0.0055496375761926696
-0.0061557138294319816
-0.00510455101445648
-0.0057859959857292503
-0.0066555666704073476
-0.0077227257587499029
-0.0059008488951143873
-0.0054606385949634391
-0.0068513526879328684
-0.0056586686358682005
-0.0057701133814772087
-0.0064878483315560214
-0.0078795483611491194
-0.0058876835217614824
-0.0059866162612615013
-0.0066200755858126315
-0.0066630897944828871
-0.0056444414372796865
-0.0064129924472987191
-0.0078653322386230424
-0.0066750486905848977
-0.005875018659130136
-0.0071043790493683177
-0.0074609384570468156
-0.0073450893811346741
-0.0067182456391339266
-0.0062127915658556137
-0.0072900096919682961
-0.0070242652074019212
-0.0077479392842795484
-0.0074360810936099633
-0.0094842420556538205
-0.0074648412240422846
-0.006081238776529504
-0.0073987506039110062
-0.0068284526879327139
-0.0076776005149496833
-0.0071521103740525838
-0.010432420500030315
-0.0074018105972713322
-0.0069683275527027784
-0.0080575367766833415
-0.0066617332516676099
-0.0075194462776704864
-0.0071128019691582278
-0.0098213236284619594
-0.008031418812446775
-0.0069462851075776742
-0.0080301364509727958
-0.0066147833413671576
-0.007518588263380999
-0.0083496130735743537
-0.0094748716277044086
-0.0076774084171420884
-0.0069644981872007562
-0.0079217624587528037
-0.0074402136157923947
-0.0075642110191151794
-0.0082240724230244252
-0.0094172957367058673
-0.0077540887777473415
-0.0076873457015267177
-0.0085318985201786775
-0.0074634314345451295
-0.0075412313140377791
-0.0081565594784201584
-0.0094344411281901634
-0.0076139450955180323
-0.0074324309359676361
-0.0082966501362851247
-0.008457702753054467
-0.0079174873945122397
-0.0078197892008103481
-0.0087621706589595359
-0.0082676201275960464
-0.007216951453698185
-0.0086374483458059662
-0.0083602847783436126
-0.0092266293239096579
-0.0074018218005977299
-0.0068973571313550629
-0.0081077668750317213
-0.0077480233516295516
-0.0084330106182964465
-0.0080281643870430044
-0.010329392326724907
-0.0081823357991556069
-0.0068238442553258047
-0.0091478446155201145
-0.0075510750017728076
-0.0083285121494451261
-0.0078172499420451694
-0.011231728775680141
-0.0090727237770679998
-0.0076947931882274138
-0.0088271515096484607
-0.0073556237061437983
-0.0081902319936549995
-0.008348806201421503
-0.010165921975742663
-0.0085319239014826683
-0.0075386628254983335
-0.008659181785835867
-0.0072345130046130354
-0.0081942996854454647
-0.0091077237656653261
-0.010006816733579884
-0.0083120621204135284
-0.0074108637521782686
-0.009353575877309726
-0.0079196568832778647
-0.0081361291003272333
-0.0087302161977679624
-0.010021570230889983
-0.0082777658836413973
-0.0081312155188172884
-0.0089912658167166162
-0.0089354984093865161
-0.0083078820903206667
-0.008531703114824497
-0.009705719179104887
-0.0090586177854849338
-0.0078406309272278079
-0.0095040687408457676
-0.0090026075963321947
-0.0092025733548601225
-0.0080943885365485375
-0.0076130836183468465
-0.0087881288186027733
-0.008388444917921541
-0.0092748642128552376
-0.0087662094099141535
-0.011151902252294699
-0.0087656323411190781
-0.0071384894169992941
-0.0087821176372881449
-0.0080603140250078472
-0.0089946103436467015
-0.0083414539113720442
-0.01194493578573185
-0.0086319623680487529
-0.0080242087128759697
-0.009396314574733295
-0.0077968808480193717
-0.0087128661339752091
-0.0081824696418200584
-0.01128033474702265
-0.0093168830648958714
-0.0079798079500752513
-0.0091923591017592822
-0.0077278151357772513
-0.0086418841330134673
-0.0096911314954858819
-0.010519174874717962
-0.0088688150532546545
-0.0078854545009723002
-0.0090587769249512451
-0.0084791476727897729
-0.0086370355118604754
-0.0093967074082467808
-0.010444867154080457
-0.008812305548128738
-0.0087047215142242434
-0.0096583029427307864
-0.0084253204121772455
-0.0085108215299471435
-0.0092001938282659946
-0.01039600251659308
-0.008655470885194267
-0.0083727745670250358
-0.0094020598745431783
-0.0095028357100654885
-0.0092661376664163169
-0.008804288048743978
-0.009721391172534944
-0.0093794881550937903
-0.0080928846229973914
-0.0097398425452618707
-0.0093983826273760923
-0.010713464459908149
-0.0083353580971691609
-0.0077132155316092304
-0.009189033527318903
-0.0086986616487644188
-0.0094715709788425057
-0.0089866905131790829
-0.01180246861446301
-0.0091711808780247459
-0.0075711282189697476
-0.010159004111316393
-0.0084176554891354297
-0.0092750053423986747
-0.0086935252544932829
-0.012442722644968277
-0.010059641053156848
-0.0085016467222277514
-0.0097385720183871
-0.0081685596378919898
-0.0090573412963778788
-0.00927588681949954
-0.011020995385767491
-0.009412738468247743
-0.0083422520928374717
-0.0095074090218909679
-0.0080376495722284703
-0.0089981225441977935
-0.010010703131889459
-0.010750562680505097
-0.0091460943205597719
-0.0081132669321026165
-0.010270920090627337
-0.0087191483219439571
-0.008943140604949015
-0.0094624335277155493
-0.010744710696660569
-0.0090520569183748859
-0.0089088580366048064
-0.0097742767707826601
-0.0097876455769652267
-0.0092404020473108636
-0.0092661711744967193
-0.010346570628129294
-0.0098485204438443358
-0.0083565440008926319
-0.010239986455632188
-0.0096087118711701159
-0.010386080987803449
-0.0086083538159132979
-0.0079680412349271892
-0.0094012818256918439
-0.0088552588897786826
-0.0099182149647240817
-0.0092466734445855459
-0.011994165677259801
-0.0093046607114511803
-0.0074228975677593902
-0.0093685983661849683
-0.008475638576671744
-0.0095800309640875232
-0.0087953370995574789
-0.012559080073841936
-0.0091290991034130228
-0.008339375213771906
-0.010005627509056751
-0.0082114732072420347
-0.0092747589808288601
-0.0086347720846994581
-0.012063981594561417
-0.0098760109688242042
-0.0083126668312129854
-0.0097817022897065432
-0.0081253325657553721
-0.0091785470038147458
-0.010121514151627852
-0.010723424846737299
-0.0093429151660058968
-0.0080988042256779358
-0.009567623140873031
-0.0088501195819225015
-0.0091819144255327716
-0.0098132205349911929
-0.010616126635271403
-0.0092883346971316602
-0.0089499901644718317
-0.010202288188236959
-0.0087681712342897195
-0.0091898456026319759
-0.0095979580824888232
-0.010580480007572951
-0.0091057949853126183
-0.0086132068924311671
-0.0099189375736536845
-0.0098894974913470157
-0.010256773894497084
-0.0092154428216237906
-0.0098826066389848671
-0.0099126352423801276
-0.0082756177039439542
-0.010273661252604939
-0.0098074168511612034
-0.011866587259624289
-0.0087054160841977361
-0.0079147654422278314
-0.0096798648699694765
-0.0089817852992599822
-0.0099467738026525823
-0.0092946464537938672
-0.012522152182239734
-0.0095511071454087888
-0.0076605633017847816
-0.010649256611979418
-0.0086488133636278119
-0.0097457340178021198
-0.0089455240955689883
-0.012910137899324743
-0.010449226772014649
-0.0086606692755400328
-0.010219999910475369
-0.0084220171103719897
-0.009527354597913585
-0.0095756220199125133
-0.011158136846176867
-0.0098035656945282285
-0.0085329948639836437
-0.010031030815659207
-0.008335045795013242
-0.0095295519336631752
-0.010426888960540823
-0.011041833113309149
-0.0096170753688938036
-0.0083800085756713973
-0.010896016522903637
-0.0092375847538721089
-0.0097262270038283721
-0.0099271621178304171
-0.011062957476417288
-0.0095782867673776806
-0.009229955260073381
-0.010352801428132989
-0.010315293002780999
-0.010389348641593445
-0.0097152543481391664
-0.010676295233256319
-0.010423597962591277
-0.0088250914849874081
-0.010878256594146896
-0.010253463670404776
-0.01164011530685539
-0.0091525809865538547
-0.0084740250895268231
-0.010064720424510908
-0.0093819357951003858
-0.010575900156421519
-0.0098307856861027075
-0.01300781330722252
-0.0098671679984051776
-0.0079757479653073601
-0.0099961556286057105
-0.0090262113829896115
-0.010190380872765865
-0.009399126896502491
-0.013290471475748387
-0.009681184016851585
-0.0088413964067894438
-0.010647044277442116
-0.0087146095811702663
-0.0098750001518987489
-0.0091133697413113991
-0.012832991246294037
-0.01040156201952812
-0.0087583560633401024
-0.010258127866528462
-0.0084567867987640072
-0.0096655205049179967
-0.010466591297710106
-0.010839826666957878
-0.0097565796013168934
-0.0082776030903865209
-0.01002630419277227
-0.0092238558216014826
-0.0096823649422730605
-0.010142262339278937
-0.010693246926228783
-0.0097331335731307735
-0.0091645161731446038
-0.010673166228695092
-0.0091778392627161441
-0.0099851189519756557
-0.009995211920723562
-0.010655735290695698
-0.0097121427792760569
-0.008886511355968069
-0.010646811890023193
-0.010380575465797902
-0.011608362981054538
-0.0097675613548699521
-0.01002292350276
-0.010605581797204278
-0.0085282046403734376
-0.01101892093906927
-0.010234909505283833
-0.012740943587747211
-0.0091045836329793021
-0.0079379237484337156
-0.010333505224898658
-0.0091442623527398115
-0.010644106090243466
-0.0096208230692948517
-0.013175135288498431
-0.0099732784250901093
-0.0076422598447033214
-0.011242908187995924
-0.0088455767543428807
-0.010452900732999808
-0.0092291965385532006
-0.013444629674823448
-0.010905923361613862
-0.0086445517932198183
-0.010777851046301226
-0.0085964430984674014
-0.010204697074125284
-0.0097980812148461167
-0.011079536607689995
-0.010162130359602404
-0.008503685199416456
-0.010476438216090709
-0.0085500333565348124
-0.010153166821275088
-0.010542823106484115
-0.010731129530729723
-0.0099331565061111394
-0.0081816539417034033
-0.011335297711850519
-0.00929288790202378
-0.010462535042163882
-0.0097282721007986746
-0.010657156033646269
-0.0096344650055477758
-0.0089774343557348403
-0.010494182349382144
-0.010285756933765966
-0.011073425295437886
-0.0094983622548942114
-0.010197801200801678
-0.010442766630380304
-0.0085739730288446423
-0.011025818593624287
-0.010192769447165503
-0.012340516551961733
-0.0089010204933192144
-0.0079747346906420893
-0.010067560131692093
-0.0091309910489821896
-0.010667577768124192
-0.0097008014873005699
-0.013156313857951952
-0.0096920888086325773
-0.0074230426808477344
-0.010054365529008702
-0.0088048374067280465
-0.010290230869566154
-0.0092785225578775957
-0.013275002476777426
-0.0094250761663832935
-0.0082681060092192529
-0.010497124439346242
-0.0084420156108215745
-0.0097437376619990464
-0.0088846981757966757
-0.012574901274861399
-0.010061749674619676
-0.0080304149747944323
-0.0099203418035988724
-0.0081747322384606823
-0.0095008435179445242
-0.0098858986059811565
-0.010195558516864359
-0.0094364644896311918
-0.0076889718228108084
-0.0095966107931559196
-0.0088733437297411968
-0.009466119330787023
-0.009533632746754785
-0.0098926680356276105
-0.0092578100432692718
-0.0084504459088733438
-0.0099688618702213488
-0.0084703133418263729
-0.0097236309003711479
-0.0090502266229157795
-0.009836227097657229
-0.0089014393736607314
-0.0079867680050094269
-0.0095855300078971049
-0.009297219316926399
-0.011003749678293921
-0.0086165764655913284
-0.0089972612654781563
-0.0092349351137095328
-0.0055592885928090006
-0.0077370901059055433
-0.0069758187672128019
-0.0098528617277334387
-0.0056426633573102656
-0.0043027750372803533
-0.0069960638277655231
-0.00566032624534301
-0.0070400525783832274
-0.0059373301182641123
-0.0098881622009515634
-0.0061872491602740481
-0.003845229676870403
-0.0074378236679633987
-0.0053177158852544563
-0.0067431609806353652
-0.0054389087596738691
-0.0096075733205836528
-0.0067802277347350608
-0.0044215852454151617
-0.0067661749239583254
-0.0049637059719375414
-0.0064888059535859084
-0.0061346440190414775
-0.0088826368338705795
-0.0062516571803033433
-0.0042792096722649876
-0.0064706276695020992
-0.0047809881141068766
-0.0064905199632833629
-0.0063839113315313344
-0.0067038099433381435
-0.0057358830206767544
-0.0039789975043590308
-0.0066248756790954306
-0.005049548566629241
-0.0068048183557751331
-0.005751952390946829
-0.0066777081207453886
-0.0057319665820297471
-0.0045546781348272019
-0.0061168161230119476
-0.0057164743064924374
-0.0074174087400968453
-0.0054517206939830067
-0.0062300632832696344
-0.0062055173718009215
-0.0042984477922120975
-0.00624696033184996
-0.0057628098313126487
-0.0084552971008312119
-0.0049461896510682767
-0.0035322212180748051
-0.005919758607725859
-0.0045949789686986174
-0.0060805974363803608
-0.0054116737654892133
-0.0093390332185573893
-0.0052865845375276201
-0.0031985820397818607
-0.0058912977080221272
-0.0045488668623068001
-0.0058634638730836984
-0.0047587306006363628
-0.0089563888293386993
-0.0050439616349206061
-0.0035998870805217819
-0.0059943912327277988
-0.004119293855293471
-0.005562930754384585
-0.0045091852818576516
-0.008481403405159826
-0.0054372949441489392
-0.0036038375417794212
-0.0055559813632958845
-0.0040936563317182728
-0.0055087391137024046
-0.0052872884551572472
-0.0060083737473914109
-0.005011492795690041
-0.003435781933753229
-0.0054597390645782281
-0.0044199582202681248
-0.0055691327473184936
-0.0050742206292882178
-0.0060345239215604902
-0.0049478990154359723
-0.0040322967893782593
-0.0056304830373518546
-0.0045778556275632874
-0.0061691998908111933
-0.0049873090526638591
-0.0059001378337566451
-0.0050033824573796912
-0.0038258092370387544
-0.0054138887025181751
-0.0052607190916098695
-0.0077755135873129192
-0.0046058618863825873
-0.0053296417544328066
-0.0052442604297966875
-0.0035943902657799504
-0.0052804019691907325
-0.0051667193036977642
-0.0082868287667235436
-0.0039696750865264533
-0.0027444981555888987
-0.0051664133744547909
-0.0039345073013195408
-0.0052294011171805212
-0.0044847659737163965
-0.0084063221854446587
-0.0044453411310552363
-0.0028419781606937276
-0.0055034012436705748
-0.0038940499606190562
-0.0049504597268646543
-0.004225508540953605
-0.0080264017359848693
-0.0049780874144162721
-0.0032201640008891904
-0.0052076408976186317
-0.0036388741242679413
-0.00493149788128528
-0.0045021547555826524
-0.00754939391974378
-0.004559051870949452
-0.0030894549149525783
-0.0048208849843664591
-0.0034152408416371154
-0.0049449337467026106
-0.0044991068745051273
-0.0049704787172196487
-0.0041715274135437439
-0.0026445537070774027
-0.0049903787881219455
-0.003752300742761683
-0.0056659142242357951
-0.0041041581641622386
-0.0050871146180437414
-0.0042154961137409429
-0.0030891818178098336
-0.0045615366714450885
-0.0042699475981386268
-0.0064381004343569484
-0.0038875849898839577
-0.0047605572480788486
-0.0045195110899484848
-0.0028176963133868579
-0.0045995822099460515
-0.004320590253399881
-0.0070814883197883359
-0.0034671378547426013
-0.0022154442484184655
-0.0043453773206461261
-0.0030441233229697895
-0.0044477181270143233
-0.0039786801502236539
-0.0075757933736192379
-0.0035690451240394084
-0.0017847091940493105
-0.0043423458845611197
-0.0029783069600728515
-0.0042509547097472891
-0.0033325642012438108
-0.0070254352274437583
-0.0035401431493796644
-0.0019833451256066575
-0.004540516270859365
-0.0027480884517303364
-0.0042197944941213339
-0.0031148071048566891
-0.006683967101967849
-0.003926772236488762
-0.0020425849783330661
-0.0041523544113074486
-0.0027230713828917926
-0.0042492326144292682
-0.0036139731809877707
-0.0042133045433592475
-0.0035250334028244781
-0.0019258188891418924
-0.004060054114120284
-0.0029384723480928611
-0.0043460200529587475
-0.0035738750942044401
-0.0042119959749129451
-0.0035582748898103731
-0.002357010067459404
-0.0041978598399685487
-0.0030681490867922835
-0.0051114191926603016
-0.0034616997537396587
-0.0043672150038133982
-0.0035882384003181845
-0.0022152274146900091
-0.0039736765517918654
-0.003623740864154199
-0.0064163722391268269
-0.0031231884966619263
-0.0037753545878717685
-0.0037885365937229136
-0.002057773996512587
-0.0038016650299236999
-0.0035780150957321452
-0.0066966496377995456
-0.0025355181023427671
-0.0012663124355279426
-0.0037960633051924968
-0.0023561589828937032
-0.0038050168892622242
-0.0029877333600444502
-0.0067978566326495063
-0.0029127230490273914
-0.0011024086247925079
-0.0040187927474468589
-0.0023325429920088314
-0.0036357695033281457
-0.0027557332962980592
-0.0063411366652896747
-0.0033475696353482908
-0.001427744960194155
-0.0037978962896722205
-0.0021613938123952762
-0.0036991505264516249
-0.0029936106711961588
-0.0059400451572628578
-0.0030734556572416184
-0.0013864988943874496
-0.0035051592190424633
-0.0021089283971307536
-0.0038393577912674295
-0.0029961384591666116
-0.0034592763032990853
-0.0028681921679116476
-0.0012148846511128948
-0.0035712403783903974
-0.0024187364564687884
-0.004707053668550302
-0.0027291032165164147
-0.0036087577052244958
-0.0029981190188259682
-0.0015750086547196083
-0.0032433087500712931
-0.0028010082745298279
-0.0055116635257697394
-0.002534932039281278
-0.0034120311333973273
-0.0031955589186212479
-0.0014655714619116872
-0.0031805221900596298
-0.002950331482353308
-0.005955907654139103
-0.0021776089039268211
-0.00078234077346159845
-0.0030610696020172486
-0.0014253547846163517
-0.0030310455643412673
-0.0024292956625157664
-0.0059577073688545108
-0.0020138040238914198
-0.0001220893068348698
-0.0029843123203340404
-0.0014138053033953284
-0.0028526984262302688
-0.0018325300401182696
-0.0051625925275522984
-0.0020304507886694185
-0.00016705354934575125
-0.0030621098390104691
-0.0012412170527455872
-0.0028834991733207973
-0.0016332865496545756
-0.0048449846780848592
-0.0023157263490492974
-0.00019360207699161016
-0.0027137894072092003
-0.0012172578160521625
-0.003030594486565996
-0.0018614849906111693
-0.0025035168197436088
-0.0020389294830837307
-0.00013436480327938871
-0.0026527876885022576
-0.001313008591033972
-0.0031825919017038746
-0.0018506512376417711
-0.0022892367752575531
-0.0021056300030605985
-0.00047901643737964132
-0.002652402765400567
-0.0013971260482144063
-0.0040668203890198307
-0.0018323431377524283
-0.0025310180573755738
-0.0021689529104637604
-0.00042780009635722796
-0.0025257716858450184
-0.0018123439568326553
-0.004980166753653939
-0.0015561430214863017
-0.0020247416823864699
-0.0022784092914475197
-0.00035254168629644019
-0.0022491191677534239
-0.0018629791992626741
-0.0050608106976491466
-0.0010478437532175841
0.00058707471183565773
-0.0024000706419803329
-0.00057131822319763206
-0.0023432831092968006
-0.001347379009095924
-0.0051097883457755268
-0.0013106259445683469
0.0006659915336079715
-0.0024730800348584854
-0.00070071390460172734
-0.0022142794552862193
-0.0011565616226008155
-0.0044299954571220337
-0.0016821730169525389
0.00049495539395906485
-0.0023104968034235959
-0.00058638437858492818
-0.0024942954635679302
-0.0012989623444504758
-0.0041120331783441096
-0.0014940651341146588
0.00043373005092649973
-0.0020741472589694185
-0.00055655026552808558
-0.0026898932227077932
-0.0012166651901862945
-0.0015356014722228133
-0.0013611443553843987
0.00051982661514375704
-0.0020426580707406041
-0.00074334322065662192
-0.0036722585644255079
-0.0010572321870341739
-0.0018662714098194751
-0.0015458628541484293
0.00017995277509767028
-0.0018307103925878324
-0.001142185835465694
-0.0043447659370303131
-0.00098472885755330119
-0.001741504961796571
-0.001687876416615163
0.00017256473676661351
-0.0016581664653673174
-0.0013876417214949907
-0.0047438077671006374
-0.00069882969693294732
0.00089043811360756207
-0.0016764747552811903
3.1862670858586599e-05
-0.0016546867228174594
-0.0010981937284410858
-0.0046749798617558369
-0.00064963865227213248
0.0012181210128463576
-0.0017304478032006655
-0.00010258436052198036
-0.00158758249672486
-0.00061994977109858631
-0.0036438572796490894
-0.00071004141109114042
0.0011387678443492257
-0.0017105421791429422
-8.0557492728229347e-05
-0.0016689702564563664
-0.00048400526649878167
-0.0034421525212112608
-0.00098556109192648035
0.0010698138111362165
-0.0014654472247478977
-9.2364960733019383e-05
-0.0021442449173334371
-0.00038800250396377585
-0.001168646776104723
-0.00075314707236614706
0.0010832322836202555
-0.0013823140048673879
-5.3916766396623658e-05
-0.0022684146560697023
-0.00035844074432085518
-0.0007864714278881345
-0.00085294483811224433
0.00091403873303487905
-0.0012996958550629475
-0.00014214931386619299
-0.0032308389457642449
-0.00040321672079815654
-0.0010777213559235337
-0.00090236739335030876
0.00095282098810159322
-0.0011751025690662146
-0.00038376499091865223
-0.0039572662210780119
-5.0744981213267451e-05
-0.00042216363554816886
-0.00079456201935238554
0.0012276060784152986
-0.00071472865077500905
-0.000301462901272153
-0.0037906568292974917
0.00042836382586530243
0.00224020909708626
-0.00096121847056014349
0.0011222496572722833
-0.00081219470515461886
0.00023651341989089697
-0.003580823278088108
0.00036530845286817038
0.0024146569261986345
-0.0008215144021698099
0.0009461715293688504
-0.00065081352934499566
0.00044206110967305199
-0.0023084795264864846
5.6973529617798685e-05
0.0024312704424740228
-0.00075480419948651539
0.00093975032104659853
-0.0013399033226410436
0.00041519106033946024
-0.0022156462216961475
0.00012702067500964105
0.0022664545226100084
-0.00053073402197046824
0.0009709302445539994
-0.0015991031515780309
0.00067578812921022366
0.00049024849832179896
0.00024508709692440585
0.002320665983469289
-0.00035395236172024012
0.00095688447865428328
-0.0026420237920347549
0.0006888295637640519
0.00019813382079238636
9.854272739413154e-06
0.00216559441495512
-0.0002290174561507581
0.00081888875723004769
-0.0031824616970923328
0.00076008210696733053
3.132877590816329e-05
4.5249768622595482e-05
0.0021343006467402169
0.00016090769819867957
0.00052203453483357738
-0.0033665744401089703
0.0010308371305995283
0.0029047338230865538
-2.6481699531624205e-05
0.0020482416431162687
9.6064380869191593e-05
0.00080823646870740898
-0.0029007114215014876
0.001189122835268378
0.0032071115251068772
-9.2247735805835179e-05
0.0018135410232998572
0.00012449257149784582
0.0012365317136189033
-0.0013645064402039479
0.0011104258490187077
0.0033197238619557977
-9.2336139734253479e-07
0.0017191464953391726
-0.00010296436232474743
0.0013382142909031417
-0.0013320809869586138
0.0009189645768616048
0.0031923185270666061
0.00018815098457936914
0.0016720361146203176
-0.00081323616491266518
0.0016803075700201227
0.00099405281973127704
0.001067969066886422
0.0031586296331430064
0.00025545769493547012
0.0017572437909747045
-0.0010088661723736297
0.0015980783792588964
0.0012712231043125813
0.00080660029891877556
0.0029905501453222354
0.00044270457017894695
0.0016256021293496565
-0.0020358685942376475
0.0013951837106702173
0.00090029751109409043
0.00066656302002455299
0.0028927486436691285
0.00047762944068873429
0.0015292897850247536
-0.0026373846214438976
0.001577375356540536
0.0011951396507160767
0.00078022518946077233
0.0028365065112921639
0.00095734886324605386
0.0013431529686450691
-0.002249994732600472
0.0019469056174388813
0.0038769684956495376
0.00053581255245774035
0.0029590268571355834
0.00081459787739808324
0.002000737314200556
-0.001656332058942081
0.0021773511664860061
0.0042932353127514726
0.00092941748972928348
0.0027156739118421817
0.00096786894889783497
0.0021984931986043757
-0.00016787194345102858
0.0019571084382291768
0.0044665759961569542
0.0009539778561723348
0.0026257194125448753
3.7394350054032385e-06
0.0022959764688772529
-4.6253134036090108e-05
0.0019548953224535776
0.0043601336414643395
0.0011734604060000414
0.0027031450548030372
-0.00031965268931620456
0.0027092634105906287
0.0025195710263755766
0.0019975367084626525
0.0043369926462400619
0.0015072440382383244
0.0028538617975803196
-0.001042115496745931
0.0026529899820337895
0.0024298660682392516
0.0017237909335185355
0.0043034212818656731
0.001572369711476351
0.0029567836784402121
-0.0015441654269067575
0.0026558956430084929
0.0021897917178055346
0.0018817555487804052
0.0041790680707141075
0.0020577562287536853
0.0025730865415871914
-0.0015459714845640587
0.0028210212334884733
0.0050406506961030474
0.0017110957297979471
0.004123398163196461
0.0019210781897722386
0.0027646103811304465
-0.00064634651902793837
0.0030566335621708056
0.0052990496634999409
0.0015349783451531957
0.0037679135341364676
0.0018229699088098393
0.0030275660423738572
0.00086027861699269914
0.0028802020018343795
0.0054050348391872661
0.0017019981957759997
0.0034749862640943625
0.0014790535134230091
0.0030929158746325729
0.0008274578261054001
0.0027163121490162419
0.0052706928297472436
0.001869113265131232
0.0033843185938491377
0.00036114349652496044
0.0036830098051628861
0.0031239335353200159
0.0027828362342016775
0.0050796582104230383
0.001848787389246178
0.0035965737091209066
0.00010645203969424231
0.0035345558556787145
0.0033844798506012476
0.0024946828359508301
0.0050233356373729611
0.0021633916443584548
0.0035040904864883198
-0.00055863797300415637
0.0032846716222491644
0.0029436174410431034
0.0023263509605704522
0.0048548668500913795
0.0021169623269181848
0.0034386563112992919
-0.0010264904910663327
0.0033694008523710703
0.0031298559469724019
0.0025336080578420932
0.0046647752357869441
0.0027126046694939798
0.003156248191901368
-0.00044426105690780778
0.0036435516015116492
0.0057817998886130128
0.0021602075423377189
0.0046266795991244227
0.0024418287740943958
0.0035704186838116203
0.00015114137251554742
0.0038043608908679971
0.0058827725817943329
0.0026275521182647821
0.0041979548626772355
0.0024921447575812707
0.0036501361682622865
0.0018073101275458226
0.0036701280817228853
0.0059090723374441694
0.0026007773959143532
0.0039434102423301226
0.0012053859388792677
0.0037801657572098858
0.0018378195455559959
0.0035097696944929235
0.0057488659035157107
0.0026976362129064947
0.0039843365493384365
0.00081026776289549942
0.0043962668901278016
0.0042017320118707402
0.0035266171447669928
0.0056620853176458383
0.003198586341108815
0.0042959257215730096
0.00037657757867839433
0.0043204928922250287
0.0042758533573085313
0.0032002610682224817
0.0058465271855927406
0.0032160483980020363
0.0045923227423172184
-0.00013834540357777887
0.0042847224818311422
0.0039826702125904867
0.0035310885592319237
0.0056899199560284611
0.0038372829967146154
0.0042654404456678799
8.6528671834080944e-05
0.0044941664952975347
0.0067881317066169587
0.0034823512782034597
0.0059850078131317673
0.0037746837444615909
0.0046406608139348089
0.0017910303081592155
0.0049482096476900937
0.0070823124621404703
0.0033186044042538593
0.0056145740352123207
0.0036762801319940161
0.0048865100408598244
0.0035129000378454917
0.0048089179413837654
0.0074821255429868474
0.0036398831491357732
0.0053287288243262319
0.0032841446032789417
0.0049834602389518578
0.0034668877489358297
0.0047508866056759106
0.0074148099525125927
0.0037751972064181513
0.0051710435600876136
0.0019325426594177548
0.0059399486839603324
0.0056583958332844094
0.0047150429697005143
0.0071150195436547256
0.0037222453422603528
0.0055687812835028307
0.0016250769458217157
0.0057200391443656641
0.0058761549351260094
0.0043943242057953753
0.0072147016256678626
0.004199910469551804
0.0055365541480292581
0.0011338194804533129
0.0052904496885906429
0.0053917124729225326
0.0041610663402532238
0.0069949444964134576
0.0040440636791821581
0.0057168949592564557
0.00083705204192475124
0.0053333403404332612
0.0051153724348585094
0.0045410677415938091
0.0067311512677140015
0.0047783552613211875
0.005362614085410178
0.0017390465483826968
0.0055587735336375425
0.0078964666248660682
0.0040892075421531176
0.0068156019756459045
0.0044576094901750867
0.0057331985613335735
0.0028613313719292976
0.0058911819824186886
0.0080248509085644876
0.0047644683569466953
0.0063071112720638365
0.0044599871033162968
0.005757235161825156
0.0045315617239977419
0.0059896358732678913
0.0084201685207903176
0.0046686414655969883
0.0060559678990536265
0.0029362474367294134
0.0060319156505185397
0.0043946537702657835
0.0056859872079303595
0.0081930065832653779
0.0046782022345997773
0.0060497110303303495
0.0024576166956195499
0.0067932482719581912
0.0067479958089921811
0.0056291830102228905
0.0080081993202132211
0.0053721412081563858
0.0064569860653974605
0.0020583431403236397
0.0065566740760422074
0.0067049153566325738
0.0051663593629949264
0.0082605035792424897
0.0052553170037428036
0.0069507720647082206
0.0015456662266977051
0.006398164623208657
0.0063092861631946053
0.0056073976120627339
0.0079487577871204373
0.0060069100183630809
0.0065139560796174598
0.0019293090050106164
0.0064102704479134078
0.0088409802835379813
0.0053821734696641952
0.0080581625325769068
0.0057871443140265297
0.0066394586461028353
0.0040858798198381936
0.0069187018436420904
0.0090226732194307116
0.0051301342630641648
0.0076245313855735275
0.0055752635957858343
0.0068384580549830159
0.0059435722400305417
0.0068001911442659947
0.0096750548538279552
0.0056402835292451697
0.0072602022194561298
0.0051190342564123286
0.0069232399832211168
0.0058712396281912459
0.0068773462621285397
0.0096327834772085268
0.0057828899190996525
0.0070882416707863669
0.003684822388589025
0.0083178578000566404
0.0082623124841757645
0.0068515542332116619
0.0095054379547140824
0.0057620219703992982
0.0078578350367662121
0.0033885472111505298
0.008166579294331398
0.0084577447999725098
0.0064597340317290143
0.0097843597831455305
0.006425322538360095
0.0078277197818997953
0.0029430897595335674
0.007645756824290262
0.0080427841784762658
0.0061998517907038992
0.0094957262609890701
0.0062082260065699996
0.0082934803412169945
0.0028798031002223255
0.0076335696558033263
0.0076852509016680833
0.0067833176463623921
0.0091293839992373279
0.007066595522077457
0.0078863469737326403
0.0044532219127929838
0.0077191974897003728
0.010450295899693133
0.00619285404879928
0.009335198832994749
0.0066709269432924378
0.0081333239981927642
0.0057606939445663278
0.0082256420038730755
0.010550496240387749
0.0071140789077634792
0.0086866173291751669
0.006601711046190859
0.0080403661814487867
0.0073415447330493896
0.0084500591570525162
0.011063687892976428
0.006899419828638253
0.0083040940606830798
0.0049108015702097937
0.0084007385891919934
0.0071040020157839279
0.0079198538452060693
0.010768863797781615
0.006867968847281667
0.0082589010821553181
0.0043706078669252411
0.0093784491095127952
0.0094822140620534883
0.0078727012239781843
0.010459399566810954
0.0077731105055714178
0.0089155538377339028
0.0040280530584729064
0.0090571545042314877
0.009413283987403858
0.0074171671383587885
0.010920056378328108
0.0076897850454440125
0.0097171436619165174
0.0037277718030941649
0.0090910228753459839
0.00911687393179526
0.008254236955223343
0.010562678537331588
0.008665383301431559
0.0091686549122711701
0.0043264829444833262
0.0090139346794660593
0.011647685571425653
0.0079283244612832742
0.010749669108070275
0.0084046371339183065
0.0092212439243977012
0.0071414132245974111
0.0096621880302227587
0.011734205753406465
0.0076090498528120871
0.010126398175594244
0.0080791832203357047
0.0092049562668488835
0.0089439679849789653
0.0093826675578058249
0.012406977357447644
0.0083211117359593134
0.0095869521771576836
0.0075101464153864454
0.0091643245539700935
0.0088433680380411335
0.0096108593008669557
0.01219982976306974
0.0085663885820237359
0.0094005079237720439
0.0061342035692775864
0.011245849157152417
0.011028194429234991
0.0094292506136693897
0.011801887501841137
0.0084302806716114956
0.010227371566292704
0.005915580837436327
0.010916166556188212
0.011110552678394123
0.0089697540709315297
0.012267854517740812
0.0093060887563726803
0.01035456494949771
0.0055913372368533391
0.010566502902765219
0.010867505474822001
0.0088653866922070532
0.011998296290031411
0.0092003447825838979
0.011189660899762185
0.0058225060671934234
0.010653133178727783
0.010474952258075676
0.0098515290568574592
0.011802997182130345
0.010440943712716613
0.011144343330634422
0.0080234278887311682
0.012475836668217459
0.015263992173342433
0.011443602276587498
0.014641252220575374
0.012396571547789014
0.013511091651479897
0.011627060006973696
0.013767346596872839
0.015722198392060103
0.013009624006392707
0.014200808546767503
0.012636555651784885
0.013393848503749537
0.01341904552292426
0.014468252310064624
0.016810596498233531
0.012889521953555146
0.013795750842243297
0.011184137380414004
0.013943008014097881
0.013254930592564024
0.013811389985862876
0.016651401168529416
0.012837509737383256
0.013602629417575032
0.010653808744180203
0.015451093846906265
0.01546707790131519
0.013560487006514299
0.015983146222179754
0.014157231981595563
0.01456351944193069
0.010226217473903485
0.014875783094383251
0.015414220409703546
0.013129501668019952
0.016822980309835187
0.013651041442129877
0.015922268298842444
0.009811593882622191
0.014546062627394081
0.014806103641938829
0.014216793386632802
0.01622062608170691
0.014969742914290346
0.01541071130587324
0.010537994708135979
0.014239040797998117
0.015452396541234783
0.013604461446205633
0.016842499158925786
0.014628193334302868
0.015207452172993231
0.013440945015411456
0.015432029820206656
0.017246562445016454
0.013270098999856001
0.016043745641979287
0.014265295110118597
0.015021242306316679
0.01524618940663738
0.014937412696345199
0.018307013897429725
0.014323794192954344
0.015449703088623659
0.013781936096757234
0.014868646568948729
0.014981373438421632
0.015918489607563261
0.018010268564562341
0.014485955141841488
0.015089006905682342
0.012220548942657308
0.017358440250329767
0.016925169418967153
0.015356813120545891
0.017457708256762867
0.013983859593971261
0.016090084788212763
0.011807664026966406
0.016747838232234306
0.01671804293115451
0.014826840617446043
0.018247884134381262
0.01518769368874663
0.015698580223694525
0.011228437506764812
0.016172546064302188
0.016254307547493189
0.014208699152873129
0.017548626539913334
0.014760027415856084
0.016800373066592544
0.011372115116500223
0.015705512267093259
0.015449956439352751
0.015132693343698086
0.016649112359197978
0.015836953205994226
0.016176615706067314
0.013292497176495825
0.015299934405690861
0.017946746185891198
0.01437733725537629
0.017429337887272613
0.015340419685965065
0.0160054763193812
0.014583576795915676
0.016426956011509689
0.017925505122845773
0.015839541026617325
0.01681056725383101
0.015133880005403189
0.015746724798491579
0.016377039038322248
0.017604771975399076
0.019375421178588724
0.015479792106557345
0.016233684425851942
0.013824250492306657
0.016704249899251272
0.016004717594018059
0.016483718683393406
0.019070089068111955
0.015252365210193346
0.01590890523996278
0.013084083738362291
0.018342387350933541
0.018325600150285185
0.016155463309614426
0.018464528130163735
0.016821762210329272
0.017157460986974064
0.012647128351622851
0.017566948688220386
0.018099986827310368
0.015476633721086238
0.019524182989731787
0.015989451170059562
0.018536221192983815
0.012243757638064099
0.017107395516783239
0.017550374701884724
0.016751054783594309
0.018710255821005162
0.017458455638178987
0.017928033589059745
0.013512310044803143
0.016617523278488429
0.018285074488808496
0.015889410780877432
0.019407724689058273
0.016858567418870613
0.017578870699544294
0.016468405815375734
0.017771175901212972
0.019581311260216842
0.015347467728662079
0.018280232416234089
0.016268680282436682
0.016970820609999875
0.018182012420866082
0.016933247777161996
0.020702520712115716
0.016290507866263331
0.017478501509459773
0.015408344876152114
0.016698663819884652
0.01749785476716878
0.017791736974028381
0.020132038520689347
0.01613209982211844
0.016935449244867888
0.014036081031433192
0.019264149066645211
0.019339331865647815
0.01685698836912743
0.019428479440712458
0.015497989928900436
0.018057137730711458
0.013452612170214866
0.018578585517722606
0.019019730580509781
0.01631162763401239
0.020248389924566068
0.01673147252688453
0.017568769173946217
0.012819542223655991
0.017780976453659895
0.018446963111064113
0.015553788398176961
0.019391627509630374
0.015989566637974226
0.018826811842937913
0.013556079978762016
0.017340468161053245
0.01761308807830006
0.016654156287498934
0.01844748303888432
0.017160502777413489
0.017922916863343102
0.015605543374493328
0.0166832870778378
0.019792635338266713
0.015647230369906878
0.01915620148974723
0.016470740309247993
0.017489043685161652
0.016759551217103402
0.01770810489265497
0.019512262129357347
0.017066421124208284
0.018052126785585584
0.016076378715481399
0.016795849812582066
0.018267989128857375
0.018570922992735727
0.020506691738055985
0.016317350780120494
0.01710698618766111
0.014494872151380877
0.017586117076428359
0.017441352888318051
0.016743566795758655
0.018503500133232178
0.015433418019415867
0.015686690159418658
0.013313054271349004
0.018395248140827564
0.019191497251960947
0.016143538750479792
0.017843480470963322
0.016761093134243
0.016815742071853261
0.012767076429377293
0.017504602877973771
0.018668015386941066
0.015428905482059952
0.018986574499318547
0.015936922528769663
0.018219318872984874
0.012569180292424124
0.016971015447696428
0.018296693679917861
0.016625340604786151
0.018219971279847046
0.017333976023279137
0.017611905405769124
0.014093905751399724
0.016460086403160889
0.018914315711535536
0.015825180716839787
0.01881105196553327
0.016712726213216424
0.017311684142541559
0.017369283765660368
0.0175045193879385
0.018898912931360205
0.015349425438237464
0.018019877933386667
0.016197708307511653
0.016936928678972629
0.019514687434609938
0.017021021094927268
0.020199256895894913
0.016545087920981048
0.017117722864904615
0.015379847351318119
0.016664433536509014
0.018959859181229319
0.017847657444091784
0.019914283735044013
0.016165696074358558
0.01671012483224988
0.014142539691564126
0.019724008962549548
0.020635456603039008
0.017031813080875927
0.019322853519354196
0.015712497498189652
0.017854356305646933
0.013578637756761597
0.018941296396843318
0.020322480632596302
0.016354551053689801
0.020173363102369609
0.016897730853215297
0.017570246121052169
0.012917596910318416
0.017957833338674106
0.019556661949258841
0.015839306691257649
0.019429812939793074
0.01636959496125372
0.019089496344683949
0.01465483103520664
0.017447568046140068
0.018824137733705688
0.016918054381696461
0.018565629159699226
0.017424264808809539
0.018344892733506261
0.016841944718382396
0.016801412484210181
0.019488637143565229
0.015913118220756802
0.019266440777544368
0.016837158745587874
0.017924312412876432
0.018339599871362074
0.018029774444115403
0.019506473398152743
0.017615139135319275
0.018239392578512571
0.016430397950004842
0.017403568642193848
0.019950784167166127
0.019098884862128108
0.020807424737937303
0.016974750725996888
0.017433928298475829
0.015058825088902618
0.018407942582934718
0.019370200405503735
0.017900146086407654
0.020286170369936733
0.01655668159787952
0.017134187794720541
0.014245507128616896
0.020036480364390555
0.021071124242176099
0.017381205764542051
0.019581546953807351
0.018108466305379919
0.018386684443237288
0.013930101454294637
0.018900653005197963
0.020498064000397477
0.016633881068744093
0.020733122718215008
0.017237036961020906
0.019974172349973004
0.014233411154765568
0.018339565454972052
0.019992346746770868
0.017949687842363157
0.019780375296850811
0.018691045225019052
0.019243419359211592
0.015799753887956958
0.017641514323214938
0.020531856387927379
0.016928234760837001
0.020334172302167546
0.017888849450969337
0.018837930319721946
0.019092615304516187
0.01871113728648386
0.020172214324841221
0.016442589549806423
0.019217503114279121
0.01728108046495436
0.018126974476767605
0.021038647970439472
0.018071334699108595
0.021475388667916779
0.017649290819733224
0.01826062180917359
0.016236060347820408
0.017826036049406292
0.020409658911558517
0.019072609235035443
0.021196867559197804
0.017303231871422967
0.017828139094454454
0.015114465809178221
0.021002829382788048
0.022048181940805146
0.018131825565229846
0.020593731745106075
0.016770345464835891
0.019071666998057735
0.014493952465152784
0.020220158115695629
0.021637806333292004
0.017428724666366299
0.021539279805047738
0.018113020302569345
0.018823086255847072
0.014061297841499889
0.019252377590921629
0.020922657872314714
0.016869617914063304
0.020794451426345974
0.01742936816279363
0.020462704270253738
0.015938902791308218
0.018731277962843327
0.020168212507061779
0.01807669219060783
0.019804989304550033
0.018567573262087658
0.019682723042011768
0.018352987012485951
0.017970486136463182
0.020936699059049588
0.017043312320823897
0.020608339338393702
0.017895440550675198
0.019237008978546306
0.019955439509511341
0.019238682630018669
0.020808234492899012
0.018810783400145952
0.019436817034000482
0.017420581215946602
0.018539231632010336
0.021573922828128964
0.020330368876149099
0.022195678633479432
0.018081154853497539
0.018587721170225092
0.01608012544799188
0.019625538856648229
0.020784396005423676
0.019046144125467131
0.021571880835974829
0.017592204926724139
0.018184674135462171
0.015170528915756766
0.021242069499209794
0.022370213123966139
0.018347276385771345
0.020796383344367623
0.019214886027780664
0.019562103928646338
0.014954138847496749
0.020102796606876194
0.021780334479176419
0.017610085065078267
0.021984834202218279
0.018285755512964158
0.02126151667201576
0.015387226254901033
0.019475108830689654
0.021259890000391222
0.018979205363191212
0.020954962814449404
0.019648446378467212
0.020533803625818331
0.017061539012884416
0.01877999914677092
0.021836893827357772
0.017995492584333039
0.021543735384617013
0.018736651806531484
0.020008362460499522
0.02053905707813335
0.019801945292403495
0.021401931573809856
0.017418727656776097
0.020342376366617468
0.018006019247389336
0.019186012602114839
0.022451552582871813
0.019101058246426814
0.022669779102592859
0.018644359601011413
0.019215922714622562
0.016885458099783417
0.018750265986861886
0.021681958770643672
0.020078750844861409
0.022279313764540527
0.018205143154199365
0.018692368776730053
0.01573387841973186
0.022019064129584064
0.023002798858767142
0.018995321890274183
0.021321352012121798
0.017605534790982161
0.019808951234348764
0.015062769186541427
0.021094828042249842
0.022420029766066992
0.018195661126737366
0.022251456475468716
0.018932394885421134
0.019540151201407036
0.014776452151698188
0.020082361450762368
0.021574504040286664
0.017585048553942582
0.021400090634341697
0.017960284419263606
0.021210156148808709
0.016765429830604393
0.01954535519993799
0.020899784641385418
0.018841339082950874
0.020421692285925701
0.01914136236477381
0.020459314478975785
0.019331214701211026
0.018763309132056313
0.021704858053510117
0.017832281733705185
0.021279393247968036
0.018469176692644432
0.020010414097904414
0.021043161431253982
0.020111958565414732
0.021677410827561409
0.019795567560094027
0.020371558889211636
0.018038286006468743
0.019478479726389171
0.022982265994107257
0.021386408697324975
0.023223436664872612
0.019146833900943572
0.019518095099036618
0.01687110793425247
0.020638463221361703
0.022210861595357387
0.020058122397448842
0.02273149011299844
0.018565766489323201
0.019166303864149945
0.015900660200898822
0.022454401823114121
0.023772513566307957
0.019395731632561603
0.021961052391130095
0.020351379645473851
0.020615320782533329
0.016246645880869635
0.021271597199518853
0.023092681486935121
0.018567821506202419
0.023110208293353696
0.019326000925511951
0.022460769096821067
0.016584682961627677
0.020605008297364547
0.0224958106115619
0.020054327739914075
0.022040445531327009
0.020525179956368038
0.02177870882555304
0.018489733162644913
0.019793195713225804
0.023231085418833397
0.01902793865660116
0.022793543175426229
0.019627635036157342
0.021310770063098797
0.022137455198039859
0.020856579706865525
0.022402205203055487
0.018441821707634243
0.021552944280115841
0.018896139593067567
0.020387763572929242
0.024189447843227151
0.020167970662186945
0.023983123454529229
0.019743683151065665
0.020435699961578038
0.017729925903661015
0.019972108169276224
0.023345986439656928
0.021274166822972531
0.023616651574153977
0.019341307489302437
0.019856858151889523
0.016709074289023833
0.023388092973314359
0.024767466162777686
0.020166936202184259
0.022863715910598971
0.018695371943690791
0.021204572838570235
0.01595402877579128
0.022528244620325596
0.024012287541185572
0.019398051916663207
0.023760513715300715
0.020156311125567164
0.020923083347803371
0.016201993631608989
0.021375966721080247
0.023132642229966131
0.018698594210922109
0.02286190250047718
0.018917818861890555
0.022685175037645604
0.018308452662427283
0.020784802012222013
0.022298395849143986
0.020024646378908214
0.021717102509754432
0.020124139185483999
0.0217846429383588
0.020846619136204905
0.019768532140099718
0.023045701124113058
0.018820201393940379
0.022527724426449704
0.019290645204458157
0.021194422699470552
0.022458310399999019
0.021015637737525936
0.022634432432436274
0.020736452063304135
0.021269530300208044
0.018729887021817198
0.020347084695504673
0.024160791850793679
0.022311138259897879
0.024153108020838015
0.020015978508792932
0.020386202297615192
0.01758949816332751
0.021552978264460947
0.023284084914875249
0.020959901664464511
0.023680763909380603
0.01940215829454444
0.019990456627907102
0.016558935237128588
0.023394475904126313
0.024721479098246249
0.020201059473173792
0.022874478757924279
0.021227618667767494
0.021492422758448215
0.017068549512577514
0.022186144559775588
0.024027188382772371
0.019352240800342809
0.024072093392171107
0.020193409188532137
0.023422104517945033
0.017482955903526668
0.021473406284201361
0.023406151477568478
0.020838285392898195
0.022940466999240017
0.021184308024245951
0.022720908571966954
0.019473381105313846
0.020619950837363375
0.024223801269011799
0.019824928950269122
0.023710091218691269
0.02024699316669774
0.022212651441909599
0.023285654109165027
0.021624871899316351
0.023387338134876329
0.019173102580438226
0.022410371705982812
0.019384729473224123
0.021196121171164629
0.025351417105842499
0.020866910220396256
0.02486403424260427
0.020437257499541769
0.021139528648421089
0.018134632044055209
0.020601477716945857
0.024403274540289899
0.021938943316737479
0.024459652564335431
0.019928132192085529
0.020490252710254096
0.017145474996439321
0.024004416836624264
0.025462850790396702
0.020708216140490857
0.023571320996104567
0.019218056027677389
0.021762353826890849
0.016259638244207113
0.023091463434168125
0.024612371153254035
0.019838324534376211
0.02444977907989794
0.020712345027107025
0.021532369732886251
0.016583199455351444
0.021949018576852091
0.023738593445576363
0.019114819375145763
0.023413352806647802
0.019113913233645533
0.023328942493269805
0.01885775250313295
0.021275234621950339
0.022884808739750108
0.020445459023834694
0.022222670100449083
0.020261045298738858
0.022414645264518959
0.02151527339257895
0.020275933462825801
0.023655202479912589
0.019275626729938308
0.023048490806290976
0.019405436948708315
0.021691233284740524
0.023209819411121546
0.021432217122102016
0.023195064025162197
0.021089394693490433
0.021723684209281516
0.018753030503799565
0.020761504783233495
0.02483683604920392
0.022762595373430772
0.024644912480906264
0.020363623224157485
0.020687249338213056
0.01776175985531037
0.021866118088670894
0.023793254928118294
0.021235614818937994
0.024026055060360495
0.019606165156024657
0.020174228006975277
0.01656405567274527
0.023598406666415092
0.024596114577592344
0.02031595231115943
0.022693431487044037
0.021393807513315641
0.021377992519563432
0.017042733363531209
0.022197881526264771
0.023888867249183182
0.01936447706666302
0.023855663646768881
0.020219102654978272
0.023298244951020682
0.017439625054896341
0.021481231148456407
0.02310757313855678
0.020823632337624277
0.022625220874914559
0.020929211765709083
0.022589193720411883
0.019578322628562579
0.020611302543375034
0.024046966046602912
0.019808354448282054
0.023480086122211807
0.020002787540345703
0.022109727168083661
0.023533840289903865
0.021579690491582378
0.023214008852769179
0.019207431773752739
0.022167563292297458
0.019149487433394567
0.021027002742271372
0.025581284294384707
0.020807709587423538
0.024660109240649448
0.020510967212184091
0.021051591166509644
0.01795690014434578
0.020543783602985657
0.02464201772038117
0.022007793635538418
0.024345810603074617
0.02006598294385812
0.020423173090761533
0.017204083020296353
0.024102732007580646
0.025624853841317474
0.020782458606115547
0.023606644639542738
0.019355891176121718
0.021800467014425187
0.016401554741382142
0.023319421405603745
0.024797407059972392
0.019975288142443509
0.024485904282674265
0.02090257585839023
0.021578792164171131
0.016746077593260883
0.022169612615957145
0.023965614773051241
0.019221367103806133
0.023437293349287062
0.019116670392450883
0.023479811027714733
0.019150150229261372
0.021477984028325736
0.023059764321017105
0.020641775396070015
0.022285719543697222
0.020368809553770441
0.022600321881119347
0.022054186669181953
0.020404630983568428
0.023927289685558205
0.019473524495845912
0.023231763748991521
0.019496295329742439
0.021943954216963872
0.023868668005806996
0.021604731112590914
0.023272368281852061
0.021423001450235089
0.021939591287111274
0.018922270464657841
0.021008979333040287
0.025596419510632854
0.023020378592202403
0.024894357692868827
0.020695807934706153
0.020956202931687984
0.018136889496088635
0.022216871536270461
0.024414523447679064
0.02157139047468299
0.024333293970378991
0.020001489288848574
0.02047514664361209
0.016988984272504538
0.024096138833322421
0.025451498944685211
0.020749216604357985
0.023441189993208312
0.021861501903457318
0.022020853145682171
0.017558646632359176
0.022862190868029049
0.024713325088465739
0.019875337987876624
0.024575205429321116
0.020761404854247462
0.024021166650815204
0.018150967449390553
0.022090761100331723
0.02397149161579594
0.021386724319715441
0.023358227157661397
0.021428949328421088
0.023371085805536335
0.020374137455012747
0.021184219750277674
0.024859915759639837
0.020360464900673187
0.024206090754480911
0.020490907295049356
0.022788394756407617
0.024435223429744982
0.02203414541860926
0.023924434290476467
0.019662819730254008
0.022822874683957935
0.019552706342160379
0.021652575040475866
0.026391932838812793
0.021277188522707241
0.025247624476055008
0.021024945620985325
0.021568657543827436
0.018347832165901867
0.021044808548190404
0.02540473585006554
0.022500680950204299
0.024914533821123932
0.020551469825632707
0.020957134985562245
0.01773338307103654
0.024714616926041669
0.026265298161748669
0.021303395219058632
0.02421242963995204
0.019871909987252384
0.022369355278278932
0.016938413336097677
0.02391143225763951
0.025446917855238834
0.02048394526402831
0.025160585503762718
0.021442423312424744
0.022175158951438716
0.017340874692354881
0.022783569074444173
0.024619886224292106
0.01974708229225354
0.024104454477786787
0.019650414492175368
0.024191869336217132
0.019870145490059055
0.022077572269865606
0.023737085629685396
0.021200878297322513
0.022970559229525889
0.020934063758860626
0.023341795563901209
0.022857145038975089
0.020989121517123881
0.024685608929432636
0.020062946889488599
0.02396236272177367
0.02007041747918591
0.022669696160395342
0.024830008227764329
0.022192610338400962
0.024045525411530246
0.022034043355745506
0.022649080856796178
0.019429010674855564
0.021682764843596828
0.026576704517928339
0.023668039250600865
0.025621404591010245
0.021277936972901031
0.021559795642416942
0.01881932032199447
0.02280847854608355
0.025303032125531692
0.022122050040162673
0.025056068008991048
0.020508602422999494
0.021054035082433115
0.017584873034037211
0.024675214734952471
0.026084140375772051
0.021272189116157626
0.024097955808316633
0.022433160467529412
0.022584227187660864
0.018208148413322692
0.023397213889716072
0.025349052253629031
0.020334011884747497
0.025274761110547106
0.021291183573529819
0.024700123328972329
0.018799438822405146
0.022662494675256911
0.024608010729660318
0.021904897465104992
0.023958727768347059
0.021953049469478309
0.024079247546792953
0.021097821459894917
0.021675942999150488
0.025530091214625
0.020832071860875614
0.024878954512626825
0.020935857484883205
0.02351663372073674
0.025292212928080586
0.022649940140955508
0.024620119979150111
0.02020120795527065
0.023450619210998596
0.019980688271253169
0.022247809899103403
0.027286216070200629
0.021816006146751783
0.025965859783433527
0.021480139382298123
0.022164004811583506
0.018693152939940512
0.021586495798807465
0.026198340359574978
0.023103420858759362
0.025536606593899846
0.021020185864017851
0.021429967985488227
0.018284429946386769
0.025189620624624251
0.026832161435034453
0.021739193177624943
0.024706952407181446
0.020221363644185027
0.02276130219250946
0.017358325387459378
0.024284837654082052
0.025490127156415181
0.020834766798265431
0.025291840301224937
0.021816595961058342
0.022341295814920489
0.017813427175179166
0.023045285339317774
0.024665668839131415
0.019984873817647603
0.024176096193962115
0.019830703870589179
0.024389140539304997
0.020325242520474688
0.02233810688078328
0.023669145363838302
0.021459294304074266
0.022975956265679574
0.021142040819880973
0.023538189307316899
0.023460916812799184
0.021232267682017872
0.024781596300167102
0.020338441670958815
0.024085000229817615
0.020273458127609476
0.022895920888513367
0.025352905281997112
0.022497512818967343
0.024148387846002133
0.022425364086614333
0.02280835901639796
0.019672063460476438
0.021861518191333286
0.027133004167684622
0.024080468792127777
0.025988616777573293
0.021742736628908372
0.02207616931397265
0.019668537922961499
0.02325485954226256
0.025947146808962117
0.022633004137243465
0.025482045006227964
0.021020033440171702
0.02154298955517818
0.018500860849106082
0.025208927252252673
0.026652970324521363
0.021761075156909448
0.024632702966103183
0.022959717603878858
0.02317631484250169
0.019209327722386392
0.024013311425553668
0.02595411346797746
0.02086227389588614
0.025794490401743253
0.021831096168323447
0.025280241068407511
0.019833763275158137
0.023245188499718086
0.025223313995362644
0.022415811667091185
0.024431651174641616
0.022386860841000486
0.02470680106141768
0.022136091997374648
0.022215701585994077
0.02613487562497039
0.021372377440902292
0.025469710065780918
0.021419081240369422
0.024146312734027495
0.026333239049138132
0.023119694213347003
0.025252223788295756
0.020721344109233156
0.024082335112692914
0.020398099940026188
0.022873843177901487
0.028249397046233155
0.022323518629324232
0.026433073430980551
0.022133439728228763
0.022886195805062844
0.019210539260990266
0.022179514745573208
0.027256911063390798
0.023743596668117463
0.026207532062348105
0.021624704714175557
0.022207833544041027
0.019375766168562819
0.025943647345790129
0.027542728227056411
0.022399810693418846
0.025389705322238592
0.02087599608095593
0.023570598648982154
0.018498756941428079
0.025106583949242426
0.026667871177845321
0.021588647562796964
0.026312277999153189
0.02250369029259296
0.023313656186970452
0.018967726286837867
0.023967117843660676
0.025785817632424754
0.020758412566462346
0.025099057246874803
0.020539471791244854
0.025392413803486197
0.021643095973704375
0.023140635196991454
0.024763042729435695
0.022243720770155778
0.023932893567946281
0.021880844316264886
0.02448393343764585
0.02464327962171833
0.021935590058211288
0.025754892026434828
0.021046888097760934
0.024978720740330678
0.02094054745878381
0.023633960229596917
0.026437045849866208
0.022963631869836548
0.024870151860486536
0.022965465775666535
0.023528570431219972
0.020211892494613241
0.022487474976277178
0.027982693465418863
0.024573899276844575
0.026390758858109285
0.022214433879304097
0.022539480811924268
0.020461227646904053
0.023695767428648828
0.026594259224670447
0.023020787399268463
0.025835319144350298
0.021417883825114368
0.022102170100099995
0.01937332050544446
0.025783522351849733
0.027208638139814861
0.022269381261920608
0.025140512796133718
0.02342968828142248
0.023728311846843327
0.020186413854836709
0.024544953119641867
0.026537986792093519
0.021340647159606336
0.026399166941001792
0.022204470073400793
0.025883630110781236
0.020796405179184557
0.023767692591326991
0.025766980719893445
0.022988558590267025
0.025042189755399766
0.023279386764879659
0.025318052866987899
0.023207535904756969
0.022619799611498324
0.02665295321642052
0.021837123024310769
0.026185095150396284
0.022247560881693801
0.024755605135593294
0.027220634406579756
0.023590304094151787
0.025839516447621617
0.021202427893883276
0.024715373255414542
0.02126721402048749
0.023414118478636892
0.029231891629918762
0.022673235093421253
0.027039293902240236
0.022480661241492686
0.023483155277913986
0.019902103541080636
0.022654650935237892
0.028137773443134239
0.024088372388883068
0.026581808676984869
0.021870763713147581
0.022565186140832895
0.020175584504139487
0.026024649544353899
0.028045485278175752
0.022522924701461947
0.025754868647248051
0.020949154446607977
0.023897332233135671
0.019124975046732964
0.025172439728180691
0.026941782969559316
0.021718742624742417
0.026695100305870495
0.022588511897831898
0.023532741137504597
0.019580006854739172
0.023968555828644045
0.026057774075187255
0.020805652521701322
0.025497176117895357
0.020991555817662013
0.025729275914700867
0.022313332649727954
0.02315156373015648
0.024981588743069778
0.022280001147077493
0.024191187087999166
0.022299221650087436
0.024775603062461193
0.025201803678100376
0.02176364255511121
0.025890161373597845
0.020944598224443729
0.025185592105499852
0.021095832916831155
0.023886287250542333
0.026990526033677419
0.022981567548424002
0.025002153026640796
0.022757444904950422
0.023715480961172215
0.020386081642664297
0.022562563865169305
0.028535114555430393
0.024498051432579725
0.026473915510763814
0.021834005118474983
0.022619041366931721
0.020546430785913738
0.023659190246375014
0.026917739240372395
0.02283834077764995
0.025677694777920486
0.020980853017105686
0.021788680436975828
0.019200792004530357
0.025123347024369431
0.026895031304981675
0.021697230961959902
0.024602533968224052
0.022611574267129352
0.023030252167671534
0.019601398984814545
0.023602910555200272
0.024467713541820924
0.020302771914245309
0.024398978824313456
0.021065152897700321
0.024030734263412856
0.020020159511984707
0.022174730803378239
0.023729612476843999
0.021626942594448178
0.023134175108152164
0.021882484385193166
0.02361796136972958
0.022343344834672554
0.02115818098395433
0.024338525945194697
0.02054509194755514
0.024095811997239248
0.020954488156773875
0.023032761286799576
0.026481852454787184
0.022011598980305868
0.023763565955171682
0.019876598878239123
0.022794869708362104
0.019877443355883057
0.021683918710818404
0.028165094064793145
0.021222914533022982
0.024885903242689664
0.021153682937210462
0.021515438038228023
0.01864982296246856
0.020766026075434579
0.027238439977908851
0.022441261987040016
0.024428347205355593
0.020417250120481754
0.020910203192678747
0.01897340598349298
0.024376466928456901
0.025850098739959085
0.021193983867052416
0.023700800857035981
0.019742261925083701
0.022095404611438798
0.018078498890286846
0.023596804639078799
0.025058271026594754
0.020351738281024705
0.024802511542948189
0.02118476301253774
0.021915299565954973
0.018590650943223343
0.022655486932526021
0.024208758828653608
0.019640718766353708
0.023583917750685329
0.01990792876709296
0.024001452844627336
0.021597444984853158
0.021793442840354914
0.023322870195117511
0.020936032109826978
0.022429517205767406
0.020944104024492483
0.02326528855576377
0.024419646753833891
0.020444379008431941
0.024091759252925067
0.01985865761579033
0.023464363817683461
0.020046650625457883
0.022351807119047922
0.026522926417261762
0.021638054680047793
0.02348217650830059
0.02173330854307625
0.022260815090554355
0.019344909982447568
0.021255360177246614
0.027881506798847249
0.023202241079392033
0.024824336781610345
0.02096467220780791
0.021284168642616366
0.019802672649074222
0.022361406360170116
0.026582394341306294
0.02169357688385826
0.024211566914241228
0.02011844942487355
0.020632104424634132
0.018504562101169939
0.024117647789362994
0.025408428381084824
0.020806234880772011
0.023311109891951794
0.021887276385239744
0.02209785183272522
0.019234977499614819
0.022911689404872679
0.024658057738214226
0.019969875131214652
0.0244405477039558
0.02064528180969958
0.024162030786116277
0.020103840904552962
0.022171228802017731
0.023992057611170209
0.021514291420946418
0.023194790044862294
0.021865548252052235
0.023763610867405697
0.022624062242772379
0.021099978600724597
0.024671428232503817
0.020449567076056548
0.024301470216459092
0.020961093747941546
0.023257019942460402
0.026743954411377963
0.021984967294798406
0.024008005866356673
0.019861072287686413
0.022901083446978495
0.01993083798125608
0.021711283008008418
0.02834507467749391
0.020998808440166532
0.025007173767256061
0.021016513510464463
0.021626347146894709
0.018635353152471609
0.020893739359817139
0.027267433884476503
0.022384310879363344
0.024418267350996448
0.020404927783696736
0.020951050565658241
0.019144684267054731
0.024345358326192824
0.02591252350474928
0.021082831322927927
0.023718276820213408
0.019666445233136216
0.022190857587205938
0.018197302748608039
0.023614422292244926
0.025104682293534727
0.020352389758852275
0.024847500576041012
0.021198320515332193
0.021984558259432074
0.018817665636708881
0.022634348870618364
0.024318181364239168
0.019602624782884423
0.023703935875518244
0.019953280884304567
0.024120824453956979
0.02171457276745448
0.0218124059171074
0.023377649204438068
0.020971952909153217
0.022544963675788461
0.021173051668744603
0.023393823659890508
0.024665589227220466
0.020442730768620482
0.024256380818923975
0.019913427383056195
0.023675893139015913
0.020266300786754867
0.022543048172544818
0.026728190128591185
0.021727116136270673
0.023648658257323187
0.021835195877993395
0.022445754011283146
0.019600841030578485
0.02142297581359447
0.028135596402969192
0.023270187368470193
0.025030825814148023
0.021036763617737382
0.021502021626212415
0.020110245444015233
0.02252872795397598
0.026827926323506213
0.021771389144680485
0.024315644795479679
0.020176867835063211
0.02071643540442707
0.018790972147338283
0.024106601558798988
0.025599151082341443
0.020814275417841192
0.023443053477399483
0.021892091280913628
0.022219436242784371
0.019537616815641173
0.022917164863802866
0.024739174960372673
0.020011140631124812
0.024574285500672335
0.020681963501745601
0.024232586556618082
0.020461852178742204
0.022138058401235457
0.024081708830713401
0.021488602615106153
0.023344365835260422
0.022025383426431566
0.023903323973062732
0.022831706937374064
0.02111882890946597
0.024747306152424396
0.020456115863954429
0.024404593678997805
0.021124045633494768
0.023376017096712432
0.026924689170807745
0.021928227527812993
0.024092238706365503
0.019808251089072606
0.023011922434974259
0.020025242743319977
0.021869715623697081
0.028415667838113771
0.021083300157724954
0.025113361968162693
0.021012443865390171
0.021771360934401466
0.018759605447235372
0.021005753064153615
0.027492314255866027
0.022447329431892669
0.024555977237674782
0.020346010130496719
0.021089826560898854
0.019288578343978392
0.024382474980334742
0.026032271489253338
0.021130305925222609
0.023758401477004219
0.019606485576472626
0.022159889379566242
0.018305581973041059
0.023503052342429168
0.025111383842775996
0.020285994680289129
0.024799182598886766
0.021032132476303499
0.021866583468225669
0.018855338280441669
0.02242558539347329
0.023761297650821973
0.019435406915418806
0.023237653374320068
0.019861633451478379
0.023683056021821348
0.021676371882436814
0.021451532648615407
0.022818168305051609
0.020687659276824828
0.022060148249462289
0.020918951689694168
0.022967936906540923
0.024504831882829422
0.020118792639371771
0.023586356672412434
0.019627792199484892
0.023103776422144489
0.020026223579293657
0.022065006862711147
0.026311994996621884
0.021358368234458015
0.023046848006309708
0.021467536086280534
0.021966734214843471
0.019352361287568814
0.020979661124072759
0.027407810349324095
0.022904444514198756
0.024390935343752616
0.020744685717853546
0.02104945497754292
0.019977578375972457
0.02202328690911785
0.026248100673898329
0.021395210052368434
0.023769397937240859
0.019866967147608858
0.020431313515276307
0.018720569221860432
0.023757042193594074
0.025053647529014986
0.020568964181805378
0.02294344920142705
0.021615981385816954
0.021884045754489621
0.019637736245678338
0.022591147559119486
0.024338534305067397
0.019751976224291878
0.024179485142764235
0.020392131688113966
0.023868850340627908
0.020461264867364222
0.021901676306111454
0.023725682024073373
0.02126668273140217
0.022960673806427426
0.021886894723097485
0.023506153150145565
0.022902283630330467
0.020851149332357922
0.024403826220809142
0.020184057860629313
0.024011836101390953
0.020914748715017684
0.02300441178543108
0.026703309319046551
0.021647304899901632
0.023683918556861909
0.019566810018241693
0.022657595697020493
0.0199049151764259
0.021518553820575371
0.027948000773768775
0.020747319003244193
0.024745174933120589
0.020779492346745931
0.021552525297809096
0.018635794282756413
0.020730126108947099
0.027061167095605611
0.022148737135804612
0.02410566350627627
0.020152596132897948
0.020892680625862095
0.019364027219999472
0.024058485877593079
0.025799781132955876
0.020878527482426565
0.023433827412647198
0.019367290724486612
0.022033535100903147
0.0183684612212506
0.023320232099078134
0.024777926839842201
0.020137831734957461
0.024477229028473244
0.020863613370918563
0.02171753585363136
0.019105209020588935
0.02229604032471352
0.024015885048424862
0.019365273739399252
0.023348956770113904
0.019883835418496604
0.023777028597465399
0.021939912414283124
0.021473204839701759
0.023035995622394018
0.020702906918481267
0.022145617653309236
0.021016909297133311
0.023024140537603519
0.024748944148143982
0.02008362116127627
0.023805204254400147
0.019594451432515359
0.023245945248748602
0.020086132032901823
0.022134464865783465
0.026443644581521809
0.021295113932878397
0.023127961520738295
0.021368900084143126
0.022001158272654763
0.019392746417926741
0.020903101318256252
0.027354824601109086
0.022623567404527256
0.024224943239870764
0.020472700739958452
0.020973626040151624
0.019994189500703169
0.021865468344505652
0.025966274961045678
0.021134490852759494
0.023448298014530598
0.019583350942871579
0.020224739417020906
0.018711552787897621
0.023446388160612532
0.024751545713839109
0.020273363479703543
0.022600868898137269
0.021263542253178631
0.021653760998840831
0.019675975793148809
0.022218981940566783
0.02401259430568586
0.019508566547127945
0.023869333223270423
0.020079069383711845
0.023580564039179991
0.020543396971528464
0.021504902174547889
0.023406488714962152
0.020958765935326473
0.022714396609781896
0.021671538596686673
0.023223344288795321
0.022873140660277961
0.020477167925541589
0.024027144521957384
0.019892114955366164
0.023730990514039464
0.02077803739063187
0.02270295393908121
0.02648987134135412
0.021290629578408007
0.023368132554695199
0.019248923132466674
0.022408676007485473
0.019761263439264168
0.021257577176906985
0.027533445098738691
0.020398439734265472
0.024386636816280768
0.020408942736213628
0.02131379142092945
0.018481628662897841
0.02042356857581179
0.026753906206428344
0.021721124832223226
0.023754655872166096
0.01973942902325879
0.020616442928865168
0.019213113009491165
0.023606386502332617
0.025442880984073185
0.020437449503726498
0.022958887140131463
0.018888576161053491
0.021522060738812725
0.018125969319384046
0.022548053571893073
0.024289462674878193
0.01954203489343638
0.023988952918898989
0.020232910820017731
0.021203986946346478
0.018882541412817009
0.021474895703355309
0.023411247624385772
0.018767203176433111
0.022854499285755229
0.019444538410572781
0.023157480771832297
0.021705234303942212
0.020632757391800448
0.022418869372202867
0.019962319464262506
0.021594344894959195
0.020473624187879617
0.022485307165566092
0.024249256795519088
0.019322019830929137
0.023141299932878223
0.018892025083746419
0.022589161317982755
0.019528958013357339
0.021556857107072114
0.025940440925342804
0.020410431720332984
0.022408611546728758
0.020305059713645178
0.021328954675434782
0.018661105203030784
0.020323474685040133
0.026460466456349419
0.021862120677606508
0.023462557796232637
0.019560354913420765
0.020396792225658544
0.019347110247257493
0.021185815409459328
0.025292096766911243
0.020340201849335778
0.022732905656700025
0.018602100395283348
0.019587632000721725
0.017972481333383118
0.022458713657365986
0.023935409241617526
0.019394820762600806
0.021730875266081459
0.020199056559663517
0.020636226703764651
0.018910166427476408
0.021007952734650993
0.023067556852429397
0.018434335037663278
0.022756810469103574
0.018775384183791852
0.022311350456201869
0.019522777505433325
0.020056103793476564
0.020853133892489439
0.019333643814312445
0.020326548335185591
0.019974125744697119
0.020946750220397548
0.021643541841925028
0.018524106443867535
0.021410248082965912
0.018152292091779439
0.021214664522194955
0.01893685747868935
0.020397942447245531
0.024826772462678288
0.019301269326727512
0.020649029427448142
0.017431248877636613
0.019927402146326996
0.017955373999665836
0.018958784324193199
0.024251402374455455
0.018387027013422347
0.021603020870993701
0.018429692739570281
0.019024582877987233
0.016764216515942582
0.018160415126766052
0.023584716609110271
0.019629811835048253
0.02108124096896136
0.017929327788645387
0.018376192575261102
0.017642809763409817
0.02108391386912099
0.022553884583482443
0.018412052099221116
0.020318308977073811
0.017111103252654122
0.019423242062768735
0.016713725364871496
0.020478521178726779
0.021646281072774432
0.017798605556766357
0.021403988083599886
0.018399429566413505
0.019075638796889206
0.017553552567693729
0.019548335702890995
0.021049434807045252
0.017089981137916044
0.02056679002514775
0.017891928318713203
0.020828288471639748
0.020451191497052674
0.018909438735375241
0.020151492223603747
0.018290833586028243
0.019355643908026025
0.018812817876703303
0.020252986472797531
0.022982986825508128
0.01763234114090164
0.020907639006281932
0.017258127954272423
0.020320176729156592
0.017842214853181982
0.019425396557819403
0.024405074612064093
0.018575491689319087
0.020156829488990877
0.018711662132619111
0.019279804341185352
0.017199168017691165
0.018257993715506814
0.023747815479760459
0.019893896511643701
0.021223514876666578
0.018042867765331892
0.01859409000243813
0.018036410785755179
0.019179012694880072
0.022782181345563073
0.018579359269073441
0.020569231775126394
0.017109582511023909
0.01789801580988408
0.016919669044129105
0.020599153113554605
0.021831649675531608
0.017831393038345994
0.019720877212857722
0.018627504597239299
0.019054819655278998
0.01791102101124253
0.019531586791430265
0.02105932603918307
0.017129396281521922
0.020835421799806741
0.01752564857598549
0.020735876069587635
0.018833156866023118
0.018877282026665047
0.02049138551060025
0.018456503065965992
0.019787208795718839
0.019216504266791661
0.020373379580436168
0.021129911155320327
0.017946626684415483
0.021063929190766984
0.017540440664207513
0.020713367018265434
0.018427620331743531
0.019859409575374718
0.02433628126898103
0.01871904160275056
0.020380909878316068
0.016864442008253735
0.01957132870315325
0.017528648530817603
0.018543560827794462
0.023760660197737121
0.017798716919493179
0.021194056726177538
0.017843033980694509
0.018627234022752896
0.016372057627830082
0.017661958611041414
0.023048430936356955
0.018806252458923121
0.020481377020901588
0.017208023689177513
0.017892155883065964
0.01725892434772798
0.020428743478399427
0.021841051572879893
0.017726770104975684
0.019634454550820503
0.016382849861808942
0.018803984475985518
0.016343406124552994
0.019694459168116189
0.020977914489534035
0.01712077583265683
0.020687033013606585
0.01759990957982159
0.018481088436035523
0.017211279024698354
0.018743474089518198
0.020358243222788234
0.016486081672135236
0.01991729048779995
0.017376298367752802
0.020173237167671363
0.01996804510581212
0.018115379215941564
0.019494114122981285
0.017603039835173424
0.018799881731346387
0.018260574606724922
0.019645928313759522
0.022214532860807955
0.016940256728364047
0.020213549527762911
0.016661409843910496
0.019739735442361551
0.017478549851512756
0.018892113971970763
0.023649772201736311
0.017947721851660155
0.019596614532066046
0.018068975336061485
0.018786459661094435
0.016860534560682094
0.017803658252678614
0.023038393642779896
0.019261426043217286
0.02061464539997053
0.017466914064133369
0.018165071507574633
0.017790920267112226
0.018666462725042007
0.022224531800921432
0.017958473996958296
0.019993725834183851
0.016529041673980085
0.017438960906204483
0.01666372815795911
0.019895777891422415
0.021275967052975128
0.017235709330033412
0.019083085166069661
0.017945684237011126
0.018384108800796974
0.017657850422694684
0.018592558315059113
0.020405280602418134
0.016401719295968398
0.020189957153962299
0.016770599482087371
0.020019311689457066
0.018530222379258898
0.017923334950285551
0.019741054233011673
0.017637703210243327
0.019123264543973891
0.018650730792352334
0.019626970201499189
0.020622132811606048
0.016999017129134611
0.02026990939546822
0.0166802218979679
0.019995289988704347
0.017813968584586188
0.019197004221038119
0.023300160835064063
0.017826416630770798
0.01961998110550732
0.016067163861170207
0.018836301569833135
0.016969668109881084
0.017918425047622286
0.022884447179656844
0.016873637465770992
0.020336590999207815
0.016764813468846024
0.017975886412415758
0.015714900630268275
0.017084919429102445
0.022094096222174054
0.018079736314669005
0.019720252843735363
0.016330155382187121
0.017328170576018733
0.016779796281526579
0.019536288886049673
0.021145285544381193
0.01695632599005464
0.018967767129387466
0.015451206544555441
0.018093624843546964
0.015763667527347081
0.018788163649226534
0.020222118193925796
0.016330492219175648
0.019833439700687308
0.016634984189139168
0.017549431185434221
0.016666070751008701
0.017638311101434299
0.019541691306302355
0.015505406690293402
0.018912810572745839
0.01635933245065534
0.01903984210005628
0.019106325310697326
0.016806459015554522
0.017210009104323225
0.016160960792290079
0.016662859050005936
0.01687237528194226
0.017504372842177842
0.02104452307288714
0.015195749768241902
0.0178656934575285
0.014997902768813944
0.017493828684164645
0.015895351784809615
0.016749049072835524
0.020599476663346369
0.016130059487102996
0.01709898993073785
0.016239051994267079
0.016579083024747868
0.01539001438871368
0.015764958107947077
0.01999221090204081
0.01722337067840719
0.018112364278443139
0.015691272504482292
0.016163086868369821
0.016430670986454069
0.016623609932702989
0.019325711321632622
0.016092054148148949
0.017522131271508819
0.014946436645678877
0.015510803916712113
0.015517234342137738
0.017629569853299117
0.018699267062170021
0.015514253640213246
0.016854195065218864
0.016156690067427877
0.016714231208387106
0.016914421344286768
0.016864934876078465
0.018258439203303764
0.014986284698973748
0.018045524744204275
0.015113701449652413
0.017969979386090802
0.017844571012483726
0.016290159850982585
0.01781800787896945
0.016088145517481549
0.017297710054427033
0.017462036742826877
0.017617150608728049
0.019916718827079825
0.015546485865152913
0.018297856558885727
0.015169571397865613
0.018013040701340959
0.016692586564759259
0.017138512753111741
0.020782032223509689
0.016190548058905418
0.017686797210543281
0.014537533716359989
0.01695689355137826
0.015800979946424328
0.016051701958230396
0.020258229251143789
0.015164719395146879
0.018183788993685186
0.015302565403658897
0.016302995385053597
0.0147475342817641
0.015342599063256204
0.019672141561439264
0.01624098288852293
0.01761830834558015
0.014785281111480643
0.015804887761775004
0.01597450577082463
0.017553248678109264
0.018879531857047847
0.015348193601627239
0.016880877410050055
0.013993304351363627
0.01654387810901611
0.015150195541496448
0.017003035380161857
0.018259354358111889
0.014877862161681219
0.017909752397795995
0.015043101439385472
0.016025085806279812
0.016146478539592134
0.016183922595349967
0.017657159060697716
0.014244010119320687
0.017118224636561263
0.015563050190143094
0.017419636172753768
0.018698744507436554
0.01552262548637783
0.016794783388583593
0.01522107573858235
0.016081893372427769
0.016282905248777183
0.016845599207432886
0.020320229116257298
0.014448272353809737
0.017368513515949403
0.014265861664296694
0.016856956087475179
0.015430506599312666
0.016015710071386784
0.019965799607898748
0.015268987701431444
0.016575219355747205
0.015205941533112173
0.016010580868827715
0.014888566960878799
0.015052516277002062
0.01918280447937332
0.016204074795221332
0.017202488995595143
0.014472725551643703
0.015348285859634275
0.015866675464104293
0.015506099427328486
0.018285568262728116
0.014378336400525717
0.015774832774360193
0.013175501148713154
0.013991868119975761
0.014609625037367679
0.015629457421638487
0.016768344626931785
0.013827956488603858
0.014909792352684912
0.014268716510552466
0.014848652690487203
0.015782781481304225
0.014687817366699047
0.016183294960186095
0.013269096453231504
0.015992544892175144
0.013131732843618221
0.015996598723381307
0.016655425532335812
0.014167928837256103
0.015632963525662565
0.014231012584709468
0.015363402740538129
0.015660053361998119
0.015505618662867815
0.018560460415892835
0.013481347181098819
0.016074036605634012
0.013232363418197413
0.016022973644472267
0.014819286703712803
0.01504393127554533
0.017907027369615792
0.014040327128848302
0.015413631245184986
0.012683054533434246
0.014922120588801484
0.01415801448779771
0.014010369799849114
0.017822469082277546
0.013164778060709328
0.015981177839505686
0.013195360320152148
0.014358886139268213
0.013086427127830922
0.01326659237407638
0.017284226023953447
0.014085879624549016
0.015323212377048456
0.012693339805146565
0.013847331694586218
0.014439904005408115
0.014974147465337937
0.016708993129159515
0.013109242030454858
0.01470569750326298
0.011820257162829509
0.014265318159469487
0.013468429477381095
0.014253175586322983
0.015905891607983225
0.012523793039591917
0.015326612585009926
0.012437778705051495
0.013306048879124037
0.013916762676276659
0.012214213932910329
0.014802233186327242
0.011056246969142168
0.014442573465342279
0.012581042276384966
0.014477856509074977
0.016301724524893379
0.011761628524967194
0.013954857797171228
0.011729096564186591
0.013445280849303623
0.013119559068899238
0.013911827168179829
0.016671047268118033
0.010742571583622433
0.01429949767358212
0.010796236997975078
0.013970464615014618
0.012153110277358959
0.013259792251833231
0.016455724603176968
0.011477755818140138
0.013599102299657656
0.011422527184893977
0.013175613181035925
0.011662220765220348
0.012258080951885039
0.015891043602901785
0.011983025455840027
0.013696104014323994
0.0094219108778289574
0.012155197442472843
0.011656142538412467
0.012399013879289402
0.014533971896868395
0.010840561972541359
0.012664319691360284
0.0088755296548515272
0.011437562543132775
0.010898511751669287
0.01173017340320821
0.013856721949700215
0.010125776710527171
0.011887565089134087
0.009452528053345571
0.011558769689176015
0.011387628632510674
0.010282639611030301
0.012813001605933187
0.0090465138222075095
0.012246189365324633
0.0078883843123372707
0.011478270388374267
0.012187537603120848
0.0088650883353360403
0.012091204919554673
0.0087355112258461053
0.010818667103127268
0.0086765816716350003
0.0099024862050217221
0.012388905520711846
0.0069804773779704749
