2048
0.00063495238720221911
-0.00014085889417034608
5.1813730401074963e-05
0.00025176448159920536
0.00045659881371789575
0.00058538850488458352
0.00015319849573518631
-0.0013954662744532641
-4.6329650675434184e-05
-8.8948403192687248e-05
5.8021742607350089e-05
0.00046444904076866776
0.00047486072716219246
-0.00026381940050217503
-0.0025657237058474519
0.00015178496877549816
-9.5035805644563815e-06
0.00030876008431494689
0.00028712980551352828
0.00067080242333764409
-7.9806777093873111e-05
-0.0025685005615174584
0.00030502235149225035
5.630530621372019e-05
0.00041471481620433573
0.00039214422532606464
0.000916470848521235
0.00033259170804329747
0.00038436163091897473
0.00041597440865828722
0.00014702392477507748
0.00060033640052046199
0.00054387756158739162
0.0011266794955562781
0.00058202132499904119
0.00039566619927357917
0.00044248898276894494
0.00020174648248890993
0.00044255383626476267
0.00037255235535691605
0.0011977628253973956
0.00058088256219955504
0.00041611699430631357
0.00058891687020701331
0.00063291922043769459
0.00031302385457141087
0.00020527853793730278
0.0008010766520065455
0.0004702644342888131
0.00039083594068531862
0.00076760299832298443
0.00083321996875135231
0.00060242369278765335
0.00011216284104751249
9.725764843271931e-05
0.0001938774706697759
0.0004135392212446542
0.00024771641830498433
0.0001369423684095053
2.8446410971491354e-05
-0.00032562954172549581
-0.0026192142585599958
-0.00038097892105520853
-0.00021839314186326974
5.1066764588750713e-07
0.00016075394540732523
0.00019547579863967511
-0.00067331104270523605
-0.0032003763226738876
-0.00025174165930600485
-0.00040470521141249715
-0.00038716454470106817
7.0325916386305802e-05
0.0001789626896736189
-0.00040392210149922349
-0.0033786811698894963
-0.00048922274363746973
-0.00061765774864612835
-0.00059274837849730352
2.6392469752230367e-05
0.00037485891229662013
-0.00026965766596643431
-0.00031986264949533899
-0.0004180931875703988
-0.00062150626954242763
-0.00050733785377398278
-0.00035670567503751375
5.4616138652488132e-05
-0.00048132142020968009
-0.00047562576899928409
-0.00064122460832446472
-0.00064059816906447708
-0.0010166704356000193
-0.00060657522657631949
-0.00026194336253489815
-0.00049996307491936723
-0.00054594096495141822
-0.00022456040996423769
-0.00066048281373647729
-0.0009824710642863531
-0.0012472205591388104
-0.00026948231032710546
-0.0011665428403178841
-0.00069940185715260984
-0.0010873259823730983
-0.0006178729312489459
-0.0013109724449920945
-0.0017582502069911881
-0.0039335123124982843
-0.0014738117354196043
-0.0012022753619846207
-0.0014460476839505318
-0.0010456277060221547
-0.0013002505242713852
-0.0019626302007931663
-0.0060397662011403381
-0.003073672128464643
-0.0029416164771737881
-0.0034601323546180882
-0.0029530634380094682
-0.0030602091804277178
-0.0034702726280457005
-0.0064180929464851466
-0.0036428521790883147
-0.0038411434806508134
-0.003911487994678239
-0.0032433790837980724
-0.0032297651168359848
-0.0032372215982225238
-0.0033167282097147388
-0.0036042277036629298
-0.0039836511841209168
-0.0039930770088837221
-0.0033638671392457508
-0.0032554110830794419
-0.0043828792036754898
-0.003661657178354899
-0.0041069983166961794
-0.0040024403267724992
-0.0049854869532397405
-0.0042572428785985997
-0.0036442146059748898
-0.0044530627363446214
-0.0038166596499556518
-0.0041544267754482691
-0.004325314259354323
-0.0050040009727708246
-0.0050166716950413
-0.0041038251189890046
-0.0048492213531506701
-0.0040016876459046452
-0.0048372933010203947
-0.0045214452242335213
-0.0056304343132081557
-0.0052926143357341238
-0.0048420262574063472
-0.0047141524438207199
-0.0045913472757098724
-0.0054051289135981602
-0.0050466114051853188
-0.0059634333917022572
-0.0054720648594438108
-0.0086977064151656357
-0.0055264840346326187
-0.0047989923459448415
-0.0054324802842568957
-0.0050629040187794719
-0.0057889895872671902
-0.0057143910544463139
-0.0086276047567313482
-0.0056109836847300122
-0.0055975265925866831
-0.0064627834282149944
-0.0052205769622997774
-0.0059582553808560203
-0.0055456856646724775
-0.0087758943807302002
-0.0063796466498916059
-0.0059706727513031983
-0.0067285449549443575
-0.0054095436184600273
-0.005879175291222314
-0.0068739877315075748
-0.0054354047071471217
-0.0065478019295608647
-0.00595634353361898
-0.0067235151324308252
-0.0063515328805807255
-0.0061848376880588654
-0.0071979382875378799
-0.00572474848551679
-0.0068470686916146948
-0.0067155973049171681
-0.0078140040816476047
-0.00664584063719551
-0.0064401327606711019
-0.0071256428079526828
-0.0059380475734468951
-0.00673419360401696
-0.0068209207356666138
-0.0079431901108966349
-0.0079188663551997898
-0.0070524800417476226
-0.0076401109481939265
-0.0059186596894533648
-0.008621010797467266
-0.0068801390093051152
-0.0094015040973964206
-0.0082872003810794282
-0.01140330615238907
-0.0076823984218225569
-0.0070647854915819744
-0.0085586432301761328
-0.0079482492557077025
-0.0093023354350373066
-0.0083842866254304916
-0.011282394098517617
-0.0090065763541724072
-0.0071006370307705848
-0.009852926640549927
-0.0077947443708511087
-0.0095977911501145489
-0.0083302148241001343
-0.011262067545449539
-0.010071044098744243
-0.0086878732502172588
-0.010270790156860972
-0.0081858972288892419
-0.0095303141911138832
-0.0097783077190151182
-0.0082865731222114859
-0.011125552349404905
-0.0096835133009287207
-0.01160203809616993
-0.0093804836490610586
-0.010632569727292013
-0.011503246463595098
-0.0087159288809778041
-0.011475801847202361
-0.0097371163247062017
-0.013279160419687007
-0.01094933855100981
-0.01116110482245739
-0.011280133775601961
-0.0089164871729916773
-0.011624683920035284
-0.010880925613455217
-0.013111660200733939
-0.012215203675091791
-0.011803155704687521
-0.011529692673160022
-0.0089661363898691677
-0.012965878398459901
-0.010720982107688921
-0.014317424435743418
-0.012136821383891579
-0.013179159447926967
-0.011189757872249158
-0.010254003994756242
-0.013028966093196797
-0.011766547204071642
-0.014361610651103477
-0.012084846316851586
-0.016405320739066045
-0.012842856852542691
-0.010195330023369769
-0.012876297567434339
-0.011412415997139522
-0.013710852016018569
-0.011807290504233363
-0.014952653356014185
-0.012673103078653453
-0.011555960833978893
-0.013982975663115859
-0.011303014145788498
-0.013415779372580476
-0.011567255508664076
-0.014384335760564877
-0.013714966531387573
-0.01166967516583005
-0.013879861948455656
-0.011326659144533936
-0.012872645042584717
-0.013382980150067229
-0.010125512799620555
-0.013424573159967642
-0.011174117307910137
-0.013741120841705694
-0.012663152972581609
-0.013019089425565195
-0.013245630687441674
-0.010220759855944426
-0.013509389083770433
-0.012737765908935356
-0.014968010116148418
-0.012797718383056609
-0.01334032955734105
-0.013050909540505428
-0.010124461557331356
-0.013307460316413449
-0.012221884467622965
-0.014812210468605728
-0.013733151734280776
-0.014019438147442345
-0.013091996789127831
-0.0099201090355332984
-0.014982624267775741
-0.011834557571591128
-0.015944626789830409
-0.013582225454417882
-0.01673495949061956
-0.01285762858262955
-0.011276263926965614
-0.014563944218673269
-0.013003214807196966
-0.015270755769307434
-0.013064285172611195
-0.016338343244991595
-0.014386796268138873
-0.011107304845235715
-0.015633295053239064
-0.012493170314052639
-0.015132461799211152
-0.012569988793995839
-0.015839359443751123
-0.015748731755861674
-0.012697827340539349
-0.015549914152616558
-0.012312149568506339
-0.014511636201722718
-0.01319520584468402
-0.010976796679501135
-0.014664031935532902
-0.012114829258136122
-0.014895984357202624
-0.0119628641432527
-0.013868886518820558
-0.014529889188917289
-0.010434185668104775
-0.014713573827427622
-0.011678760722836754
-0.016772155164225439
-0.013368315837768626
-0.014295336942146034
-0.013796661185501831
-0.010411002624382101
-0.01449073536693124
-0.013065851755262866
-0.016012528926237241
-0.014582995388369329
-0.014693272452850828
-0.013929849379099416
-0.010232378333409085
-0.016012440592482895
-0.01263734359553916
-0.017370806706523377
-0.014333177047735287
-0.017030427220422646
-0.013578757721784249
-0.011894159080776283
-0.015824753764854416
-0.013815422260788236
-0.017089665668077576
-0.014036403465484484
-0.018901180900601295
-0.015282752007319881
-0.011559247975377043
-0.015479747050223798
-0.013147663605173969
-0.016306634352461699
-0.01347634065809279
-0.01664033122032926
-0.015065059124355776
-0.013266608187039213
-0.016398839544868631
-0.013076041354132472
-0.015816560315196085
-0.013281150891565089
-0.015861781406836375
-0.016097838431975101
-0.013237871016699179
-0.016165002014313781
-0.012995165088926734
-0.015182772171499345
-0.015474288159148262
-0.011324036865096809
-0.015546525639395301
-0.012612302693125238
-0.015997215818736973
-0.014474936776829834
-0.015200376116628975
-0.015298754330523159
-0.011270086066718522
-0.015214769747969677
-0.013984570173874875
-0.01681954299646413
-0.014284628265900871
-0.015185283216387601
-0.014067839452576105
-0.01071198746903821
-0.014926128804172175
-0.013481135935604044
-0.016669398289713276
-0.015466221803930473
-0.017467451193684445
-0.014413388575473187
-0.010437248249537892
-0.016891075386398519
-0.012960947856050849
-0.017878114918503184
-0.01495896288077006
-0.019253826510896424
-0.013933181093777723
-0.01187324502606602
-0.016055005498646392
-0.0141294768389587
-0.016953065270618742
-0.014265310465529604
-0.016794968265993884
-0.015683060210096043
-0.011574784980627154
-0.01713256252615257
-0.013507503424294581
-0.016811461973248367
-0.013693594500600568
-0.015989421211784639
-0.016777007320755214
-0.013007961926343682
-0.016392139189892359
-0.013093233414641296
-0.015722041668653503
-0.014546953613133136
-0.011067963620437998
-0.01575598333161855
-0.012498626933453081
-0.015942993421640468
-0.013026960088031104
-0.015141054802118572
-0.014894502435005943
-0.010386058849252531
-0.01549921522648425
-0.011868338061451574
-0.017190435316692371
-0.013912517201664283
-0.015110558928483224
-0.013721574235418661
-0.0099937021379860845
-0.015025947073895341
-0.013231575359296439
-0.016147660849991575
-0.014391675847656143
-0.015958777236637856
-0.013373704389844591
-0.0096334318294006849
-0.015619710721687049
-0.012245913150347648
-0.016437288288560267
-0.010647676396149022
-0.015163762657750164
-0.0096441160379251312
-0.0073099460723872597
-0.011766314205782842
-0.0090676680290905157
-0.012303012892321151
-0.0091166056170993853
-0.014712410410981046
-0.010087775073392456
-0.0063313744762063173
-0.010850315225731707
-0.0082773080806509362
-0.010840642720526662
-0.0081931122443699052
-0.010386209935515832
-0.0095021505275869542
-0.0067567172502783638
-0.010636023625490898
-0.0077231305338781682
-0.010032107923735279
-0.007221001765744469
-0.0091332046513747135
-0.0099964124550261553
-0.0067797653849764553
-0.010118324400685302
-0.0076579187353333789
-0.0095394137607623698
-0.0090570216024550079
-0.0045067921248338975
-0.0096203680075686634
-0.0059638474670743137
-0.0097330880735413579
-0.0082703020892817957
-0.0097165116758429707
-0.008597195188978236
-0.0045977345916323872
-0.0091503919495588022
-0.0070022957876575273
-0.0099101916765603273
-0.00789616688593049
-0.0098972854106958164
-0.0079120875281404601
-0.0044788037252112625
-0.008896435390496539
-0.006591264832421841
-0.0095365291107742129
-0.0080143098747754698
-0.012386296169544736
-0.0079720661060132675
-0.004318256454361011
-0.0097275139129223906
-0.0058980608690048153
-0.0095865602816149528
-0.0074631310208307846
-0.012670826755912886
-0.0073585695450587522
-0.0053726277213659926
-0.0090312442645197749
-0.0065827421354295425
-0.0088101462237189562
-0.0067602324607454389
-0.011892367427929783
-0.0078262840670108927
-0.0046904277747525725
-0.0086509265149111534
-0.0060461737543046163
-0.0081063511809087111
-0.0059196971017064373
-0.0081026990780851561
-0.0079291585569655123
-0.0051872623295208991
-0.0081976636329872295
-0.005851169358461617
-0.0076738133401461905
-0.0062377353030805254
-0.0036311516135957983
-0.0070544911469856263
-0.0048369368724907455
-0.0073969648777536257
-0.0057650687754061593
-0.0073561668978325747
-0.0062641404590958044
-0.0026300780528487879
-0.0069358270111185621
-0.0039535423521974535
-0.0081136484203073959
-0.0060263014174390013
-0.0076415921357243666
-0.005567030994134436
-0.0027258177691299006
-0.0067257772025216709
-0.0049081936030697026
-0.0072623288984259389
-0.0064322386715108667
-0.0093406755423359102
-0.0057390491311234649
-0.0025691949790193789
-0.0072816227493327041
-0.0042501885328271004
-0.0073613035496640274
-0.0056822547924337777
-0.010895334478350203
-0.0050639207936860999
-0.003169984577009035
-0.0070023311801960791
-0.0044175880905802899
-0.0069462473188899067
-0.0049439998791074189
-0.010058327980979232
-0.0056253688686279824
-0.002826409902439896
-0.0065043963285898714
-0.0043069196537087063
-0.0062013775079337056
-0.004555443267411436
-0.005937794110683208
-0.0051829813218005408
-0.0031088530274232182
-0.0062560951364109413
-0.0040880044413238829
-0.00589532348518889
-0.0038676030305621503
-0.0055241009432122224
-0.0054201012470648522
-0.0032156443853195199
-0.0059808319297665509
-0.003991137427129198
-0.005553292253789888
-0.0041013914504367654
-0.0007171597059077334
-0.0048770029809909032
-0.0019840696898800834
-0.0053274340794924385
-0.0040046319685023389
-0.0058036875858388176
-0.0037518888573141044
-0.00028111639261680878
-0.0047023404252045081
-0.0023857154602779001
-0.0053001361167472434
-0.0036608579261210375
-0.0061812980034408908
-0.0030463785704251474
-0.00017141355996956438
-0.0044304605684747176
-0.0021448250839086959
-0.0049708699751843111
-0.0034519307429377688
-0.0085027448165401684
-0.0032057096388120833
-6.6978748645733725e-05
-0.004995005355883265
-0.0015797971432292958
-0.0048370696633834968
-0.003198690823914723
-0.0084153768095870853
-0.0028768529864184721
-0.00079464539509772826
-0.0046425685549272297
-0.0020002482219860082
-0.0042477108113276318
-0.0026915075958874797
-0.007149970756808675
-0.0030480393932812073
-0.00028082374799719476
-0.0040922651968240895
-0.0018030379564515089
-0.003890792516381246
-0.0020421286692697727
-0.0033690036819033686
-0.003337078576785453
-0.00074599582051098593
-0.0039777069003686183
-0.0019711762667228459
-0.0038374857931653739
-0.0021692753284707944
0.00068922056984399821
-0.0029062070320832523
-0.00074965697561514306
-0.0034132486356514653
-0.002031780545360348
-0.0038067510458758341
-0.0017822471364632444
0.0015286989967113565
-0.0029456227289541004
-6.9410454551379339e-05
-0.0038207015274733416
-0.0020502451435464686
-0.0046439629593466982
-0.0014807728434709925
0.0013395843484610833
-0.0028039964563720968
-0.00040228945153057851
-0.0031002309878958969
-0.0019022671665059338
-0.0065940430498900296
-0.0013320669082746686
0.0016097995918405519
-0.0027482344804685452
0.00035539290480308586
-0.002501303032799199
-0.00096157335916777155
-0.0072900033094243965
-0.00063862342245526744
0.0018035465283918078
-0.0024675452201336637
0.00067760341859686164
-0.002099056936317996
-4.1964584121834669e-05
-0.004557545395429824
-0.0006912328012849394
0.0019986105018003912
-0.0019641115456771495
0.00053926908055145395
-0.0015016847087508396
-3.8551971451764508e-05
-0.00016712422634667634
-0.0004445402373663283
0.0022230524323484553
-0.0015138718464702602
0.00049384627396609931
-0.0014957771711626201
0.0005003220763208897
-0.00036489523368821272
-0.00042741368770523875
0.0019233803347488572
-0.0013781031354169818
0.00047267549538849556
-0.001408992018377876
0.001084443034624588
0.0041444237756783076
-0.00025622400954564871
0.0025985480666335793
-0.00094318694777610352
0.00045592380999548584
-0.0018629769500911502
0.0010412020851886918
0.0044092388481379238
-0.00042349076289560731
0.0026037066895276541
-0.00062721296599736742
0.00074444273667898116
-0.0030886688133251023
0.0014933508880431428
0.0042301644318993754
-0.00025755682079910418
0.0024702200085902257
-0.00039783156697645832
0.0013459572243876266
-0.0053378056412143361
0.0011421411642761243
0.0042331970752586172
-0.00045979817506686002
0.0029413976233686116
0.00012932364374936833
0.0018006184830101051
-0.0040126473768407889
0.001574108364522915
0.0042402489270547492
-6.5673275422979419e-05
0.0033214135792002616
0.00076991051088033061
0.0024529616924693761
-0.0012573312159103313
0.0021681637244743627
0.004920414122846991
0.001212618907822952
0.0033002717996247809
0.001156597869292154
0.0030070216394093023
0.0031334090155630519
0.0023937937871030481
0.0052366549235486146
0.0011938372413872532
0.0030834197422813111
0.00093717992094073037
0.0033311121877612313
0.0068200692944122548
0.0024954189722992759
0.0049301958535274805
0.0015776582352205536
0.0027608291878758826
0.00066629544547564369
0.0039933875289508616
0.0073381253386535757
0.0021289925768049815
0.0053681262711757338
0.0015793287830231091
0.0029935949529300994
-0.0011800842458135024
0.0038714824365021286
0.0068445992644677071
0.0021133861955753711
0.0053784711333087556
0.0020745379798019388
0.0037140786414918089
-0.0027178289138409216
0.0037915753308773422
0.006738213873771548
0.0025335584626147746
0.0054278697840527898
0.0029998491020796366
0.0042075125128862301
-0.0029833270087601701
0.003970367013636766
0.0066668287453755717
0.002374835159009507
0.0059150179304758325
0.0032215721120557555
0.0049732034312445971
0.0012896890150623462
0.0042747013042639731
0.006333497630652731
0.0026508931149903979
0.0052653288787053677
0.0035381343979265976
0.0045831981074078354
0.0052829126834912643
0.004452941977504594
0.0071077379318712384
0.0036624559576181378
0.004989637288995272
0.0034036268612909009
0.0051354969583433446
0.0054751004407067524
0.0050369091699282052
0.006977893027962024
0.0038895226811045619
0.0053085742693852103
0.0034047231866667317
0.0070621419098939649
0.0095051310401148021
0.0052312700148955081
0.007855054616854833
0.0043805988463722452
0.0057360553680932819
0.0029358090946375046
0.0069005160588944629
0.0099403050101963836
0.0048616957076237713
0.0085102276642935234
0.0051523757986700934
0.0060011505682181863
0.00080608918270699869
0.0070860975065971925
0.0095831812402650523
0.0050129337566743922
0.0080947867722451182
0.0052695598647963969
0.0071766398840862394
-0.00021347928407354966
0.0064507773565359375
0.0094289121076926007
0.0052234511319962078
0.0083375068656483704
0.0061478328462674569
0.0073939755020004721
0.0023979601772801283
0.0066174051808060939
0.0095135573382425925
0.0052105890381088423
0.00892804138861664
0.0064672450512675925
0.0077621383166523589
0.0053408233664385607
0.0077112443174408444
0.0098612338579084757
0.0070510233953147428
0.0084308137047012684
0.0066884616232612427
0.0079327934399622598
0.0094417516293584022
0.0083560078675653394
0.010772664281695635
0.0068438572927684163
0.0080102190491535361
0.0061685177546341513
0.0086285411902092823
0.011896501428020933
0.0081849681203097595
0.010297010846602889
0.0072059719577911036
0.0076968333787658374
0.0057559156024752367
0.010196263310536422
0.012830227546421579
0.0078817677025561968
0.010890344662234845
0.0080054536847660972
0.0088948882492542874
0.003675589982703573
0.0103559292545795
0.012698120881218584
0.0082525964005548524
0.011742302813787331
0.0086322415400962946
0.010354369588404378
0.0029432877266153765
0.010393801183027235
0.012780938596458288
0.009433206263811604
0.011613624840557859
0.010205277887981187
0.010719942552227595
0.0034365443224312611
0.010403113773946046
0.013138196843553695
0.0090039415674591731
0.012512034533014235
0.01035783130870056
0.011375672003488234
0.0089414132007498807
0.011269298945894275
0.012864966774039879
0.0091632071627988452
0.011654599985849712
0.010361265327259037
0.010708945692810419
0.012885617194024403
0.011305720270189791
0.014230704203798083
0.010782819740163228
0.011135988804758192
0.01026260058217904
0.011189595206083074
0.013129175916820123
0.012361379943504048
0.014093635320725372
0.01109090600964884
0.011299079144628072
0.0099036056340178723
0.014548340240108735
0.016057373075401449
0.012113629994928175
0.014186496847100796
0.011395797232600213
0.012248397221568506
0.0093514905944065141
0.014115178453969392
0.016303765680281874
0.011779811992413075
0.015450151912976433
0.012913418563378486
0.012856101290020634
0.0073632019356141458
0.014381769504179354
0.015733252737615507
0.012113625360365757
0.015153584397603809
0.01320202828854968
0.015049158324486995
0.0073089835169903791
0.014262713345267755
0.015866535069633082
0.013855574748399891
0.018390713841062577
0.018147196536600095
0.018629245443498248
0.014324561767969828
0.017755493517321575
0.020374439793335985
0.016924455615916947
0.020333208382895276
0.01906093168170166
0.019510477610962369
0.018058486733929784
0.020014774038314996
0.020803667569118046
0.019819895270289652
0.019613834198305858
0.01921278423635157
0.019351210388882135
0.02220748956609683
0.021705738770319685
0.022943770233732414
0.019730276132436234
0.019193918253967719
0.018717238573327698
0.020229023542675018
0.021110091277321417
0.020713602192349287
0.022424647147826635
0.019718218391942849
0.018984094441912586
0.018104987889596514
0.022910741712303413
0.024173086383983342
0.020587233479199541
0.022389134505279469
0.022182641984917578
0.021163298975786341
0.016289293785605855
0.022136052948065494
0.02378152270476196
0.019975374484961131
0.02410736985625269
0.02147828059067939
0.023585660089152732
0.015284365550662652
0.021918606856871706
0.023115234579489594
0.022038535526156543
0.023131171719242099
0.023832374905217158
0.023061552177802723
0.016295949752556067
0.020987009230813938
0.024304791926102187
0.020859632186779092
0.024902012660807209
0.023271019094408599
0.023534769909485279
0.022032655020081397
0.023396780326233834
0.023927334724502706
0.020969829209000892
0.023784089264550199
0.023140672658253033
0.022786816172389843
0.026288158559797086
0.023209892180080963
0.026550890571505285
0.023232253604183281
0.022979292500675486
0.022204181934795109
0.022865306678861774
0.025813188971664819
0.025067591024699434
0.025948593667939283
0.023137945752640051
0.022528105944019029
0.021339519121700849
0.026939423101211914
0.027506070199020606
0.023986459947772078
0.025181040078259789
0.022315765922158611
0.024204037529646092
0.020566869044714248
0.025869164141388998
0.026869008354722945
0.023270283821487037
0.02710722709168828
0.024231262284724716
0.023655731991332928
0.018584814825785452
0.024882167241480683
0.025823906306386465
0.022514267554912017
0.025985369946957493
0.023585975320852513
0.025803494493596962
0.018250015489705906
0.024124191393916857
0.024739403685185155
0.024019472455106595
0.024994619074925926
0.025449376394562705
0.024884654924059557
0.021702935410125995
0.022840107346772873
0.025644902708701203
0.022440068584311839
0.02611712967718546
0.024388134819402538
0.024168492080296318
0.024256419240603934
0.024183653494605405
0.023092006926526611
0.024524160574564732
0.022993673308563049
0.023522404259359704
0.02204407918549171
0.026989900614773462
0.026018249105879
0.025417552964563009
0.023592681378271033
0.022118137495598524
0.022121951920958373
0.023917306617444241
0.025704002023345725
0.024654527621165882
0.024607027522146399
0.023274512932863076
0.0216522877924251
0.021158487750720465
0.026733260018534533
0.026288200708342688
0.02394977870637471
0.02457418903132453
0.025611559317062219
0.0238516401550753
0.019750707118380548
0.02564144135302877
0.025924742710383111
0.023293369423296396
0.026774648765933433
0.024624738267377565
0.026352127038888833
0.018930817434780742
0.024957467744867016
0.025321254330322625
0.025562208228885466
0.0256812740211451
0.027101317669313497
0.025823978856445232
0.021268058283933321
0.024050986035788584
0.026661605231099637
0.024295871773995923
0.027446972409652964
0.026443869112576568
0.025915100044964882
0.027279868471748719
0.026210067863703668
0.025834783712477164
0.023813013598590765
0.025926662185055131
0.025657445020832864
0.024444356624296282
0.030429686742894986
0.025553693916324696
0.028174175275482483
0.02576864840089476
0.024427970106283524
0.024248731095014756
0.024034114328951927
0.029411423042134933
0.027187613070261928
0.027416610755182917
0.025027707308398671
0.023964705416066871
0.022825557566069094
0.02885797716283511
0.028032714955997486
0.026003359856546681
0.026457595241822569
0.024575760212009776
0.025882042356405188
0.022246736217349898
0.027946551671710219
0.028104635367127043
0.025055338774879268
0.029015995415557303
0.026598851979818577
0.025767452066198637
0.020613804198889051
0.027192847933055115
0.027344723120304636
0.024660615937462063
0.027755154149808229
0.025989088822411379
0.028355640882842335
0.022254731471199937
0.026512183179482295
0.026699821447022279
0.026587916887119145
0.026893763641667165
0.027906032751917963
0.027711252380340948
0.026309134760204328
0.025272259222615379
0.027896972421131039
0.025222288895655882
0.028517026262352786
0.027150349584893825
0.026805859315110939
0.029298328951210619
0.027836063905291992
0.027435391848778402
0.028188695384381665
0.026935841826145755
0.02672720587145366
0.025745186252942105
0.031756123189499476
0.029988271218206537
0.029989173977234107
0.02720800306240493
0.025740602367911352
0.025059575396825916
0.02762028250444435
0.030187598770155231
0.027998309213259055
0.028759400068475289
0.026447913304970396
0.024893693571451915
0.023454134053451051
0.030303879158389183
0.029709450441762483
0.026997882921764593
0.027703908288088507
0.029055163145383624
0.027083486458567365
0.02220041298495725
0.028565813318639808
0.028945178533062946
0.025969630305171128
0.029935556054160296
0.027431231271933532
0.029864016281047696
0.021810322145737752
0.027912373179962272
0.028088312764220903
0.028650806234210801
0.028731383711055884
0.030301396208741539
0.029132248325578858
0.02466549178078515
0.026986297092976067
0.029728071292150864
0.02728845778945465
0.030943915500370317
0.029640436263973134
0.029445414681502569
0.031422930177241397
0.029464109113938149
0.029226681327007089
0.026924561680292117
0.029291736685702743
0.028806340082231551
0.027804324100740602
0.034682963497835555
0.028722932825719773
0.031809719102153591
0.029054731122589307
0.027564292461964995
0.027166680281923625
0.027180851758416613
0.033336271186868563
0.030599637977513593
0.031131035697505766
0.02820359129589722
0.026992656571757898
0.025054158001167164
0.032590316090149778
0.031488761663973568
0.029218301097988699
0.030009421966421791
0.027618897688659053
0.029133481822181062
0.024302497463304856
0.031535477696139493
0.031528146829808472
0.028074865684946562
0.032541478743310516
0.029907765691474127
0.028941316729225782
0.022886991048082846
0.030199833409352644
0.030477949109752933
0.027419116638939787
0.031103239623401953
0.028957380197736738
0.031801311397244937
0.025601182141274718
0.029395623320988069
0.029487472039746995
0.029505238920731997
0.029711275413294193
0.030937698224310837
0.030812100541283572
0.029845085413386353
0.027598138484609493
0.030827082579976739
0.027744520777877719
0.031580297830725558
0.029956053326382594
0.029846828063682697
0.0329766798268658
0.03060038532448963
0.030334381806314387
0.031043517121733758
0.029818819535748831
0.029501592492349894
0.028652006252089784
0.035437933508197461
0.032919710558152106
0.033242903785386593
0.029908619514010838
0.028398393041170839
0.026691043931596395
0.030754998415837939
0.033782898463720359
0.030816710695282728
0.032048386143434152
0.02904141480948888
0.027599526373644184
0.025048871747695101
0.033487807944850859
0.033017615880080897
0.029578059486308289
0.030652012130440196
0.031735531815589739
0.030042388745270768
0.024110608727494674
0.031466563704346015
0.032039539382283912
0.028509419859357791
0.03310218581268741
0.029940872757055495
0.032978316436250606
0.024555955669328548
0.030508526089776177
0.031018746225455623
0.031245670190237565
0.031617819449477461
0.032788155909185081
0.031904132883247817
0.027583798159361805
0.029307141055499988
0.032394184881652327
0.029516648608201308
0.033089112748686478
0.031704850995060187
0.031360861146542629
0.034009762575967876
0.031199103239611087
0.031050658255699446
0.028438913933060139
0.03104135587891366
0.030345109368219131
0.029179651860564516
0.035777621529936326
0.030063340163707618
0.032597695432536065
0.030389897717813502
0.028434125952935606
0.028437565666066839
0.028016643854478697
0.034160118000999398
0.031807956064690696
0.032012123058321337
0.029395168748696882
0.027809837669611603
0.02522104007712667
0.033858413001054688
0.032333215372287019
0.030371764769066535
0.030610391655883498
0.028762529783872039
0.030020627369958201
0.024494466129064616
0.032785046342852467
0.032210191051511385
0.029053408788126733
0.033425394897534086
0.031042238451141298
0.029871018901262762
0.023578244013736285
0.03134657801588623
0.031184085704690511
0.028448887901061717
0.032024455196154523
0.030038452877050013
0.032584217293933161
0.026848899811762042
0.030446466162317661
0.030210955419979799
0.030620959348954181
0.030477364739686832
0.032016034642743531
0.031575337731731545
0.031600855133289349
0.02862868847643546
0.031721856498909247
0.028814337771845746
0.032337373788728627
0.031020255185436049
0.030562058772128916
0.034449826599670344
0.031567198476789279
0.03103805871111838
0.032057196631348907
0.030467736404600845
0.030420560443017233
0.029226035621315438
0.036262648195677809
0.03383454451039114
0.033826293127017341
0.030882877531249405
0.028841987020947497
0.026866477089410565
0.031359643122833826
0.034505124939080117
0.031546497155238995
0.032631841101292018
0.029697110111517579
0.028075341222297025
0.025081969864759256
0.034275895274524543
0.033133550005339532
0.030373099714836073
0.031081198317460423
0.032710503446249914
0.030767181077442671
0.024924142694938811
0.032409620922019391
0.03272213600160314
0.02931580636400731
0.034044561572780054
0.030984664767303969
0.034099310258557947
0.025731776959993576
0.031676038745725291
0.031906737176479204
0.032376029856112598
0.032602858284728309
0.034056996323436735
0.033152958391634325
0.029542865257809407
0.030530693161372118
0.033656363065961065
0.030772233975737254
0.034199659491376641
0.032968722546751913
0.032761794650412096
0.036277490999930058
0.032609078345362995
0.03231859928373032
0.029745234310782513
0.03226136640029597
0.031681994932339655
0.030581228552275432
0.038002579035929511
0.031626166148811495
0.0346366418941167
0.031907708136183682
0.030075309242678434
0.029846480540959321
0.029705877951650944
0.03643780616939659
0.033534219174473801
0.034182137250554266
0.030923086010983064
0.029309253321530442
0.026284676168418342
0.035694654878594002
0.034499617936137726
0.031888133168306139
0.03250624689792897
0.030132738952103968
0.031580246757988158
0.025400427748623156
0.034468656678882166
0.033842009406743319
0.030410210622719421
0.034903150091480983
0.032538151201404991
0.031283191419000732
0.025088566683293383
0.032343246569302292
0.032357787875220666
0.029510381351520187
0.03330508506737493
0.031243400545916115
0.034131712805840521
0.028677621637742113
0.03158677110666927
0.031177971879133227
0.031960125333079466
0.031683233643580534
0.03340081639161973
0.033096352036206748
0.033594527696521201
0.029907185904987935
0.032990835784016126
0.030092506222209534
0.033955972319877521
0.032472030457981055
0.032325924125868356
0.036771572833257292
0.033191162176105286
0.032746075044619502
0.033670722121659016
0.032117331768782356
0.031942293093082968
0.030977103221408252
0.038390240849896735
0.035612604174194755
0.035742083137924818
0.032579914334234156
0.030431065248707288
0.028092456160646994
0.033074809567990457
0.036634402241340715
0.033278190647217196
0.03469632001913759
0.031327764848370875
0.02975692104630067
0.026293393064032149
0.036185064776900026
0.034930620992399644
0.032188862128588305
0.033042494570340364
0.034651583916881085
0.032693281773470396
0.027562071057211097
0.03410190912814666
0.03461263120314606
0.030931235325670197
0.03595985067282223
0.032748483587920582
0.036141003893814645
0.028503355394845338
0.033179156544260874
0.033597220428493543
0.0339181160268767
0.034408933359811017
0.035753169557912967
0.035102442469820742
0.032344958206582522
0.031898858287813109
0.035292034221850226
0.03212064248948495
0.03565312354603116
0.034364472166218706
0.034423397590432059
0.038596957935262591
0.033650017884574966
0.033858014394635046
0.030840489095929499
0.033854891713576835
0.03294724100352555
0.032405772679801312
0.040152394347868187
0.032901130454187806
0.036547925872801583
0.033348879216130771
0.03207228576360345
0.031137341189902412
0.031405150225398318
0.038839873392989756
0.034989084580247347
0.036243431762818593
0.032363147151064725
0.031238863933356762
0.028055221543811387
0.037298970898388829
0.036856694941282998
0.033306889083859724
0.03447033717714542
0.031366427879144225
0.033578113710956134
0.027070301956347798
0.036046172523369571
0.035932402093199582
0.031658181326473918
0.036741146819972328
0.033596842994770969
0.033191801823127233
0.027711329015035025
0.033882237306423618
0.034460537852887579
0.030759004204699486
0.035231384398402073
0.032215799341814705
0.036154442647788755
0.031581145292432042
0.032960937300994447
0.033101142117698025
0.033243363348979843
0.033233069036280677
0.034041010143379576
0.034604024151294974
0.036109594496823293
0.030764818912347541
0.034493374287923463
0.030920991609565313
0.034866858536115868
0.032651168796305342
0.032768075498609016
0.038359776475274797
0.03308540687853944
0.033089027138411241
0.033222489489969309
0.032438940327852328
0.031328076057627788
0.030488833227657625
0.035999747421389242
0.034581716090780847
0.03337148405641744
0.031515255848584771
0.029120019927350124
0.027902254837984173
0.031341615506073749
0.03400585712688086
0.031966206917909003
0.032514201880853105
0.030086355199155101
0.028316845827419321
0.025920550690071785
0.034451852914986932
0.032548706568353444
0.030820142548758596
0.030513991172974909
0.033139158238684324
0.030816878897722531
0.027390350951034863
0.032461622907874285
0.032200188309100139
0.029459682383505967
0.033638445161486182
0.031128155340424159
0.034123553308323798
0.028381174511059159
0.0316247802848812
0.031194345202559069
0.032406385455123171
0.032022007680708668
0.033757411552404207
0.032758321686870935
0.032419227036681438
0.030141468810298361
0.032903100446632562
0.030691584341636106
0.033370681519470632
0.032486517848784646
0.032064542350796886
0.03832802981139892
0.032047793654778306
0.031603547036174275
0.029387279606014546
0.031708093297222843
0.031090449204517014
0.029918327542756182
0.036926002780977983
0.030908715933770696
0.033698366792561975
0.031478617334203193
0.029805819460635732
0.029245595330887574
0.028837789320361528
0.035658158523064427
0.032878280288247561
0.033368899846731179
0.030647957892638505
0.028887903883898721
0.026753386007357653
0.034704223519911356
0.03392989310615064
0.031123303282091806
0.031478457656932059
0.029244955275048411
0.031157303831194815
0.025565945651635138
0.033606962928398161
0.032606567051672086
0.029777357593565437
0.033768828740666536
0.031717148070463115
0.030888726895885985
0.026779909185501112
0.031840209905163841
0.031886112589608294
0.029002772982883302
0.032802427754029855
0.030504871552562804
0.0337969220235394
0.03107028027974746
0.031253917268601154
0.030711581592384619
0.031605874873799927
0.030904777063926556
0.03243432467285623
0.032769365947499907
0.036043845846809336
0.02930395529290384
0.032514687483085274
0.029663585897047262
0.032853389491896222
0.031220072944414208
0.031472785382695129
0.038170100343642176
0.031776094342304592
0.031355767084714159
0.032408954520211163
0.030961576861323472
0.030346900142430414
0.029566731345603114
0.036530162721281373
0.034220611447418996
0.033893543612298974
0.03133924121297238
0.029473845620561694
0.028028875453768604
0.031539246689266588
0.034765143334574533
0.031883456762449656
0.033147730234960315
0.029792017277632067
0.028591762344788538
0.026135555319589804
0.034468129878883133
0.033235550069745906
0.030643855074372662
0.03101637742737149
0.032908541932443421
0.031054951412833778
0.027758919569789948
0.032429080439506958
0.032522150643796627
0.029319097450707859
0.033505111088634437
0.030839482170849898
0.034120794183191021
0.02882613911617608
0.030935746345444274
0.031020234733715426
0.031862078993213409
0.031700607892399153
0.033159804479819921
0.032745346423788582
0.032659029581635836
0.029683199215309406
0.032516477689739226
0.03034097008885785
0.033142693134178079
0.032023459405794791
0.032000969975901281
0.037798127477051253
0.031596787316233263
0.031337296033416742
0.029028314247674238
0.031597792336016978
0.030634761636667739
0.030002221939129551
0.036693476346068447
0.030546556387809242
0.033544462929458535
0.031218882143333782
0.029786664099866984
0.028905584201395818
0.028934801977756854
0.035726417907650666
0.032570271767568888
0.033272955452602372
0.030392930906736997
0.028854542968834305
0.026871043333403295
0.034524365853335889
0.033944383111293996
0.030866222130134721
0.031478505043727359
0.029050944915790272
0.031055144887509278
0.025822099040733796
0.033381044038791455
0.032621513787241013
0.0296433074299715
0.033697255827882466
0.031498427219230921
0.030746130520834657
0.02721044840776413
0.031471290006501264
0.031732021868193024
0.028720795586858458
0.032569639998949261
0.030183531505526651
0.033554061234236453
0.031473666782875061
0.030738677997964398
0.030460141751163655
0.03109744829805515
0.030657594404182743
0.031941546676476695
0.032488474876939184
0.035832163699876032
0.028700659559937683
0.032025398424813424
0.029055604403220203
0.032184334729280305
0.030499067217451298
0.030974562880334275
0.03736790603575902
0.030674915527432116
0.030759768483067149
0.031483225350691056
0.030501486702366378
0.02951943341613613
0.029212172533439745
0.035931479651418345
0.033263437781850612
0.03320217610970775
0.030540597369034191
0.0291100070065765
0.027836354142930991
0.030984310476523218
0.034446082034231822
0.030904541452554637
0.032534012723132853
0.028942352127849763
0.028186932272212688
0.025904725666428541
0.033444905198947696
0.032831217630458549
0.029770788847706245
0.030438246811360255
0.031935713885121932
0.03049342264203897
0.027644773867805221
0.031438007413676659
0.032055083020033556
0.028318788264230555
0.032753101725905835
0.029563164794318152
0.033419738233185087
0.028814562170469696
0.030162662581574694
0.030638459478733587
0.030937677292030279
0.03101668280337503
0.031925258973254836
0.03213342177288888
0.032610116253009656
0.028790780889998216
0.032038774284089591
0.029288583174486824
0.032321121441589967
0.030366888240680782
0.031038565806861158
0.036591042648691209
0.030214133184159768
0.030506948317220037
0.027760861566338554
0.030364097594987122
0.028827306214205314
0.028410328433916259
0.035215472415246224
0.028544468434519396
0.031706565386806509
0.028767280488187292
0.028178122241880002
0.026524836385866085
0.026709355579837186
0.031201243275022675
0.029563830873586865
0.02908576366489065
0.027456292179582436
0.025666445214142818
0.024773982236925441
0.030449945900221494
0.029522531565518075
0.027587492171214738
0.027606326376452713
0.026024657743112162
0.027516308238751338
0.023510381835176942
0.029665336444226174
0.028271881257539929
0.026544639914268652
0.029330480504305249
0.028187998285370029
0.027020448921362242
0.025007829214151456
0.027948866952622241
0.027650751846539302
0.025524540941928509
0.028464716754745791
0.026704331949268831
0.029727158409366881
0.029426769548946512
0.027421393831846979
0.026427991464288755
0.027810580529311634
0.026597996848547398
0.02822851261346836
0.028221251939317411
0.033313609280934228
0.025292489436713004
0.027918674090126969
0.025719025279676448
0.028119249529328576
0.026818108832457169
0.026947607998934916
0.032288084611732493
0.027301922584980241
0.026743660469222982
0.027995816799206215
0.026680378135718347
0.026106627264682911
0.025402723605294664
0.031015925318224547
0.029276135091407682
0.028899367195338171
0.027037488470915312
0.025539070925004379
0.025117662155637904
0.0271927829378419
0.029764369499704183
0.027254316511450299
0.028148571297556942
0.025745317202998379
0.024596544265009204
0.02341530007289077
0.02920525989672066
0.028432913161709029
0.026069666291529812
0.026184037354207042
0.027789918293603926
0.026577432090309813
0.02492609043850132
0.02736540833312372
0.027335440695591118
0.024875342897037439
0.028153731451650094
0.025929217294359541
0.028847938651501488
0.026484353534744872
0.026361171557582191
0.026615405680880191
0.027086134782396243
0.02698022721789612
0.027970475026015518
0.028042285863884023
0.030175044419530703
0.025423861821069146
0.027771463156773969
0.025669661044045066
0.028106181000362367
0.026791668629615961
0.027212987806936408
0.031714189737198736
0.026641060791859163
0.026793036780866052
0.024557002442194161
0.026672080868936521
0.025425297697869213
0.02542389564698851
0.030840107285916515
0.025374999828244597
0.027929702670624758
0.025827772991433458
0.024928565676568447
0.023641740710802696
0.024121067884274393
0.029595771123013048
0.027087262711811617
0.027443329261907342
0.02488917624568332
0.02412036336604953
0.023161127662282007
0.028367423715180824
0.028140079751033092
0.025516731105019778
0.02617133700011863
0.023681917311618433
0.025435761059037755
0.02202482818187794
0.027360952669034388
0.026721667531630824
0.024339275161623673
0.027293321326486399
0.025493666474353038
0.024818415477768085
0.023451923565197832
0.025679694913907727
0.025635262592239028
0.023230849519014461
0.025770825435710368
0.023909294793988078
0.026730024753736349
0.027664559116609883
0.023529339859689968
0.022843676743864939
0.024014287272051498
0.023076274201169065
0.024339603934418794
0.024619851482462041
0.02829837683347787
0.021800410719737786
0.023815802248138018
0.022459539139294257
0.024224014961023371
0.023140570447865164
0.023367849012405868
0.027763605698752806
0.02346362960625558
0.023032215184781275
0.024083424045923819
0.023437375887819124
0.022356213970251535
0.022198123012712991
0.027122191181552471
0.025619474139659003
0.025062236468788846
0.023468930229723475
0.022466425720465318
0.023155703556206782
0.023705320284486648
0.026400299755565959
0.023731508802132848
0.024702070291051325
0.022248371027067428
0.02175292671122727
0.021430583248858822
0.025185957117883895
0.024942059650070899
0.022742631185650522
0.023001515957734853
0.02424030096291677
0.023353750335005221
0.023462369825291107
0.023579138884415884
0.024119321867975448
0.021736855030629283
0.024760659765254184
0.022403394048511539
0.025514879079785981
0.025264843064259992
0.022753060403136474
0.02318818837499486
0.023368630687091864
0.023508188889462253
0.02396232732559889
0.024374871306211392
0.02827879207125629
0.02157194595902345
0.024192464486762068
0.021573783709557988
0.024526792561482508
0.022427411055992521
0.023484976919558392
0.027183254602118612
0.022092665021525772
0.022957715501833988
0.020295571817683978
0.022225248406663546
0.019915074897699461
0.021218002156848728
0.025868392837643438
0.019144866961780915
0.023127143200956365
0.019708330900685918
0.02114513773534497
0.018037037387209784
0.019993776219857526
0.024771708716771194
0.020907777833448386
0.022295777359113082
0.019210780551425818
0.020218571016651272
0.01927612618651119
0.021161967102416732
0.023604057223535469
0.019028747357059745
0.021270212046155965
0.017657272342484129
0.021145796531237063
0.017851373887564678
0.020593656644272144
0.021916608899828726
0.018382517199453229
0.021883617277388617
0.019029116569303978
0.020254267300257148
0.019524253754569169
0.019046307391514763
0.020928144937214326
0.016798388265344587
0.019972526631971268
0.015872914528833611
0.021327386145254725
0.022460286732614024
0.017814659916906395
0.018880903002702072
0.018086250699289378
0.018406526165507479
0.016674509926890495
0.01982675455690347
0.023075498977442717
0.016008475013517667
0.019516014075363363
0.016472669292760901
0.019034575648689309
0.014007565869141805
0.01704421798218457
0.021363638975467333
0.01541722332443075
0.01768991007573038
0.014458560138548966
0.017233854523788901
0.012836858281627939
0.013906514443859526
0.019945825055820498
0.014992951400129908
0.016375965400611075
0.010637060882377682
0.014367855775799956
0.011419352347411399
0.012356814435977696
